03:14:19.263 [main] INFO  GenerateLogData$ - Log data generator started...
03:14:19.459 [main] WARN  HelperUtils.Parameters$ - Max count 100 is used to create records instead of timeouts
03:14:20.283 [scala-execution-context-global-11] WARN  HelperUtils.Parameters$ - s%]s,+2k|D}K7b/XCwG&@7HDPR8z
03:14:21.089 [scala-execution-context-global-11] INFO  HelperUtils.Parameters$ - ;kNI&V%v<c#eSDK@lPY(
03:14:22.018 [scala-execution-context-global-11] INFO  HelperUtils.Parameters$ - l9]|92!uHUQ/IVcz~(;.Uz%K*5jTUd08
03:14:22.936 [scala-execution-context-global-11] INFO  HelperUtils.Parameters$ - G3sw7^U<^q^Cl!aMTDbNz<:$;?e<.0JD_'
03:14:23.667 [scala-execution-context-global-11] WARN  HelperUtils.Parameters$ - A><YFqpg+~"E1T
03:14:24.544 [scala-execution-context-global-11] DEBUG HelperUtils.Parameters$ - JrQB;P0"&+6;&Dk-
03:14:24.736 [scala-execution-context-global-11] INFO  HelperUtils.Parameters$ - OsI1`qAeU5H;\+
03:14:25.107 [scala-execution-context-global-11] INFO  HelperUtils.Parameters$ - [h!Q9PEY>L(NpKLBO"Gjo:=4kRXQ_tZ!
03:14:25.431 [scala-execution-context-global-11] INFO  HelperUtils.Parameters$ - B?y&C"C5rsb:2037;f&|vM#x?z|Ny|&<44Z8B&rF1#&M
03:14:25.856 [scala-execution-context-global-11] WARN  HelperUtils.Parameters$ - x2oBSI0/\%CdfV2%ChSsnZ7vJo=2qJqZ%."kbc!0ne`y&m
03:14:26.221 [scala-execution-context-global-11] ERROR HelperUtils.Parameters$ - ihu}!A2]*07}|,lc
03:14:26.955 [scala-execution-context-global-11] INFO  HelperUtils.Parameters$ - CC]>~R#,^#0JWyESarZdETDcvk)Yk'I?
03:14:27.500 [scala-execution-context-global-11] WARN  HelperUtils.Parameters$ - Swq;g+6M:?820=Gmd#.p)sFaqoKc^mm](.A8Z-4-].tp|cfR\~rc(m^{
03:14:28.147 [scala-execution-context-global-11] INFO  HelperUtils.Parameters$ - zXK=Fze%-6Iv-^q{zhG|EUzvd);tOj-:
03:14:28.276 [scala-execution-context-global-11] INFO  HelperUtils.Parameters$ - ^<A>61@{3[KEk@M/Xh-q%sco3Dkwq~
03:14:28.409 [scala-execution-context-global-11] WARN  HelperUtils.Parameters$ - Bv^B8Re'$VG)[P".g*?f<G\l5n.18B|i<E&rgPQZ;wBeA{4O/fy+Pp
03:14:28.648 [scala-execution-context-global-11] WARN  HelperUtils.Parameters$ - k1H+R#/%d0>Q>N:6\enT]U
03:14:29.005 [scala-execution-context-global-11] INFO  HelperUtils.Parameters$ - 8G;,3m_T`G#H]&Yh:Ei1%fp''5`cg3ag1E6rcg3ag1be2cf3U9v%<Bqz8fMm#{JWqMdoc_2N/|wf8]
03:14:29.950 [scala-execution-context-global-11] DEBUG HelperUtils.Parameters$ - qYk4OoM&F4UWC>S%?>WN<JWI&p1Dtq+};v.L&rtz9*
03:14:30.191 [scala-execution-context-global-11] WARN  HelperUtils.Parameters$ - ~d%Lynt8A"2<,[k=t`R`yRh"E+\ae0be3G8scg1cg0L9gY9wJ6nOY*H0;-%0'ZF`8(BR2ynx4}yD]_
03:14:30.439 [scala-execution-context-global-11] INFO  HelperUtils.Parameters$ - es+K&WP6iae2cg1H7gbe2^;\q;u
03:14:31.291 [scala-execution-context-global-11] DEBUG HelperUtils.Parameters$ - -;7f~wvYhDPwaoW{Y!N]=^9k`3qXg+/6W\
03:14:32.111 [scala-execution-context-global-11] INFO  HelperUtils.Parameters$ - Z\.o99zx1l;\JRgX&L/?|r.T>`V[X'7cySNwJa{543;;G7xKny\@~<Ij4+Y-
03:14:33.067 [scala-execution-context-global-11] INFO  HelperUtils.Parameters$ - 68C)gPQdF('Od"szfQl`OS|y}=(_a9{}<YM>)gn6Nl
03:14:33.451 [scala-execution-context-global-11] INFO  HelperUtils.Parameters$ - qxi;a!V\YC57'0qq2.0-z'#FS;(L\(AU0/<1pr`+x<\T
03:14:34.173 [scala-execution-context-global-11] INFO  HelperUtils.Parameters$ - {z)_eHdXdTe?G##$JGTtW4dJGHlF|=,tAD2H+6%J<;E+q,3O*;<e|6g4
03:14:34.295 [scala-execution-context-global-11] WARN  HelperUtils.Parameters$ - g+6#X.,p*iZW>PyLR@pq/"gcvjzf&wFx2*pv"^u$wLd+Ylm*NiEc
03:14:34.535 [scala-execution-context-global-11] INFO  HelperUtils.Parameters$ - |qai1UEZ:ar63S7teNTY~H@ILu8c8oQd?i'eU3
03:14:35.322 [scala-execution-context-global-11] INFO  HelperUtils.Parameters$ - '<GW{J58w>6Cp"PoC%n^
03:14:36.263 [scala-execution-context-global-11] WARN  HelperUtils.Parameters$ - oh~},(~AEuA^O\[`d\3Y)e]d6W2E4\L]r0w/`8XAs;(r
03:14:36.921 [scala-execution-context-global-11] ERROR HelperUtils.Parameters$ - ++p\_Xj3c):0mF+hCxY)@iO;T^:iIz^Lu00gG6}5KJCy
03:14:37.666 [scala-execution-context-global-11] WARN  HelperUtils.Parameters$ - RkqWYBHA,e|Zn[Uo3X
03:14:37.767 [scala-execution-context-global-11] WARN  HelperUtils.Parameters$ - 3U>N]r>pT<0tx".{/$
03:14:38.767 [scala-execution-context-global-11] INFO  HelperUtils.Parameters$ - 1&g{7=]gY-c)_e]>aJ"q8;kUT#<A*2N5wce1W7uP5jE9oH2cZ4CJV*?*Q|T:7s54nt:,v)R;|LL
03:14:39.070 [scala-execution-context-global-11] INFO  HelperUtils.Parameters$ - PM[`cu'<Id<nE`}):o]PCrl|}Gg=%Lt9W-yG
03:14:39.994 [scala-execution-context-global-11] INFO  HelperUtils.Parameters$ - &W'2l6LUPP:$d7S}25MmbY~e}0}d@ke=9?-h`tXw6ak^]ykZm9
03:14:40.120 [scala-execution-context-global-11] WARN  HelperUtils.Parameters$ - [A?Xz3Den,pfI+FJ5MkQH6Gcv+AD:Q4Ha'+Q=kw#)^8(1kn_D`cJdKbo}_i|
03:14:40.446 [scala-execution-context-global-11] WARN  HelperUtils.Parameters$ - MU$UGW"/a8Gr3C`\wL|uC_O*j'1GJ\AA[@D|`a'NxfR0
03:14:41.271 [scala-execution-context-global-11] DEBUG HelperUtils.Parameters$ - !pUpLyOWc/|H\P^\{yS>R}]z
03:14:42.049 [scala-execution-context-global-11] INFO  HelperUtils.Parameters$ - D/c(z9_[+;$t$@,-
03:14:42.447 [scala-execution-context-global-11] WARN  HelperUtils.Parameters$ - 3e'ush-ZX4WS|1L(vSod
03:14:42.747 [scala-execution-context-global-11] INFO  HelperUtils.Parameters$ - #rwOUfEcyvjTfNfU6\pe^?#=WS5gt)@HmK__=>{sLk$hrr
03:14:43.631 [scala-execution-context-global-11] INFO  HelperUtils.Parameters$ - +>yZ"NjTIccutLk:_Xk)M(46DW>HLZxxIz`^U<5x_$N+H*8u3<EV{U)&O+VK
03:14:43.742 [scala-execution-context-global-11] INFO  HelperUtils.Parameters$ - l[[TztK6z@~jYzF~%*td%jv`N8*GW(q<8RE&t|sM|S3OUl%?dD4w3uVBU<L,
03:14:44.458 [scala-execution-context-global-11] DEBUG HelperUtils.Parameters$ - G[5Spuj8.QbBHGkNX{M|@#Tz4V7jSeO,UqPr=E[<k)B.
03:14:45.080 [scala-execution-context-global-11] WARN  HelperUtils.Parameters$ - nyo!=K*qh01_BT9^0$fAv8^'Y^f&xI<^CuE^Vy
03:14:45.295 [scala-execution-context-global-11] INFO  HelperUtils.Parameters$ - ?OH)(P`Y\fQ=m|R('J|Q
03:14:46.128 [scala-execution-context-global-11] INFO  HelperUtils.Parameters$ - jX&pNe:UknV!
03:14:46.742 [scala-execution-context-global-11] INFO  HelperUtils.Parameters$ - r5"[_UPgLFKXH%ggjc#oW=Jl7g75*'bSZ[_4cJ"r`Z^F
03:14:46.864 [scala-execution-context-global-11] INFO  HelperUtils.Parameters$ - KZ_RREOq=69|4[?Efocl0}m5S)8_jM)-LmMA
03:14:47.001 [scala-execution-context-global-11] INFO  HelperUtils.Parameters$ - rAT~QS]3l9&+cq
03:14:47.755 [scala-execution-context-global-11] INFO  HelperUtils.Parameters$ - %^9?R<~ry9`bI5
03:14:47.773 [scala-execution-context-global-11] INFO  HelperUtils.Parameters$ - `xQZcK2I+p5l,b#opL;5X)OM"bg2ae2be1X7qD5pL9o,T5lQr-6.47+c~b1g[j_)=bnD
03:14:48.007 [scala-execution-context-global-11] INFO  HelperUtils.Parameters$ - t;T@7&elj{zf,vZ-c'heH7rJx~B]y]m=|}KlK9Cg`c>;
03:14:48.423 [scala-execution-context-global-11] WARN  HelperUtils.Parameters$ - G'/-#NAd$WXXuv>2/|xL20~`YZX*
03:14:49.247 [scala-execution-context-global-11] WARN  HelperUtils.Parameters$ - X?a"U*G"'{,MzzpDcjlJIj{gAsr+Zz{2x3R+*3a%.""Bf+
03:14:49.676 [scala-execution-context-global-11] INFO  HelperUtils.Parameters$ - R'pvPC+LA$!/{8q''Ap^t4Io`cFw^C;="gg}C4FbrXusAe#UTz8Koc
03:14:50.492 [scala-execution-context-global-11] INFO  HelperUtils.Parameters$ - g/mtJ'0LU,[0$..;Hx,$*x^<QAzA}Nd1M-
03:14:50.831 [scala-execution-context-global-11] WARN  HelperUtils.Parameters$ - vg>GD}Y+]e6&drHvei?f;?Fu=b'64^O#nP<T{pF2;5}B^x9j
03:14:51.216 [scala-execution-context-global-11] WARN  HelperUtils.Parameters$ - zMd!s.0V3:=[mx/uERL#oB.k
03:14:51.573 [scala-execution-context-global-11] INFO  HelperUtils.Parameters$ - Du%*N0y2tdLO
03:14:52.538 [scala-execution-context-global-11] INFO  HelperUtils.Parameters$ - zN^+;EJ2LRB>A>.JL@x@gY~{\:,mMPcXN~SV|9dD&7BS5O
03:14:53.444 [scala-execution-context-global-11] INFO  HelperUtils.Parameters$ - :,:+)a8gKN(P!;:+E{50I&Gl{W!WI?E?"-Osj(;k/&
03:14:53.785 [scala-execution-context-global-11] DEBUG HelperUtils.Parameters$ - :=|J*`V5N)-"cVf{PH
03:14:53.899 [scala-execution-context-global-11] INFO  HelperUtils.Parameters$ - '.mMG/94qjD[S%0{DI?2>@pG|j:.P-o[-Jx[dL
03:14:54.425 [scala-execution-context-global-11] INFO  HelperUtils.Parameters$ - "Uej71tbL|ouDJ76R1s~ggo|Mz@~|P.Y;et^)IX=[%S+#uy0<t#;`Wj)
03:14:55.217 [scala-execution-context-global-11] INFO  HelperUtils.Parameters$ - Z-4h%hnNR{kP&L
03:14:55.912 [scala-execution-context-global-11] INFO  HelperUtils.Parameters$ - '!4v]vbHYw,JwdkL5i5w^?r6q}88h4k>.*[v%luB`/VY
03:14:56.502 [scala-execution-context-global-11] INFO  HelperUtils.Parameters$ - c)2As^bf3T5sbe3cf3N6hcg1ae2K6vbe0ce3R8fdL(GYe
03:14:57.449 [scala-execution-context-global-11] INFO  HelperUtils.Parameters$ - PU],7nn;OV5pR5Y5Onc,Q&qX$tpfea&W7syElWnR8-)-i,ytzk
03:14:57.924 [scala-execution-context-global-11] WARN  HelperUtils.Parameters$ - E!LKEP2j4m>:GD%kVIN?<8
03:14:58.199 [scala-execution-context-global-11] INFO  HelperUtils.Parameters$ - gnOG`ge6DYj1,ZUCX)i(-y^_w8O7
03:14:58.362 [scala-execution-context-global-11] WARN  HelperUtils.Parameters$ - p{N@u,o7pJ,l\$dh`XP{<s/zp\hcf1cf0J7qX9rC5jcf0o:8Ja?_8^.}^E/K;g<'hXyco;53
03:14:59.135 [scala-execution-context-global-11] INFO  HelperUtils.Parameters$ - +DSZ6zf)}/z&\'%|UA<:?TUm$c$_(DJ(
03:14:59.529 [scala-execution-context-global-11] INFO  HelperUtils.Parameters$ - Y$xS6}ukTzufQX<T1N~>x[!}I&~Xog<SlF.WTbrJiu9A}@FnlF8AYy
03:15:00.270 [scala-execution-context-global-11] INFO  HelperUtils.Parameters$ - SS?u<c{04ba7{5C`5aLSTav|:=\Wy-b'*3a:F?mi
03:15:00.595 [scala-execution-context-global-11] INFO  HelperUtils.Parameters$ - mcUYJBiMg<J*EjKs3OL#A*AbVO2?<eU/UdD%0'3oN%3a
03:15:01.065 [scala-execution-context-global-11] WARN  HelperUtils.Parameters$ - Z`~{vp<_F#i[
03:15:01.174 [scala-execution-context-global-11] INFO  HelperUtils.Parameters$ - @M?80&/G4@`S=pSG>#v{I`
03:15:01.243 [scala-execution-context-global-11] INFO  HelperUtils.Parameters$ - f'I/\Ot8<8o(7JP2!;S2*D>-%0;f_K5aB(DQtoq@2`wU:m>v`'g8{r
03:15:02.168 [scala-execution-context-global-11] INFO  HelperUtils.Parameters$ - uz]V,~[0dV''u"$PjlNWnc\R)vi$ib!5'#OM_TK{iVpD=MUepDbSDw
03:15:02.769 [scala-execution-context-global-11] INFO  HelperUtils.Parameters$ - AfPeIluomSktViLW-G':jl5?=##^qj:0gU6F}@2OW2NGi-w[z[
03:15:03.295 [scala-execution-context-global-11] WARN  HelperUtils.Parameters$ - R7t"D0_H1;:vz%GuF1p|\to8I=
03:15:03.632 [scala-execution-context-global-11] INFO  HelperUtils.Parameters$ - m\\HH{^:97Y*v'C.[6B6|^/v@4nHt}RTDeYz3wm7
03:15:03.981 [scala-execution-context-global-11] WARN  HelperUtils.Parameters$ - I8'obG%rWI~Q<;odal*z7gf5-mKx;X7t{0EG
03:15:04.321 [scala-execution-context-global-11] WARN  HelperUtils.Parameters$ - 9@SxBpW_!6gG/Yi(+`8yOQ*TY\Lb/XI37-aj()[JZ]C*9`*EmD"7lwGFhj
03:15:04.935 [scala-execution-context-global-11] INFO  HelperUtils.Parameters$ - gm\YCRYRHy.cS*Zc
03:15:05.222 [scala-execution-context-global-11] INFO  HelperUtils.Parameters$ - FA$%AD~8{xIq5jO}q&U}I<uZQVgOgr>iu9KSmtf2
03:15:05.702 [scala-execution-context-global-11] INFO  HelperUtils.Parameters$ - G|`;,LK{-?$,j(2DjsJn6I~%nx
03:15:06.673 [scala-execution-context-global-11] INFO  HelperUtils.Parameters$ - 1T$<A7Rc@D|Lb7xw*aj%G1GltNjw.)q4m5IeH?n%<;.h]7HS~zl)SX_i8C
03:15:06.826 [scala-execution-context-global-11] INFO  HelperUtils.Parameters$ - ,g&:#E"FQLSX|)}jQ<4lhWu'Hipk9N^^X0F@yM,aM4j1v9N;aOs3k[N$tC
03:15:07.336 [scala-execution-context-global-11] INFO  HelperUtils.Parameters$ - N(7{QJ4QH@sx[r
03:15:07.922 [scala-execution-context-global-11] INFO  HelperUtils.Parameters$ - ??fF]v>{tl'rwE+McR>k6#CTuETl=(
03:15:08.915 [scala-execution-context-global-11] INFO  HelperUtils.Parameters$ - oX0ZmJDNGA1Pd6m<BonG'PL!q;nhU_P(-2"<wY:$}'hZWRgGEu
03:15:09.823 [scala-execution-context-global-11] WARN  HelperUtils.Parameters$ - g;yp?gkN.Uvw=FC;5W'L3xg>,|A=Q$
03:15:10.513 [scala-execution-context-global-11] WARN  HelperUtils.Parameters$ - #~#-12]%l"cNb8JhPi|C&Fhb<b!B*qwx6P3iH|O%R5&8;6
03:15:10.723 [scala-execution-context-global-11] INFO  HelperUtils.Parameters$ - 8q{uMSa^/AX5m'T(H]$>'q1GU~W/P)\*ll"uaHX|hh<YYJ8H9a0)m\(p+[
03:15:11.460 [scala-execution-context-global-11] INFO  HelperUtils.Parameters$ - @~:,(A,svz#EqnEg
03:15:12.130 [scala-execution-context-global-11] DEBUG HelperUtils.Parameters$ - &LQX\cDPPUU\@Q.!l[{3t9}.9s!ZVaZlbD
03:15:12.828 [scala-execution-context-global-11] INFO  HelperUtils.Parameters$ - oP&h]m(>p+Bhz/u-h(BjxfU'}a8HQ"R$|!_?@!=+r`;XBq)]y%-3
03:15:12.829 [main] INFO  GenerateLogData$ - Log data generation has completed after generating 100 records.
