03:11:44.369 [main] INFO  GenerateLogData$ - Log data generator started...
03:11:44.573 [main] WARN  HelperUtils.Parameters$ - Max count 100 is used to create records instead of timeouts
03:11:45.368 [scala-execution-context-global-11] WARN  HelperUtils.Parameters$ - s%]s,+2k|D}K7b/XCwG&@7HDPR8z
03:11:46.160 [scala-execution-context-global-11] INFO  HelperUtils.Parameters$ - ;kNI&V%v<c#eSDK@lPY(
03:11:46.566 [scala-execution-context-global-11] INFO  HelperUtils.Parameters$ - l9]|92!uHUQ/IVcz~(;.Uz%K*5jTUd08
03:11:47.251 [scala-execution-context-global-11] INFO  HelperUtils.Parameters$ - G3sw7^U<^q^Cl!aMTDbNz<:$;?e<.0JD_'
03:11:48.126 [scala-execution-context-global-11] WARN  HelperUtils.Parameters$ - A><YFqpg+~"E1T
03:11:48.926 [scala-execution-context-global-11] DEBUG HelperUtils.Parameters$ - JrQB;P0"&+6;&Dk-
03:11:49.551 [scala-execution-context-global-11] INFO  HelperUtils.Parameters$ - OsI1`qAeU5H;\+
03:11:50.151 [scala-execution-context-global-11] INFO  HelperUtils.Parameters$ - [h!Q9PEY>L(NpKLBO"Gjo:=4kRXQ_tZ!
03:11:50.170 [scala-execution-context-global-11] INFO  HelperUtils.Parameters$ - B?y&C"C5rsb:2037;f&|vM#x?z|Ny|&<44Z8B&rF1#&M
03:11:50.648 [scala-execution-context-global-11] WARN  HelperUtils.Parameters$ - x2oBSI0/\%CdfV2%ChSsnZ7vJo=2qJqZ%."kbc!0ne`y&m
03:11:50.731 [scala-execution-context-global-11] ERROR HelperUtils.Parameters$ - ihu}!A2]*07}|,lc
03:11:50.819 [scala-execution-context-global-11] INFO  HelperUtils.Parameters$ - CC]>~R#,^#0JWyESarZdETDcvk)Yk'I?
03:11:51.110 [scala-execution-context-global-11] WARN  HelperUtils.Parameters$ - Swq;g+6M:?820=Gmd#.p)sFaqoKc^mm](.A8Z-4-].tp|cfR\~rc(m^{
03:11:51.272 [scala-execution-context-global-11] INFO  HelperUtils.Parameters$ - zXK=Fze%-6Iv-^q{zhG|EUzvd);tOj-:
03:11:52.200 [scala-execution-context-global-11] INFO  HelperUtils.Parameters$ - ^<A>61@{3[KEk@M/Xh-q%sco3Dkwq~
03:11:52.233 [scala-execution-context-global-11] WARN  HelperUtils.Parameters$ - Bv^B8Re'$VG)[P".g*?f<G\l5n.18B|i<E&rgPQZ;wBeA{4O/fy+Pp
03:11:52.625 [scala-execution-context-global-11] WARN  HelperUtils.Parameters$ - k1H+R#/%d0>Q>N:6\enT]U
03:11:52.860 [scala-execution-context-global-11] INFO  HelperUtils.Parameters$ - 8G;,3m_T`G#H]&Yh:Ei1%fp''5`cg1cg1K5sR8rbe2Z5t%<Bqz8fMm#{JWqMdoc_2N/|wf8]
03:11:52.998 [scala-execution-context-global-11] DEBUG HelperUtils.Parameters$ - I&D{Faf-vNNe~\VW";}4`+fu:&-AtJZ}QOl.yO
03:11:53.736 [scala-execution-context-global-11] WARN  HelperUtils.Parameters$ - $c1zzFl>`^Q!c/f\WoSe,H
03:11:53.988 [scala-execution-context-global-11] INFO  HelperUtils.Parameters$ - /lSlLI}QRqwgRwB)!F=_fl)Y"b5+lWtwC4LP3x8-U&`V</G4rx6F
03:11:54.823 [scala-execution-context-global-11] DEBUG HelperUtils.Parameters$ - vW9K$vwD9vH~8B"j(mJh^GwdI~_\L++d6hG]
03:11:55.096 [scala-execution-context-global-11] INFO  HelperUtils.Parameters$ - ]]@5$s@7Ok.oYrm_\B9%&P
03:11:55.300 [scala-execution-context-global-11] INFO  HelperUtils.Parameters$ - )ZXf9<37U"@'o2rPM>;mz}nYeO}8blGu!+;D|v"Oth
03:11:55.412 [scala-execution-context-global-11] INFO  HelperUtils.Parameters$ - Uk:}=BFM$oU5O!og2-Q"i"[wo+sg~`.7r6,p\tSKd,_G-8M2&:
03:11:56.002 [scala-execution-context-global-11] INFO  HelperUtils.Parameters$ - (91QL|IWPuE1\*J+nOT^/m
03:11:56.247 [scala-execution-context-global-11] WARN  HelperUtils.Parameters$ - Ezk)NI!,L_8)jAQ^xftVeSan;TK#N6=>>L*AV/`g^::;J@=7cw
03:11:56.749 [scala-execution-context-global-11] INFO  HelperUtils.Parameters$ - q:Y=N_1[p61,T&"9W99NV7`zhCHnJ],"cVC:d8:{C^
03:11:57.522 [scala-execution-context-global-11] INFO  HelperUtils.Parameters$ - o[pX*)0*NCChFU2=ndaW&\)&#Vx"6^]:4~|G}nCzk:PBeow4Kp8u$9
03:11:57.679 [scala-execution-context-global-11] WARN  HelperUtils.Parameters$ - /CtOoz%=Y]IKq;oM:EnE|^GI7v;9-N.S(Luyu5Y-PQMJTIyO_/EfpS`/
03:11:58.141 [scala-execution-context-global-11] ERROR HelperUtils.Parameters$ - S_h*w0_2D^cq(i=s/FPuhRsJ^+
03:11:59.136 [scala-execution-context-global-11] WARN  HelperUtils.Parameters$ - HMHK0LL!ESr:MlqI[gdd$A
03:11:59.971 [scala-execution-context-global-11] WARN  HelperUtils.Parameters$ - Qesv%Cy7n;Ip-hUa|ZcWmem5?Kvf<%Ldv1J:FGqO,V1`IEW[S#)bWr;@hT
03:12:00.961 [scala-execution-context-global-11] INFO  HelperUtils.Parameters$ - ?pR:+TbTlB}~&/_<WtcU[J=|W%*!rQSA780V$~%.9GlLe%ET>$
03:12:01.851 [scala-execution-context-global-11] INFO  HelperUtils.Parameters$ - (F+3i&'[w_|WR8p2qP!O9K|==aL*
03:12:02.278 [scala-execution-context-global-11] INFO  HelperUtils.Parameters$ - /N^MW['}D,@~~nrk/!=}L\({`/bei"o?
03:12:02.511 [scala-execution-context-global-11] WARN  HelperUtils.Parameters$ - O3A<`]s1wh;ui$OGI1*ybc^Q[8MB:kTb
03:12:02.934 [scala-execution-context-global-11] WARN  HelperUtils.Parameters$ - VC=mSjl*^/n]82QdHN?UrnqK.$~WB~6Y<.`Fx;DMv?:p
03:12:03.511 [scala-execution-context-global-11] DEBUG HelperUtils.Parameters$ - *ZE_Vk%T*0'N(k?yoOWJ"\j$<~`VCnfA3d8V8$q)h275}B.<1yok5ADC
03:12:04.505 [scala-execution-context-global-11] INFO  HelperUtils.Parameters$ - EA{-|`9Nfcg!VFmsm6@/p[
03:12:04.635 [scala-execution-context-global-11] WARN  HelperUtils.Parameters$ - nE:Wky!;/gnT11S#4xZI9U6J9)p1zX
03:12:05.245 [scala-execution-context-global-11] INFO  HelperUtils.Parameters$ - k)A~(c4H)aOKtlV,%5%'VK)O39bjlp}@?/=M37*&R/JJ
03:12:06.185 [scala-execution-context-global-11] INFO  HelperUtils.Parameters$ - URod@d'JXEIaa#?{i.$~Tq@9
03:12:06.532 [scala-execution-context-global-11] INFO  HelperUtils.Parameters$ - 662?g)Gn9;uHEA9m$.N:n`gRg9>zWoWz~xl?id7<r%l>MfDarl
03:12:06.937 [scala-execution-context-global-11] DEBUG HelperUtils.Parameters$ - .}t5fSQhdc,6v3RC@V\!D]~2<k/Sv};7w/vCZd
03:12:07.783 [scala-execution-context-global-11] WARN  HelperUtils.Parameters$ - j}V=%kM|/W)'1x;`'l3VI(HyMY^\f>Q"]%D:
03:12:08.093 [scala-execution-context-global-11] INFO  HelperUtils.Parameters$ - 32Q[S.JVtRigd!Uh"[UK[]/G@:9{4DH$v3-K@z
03:12:08.537 [scala-execution-context-global-11] INFO  HelperUtils.Parameters$ - Y5v7")@wirp.M2Df*mouae2ae0H9jag2cg3B6mJ+eu:u.CIHU>w)$D'#a`
03:12:09.044 [scala-execution-context-global-11] INFO  HelperUtils.Parameters$ - 39E;(Z/w<:79n|xl%wbcN&R#|#Rc/c*.3\[R_a;W!/xR-}rw@=YRR+jwK7UM
03:12:09.390 [scala-execution-context-global-11] INFO  HelperUtils.Parameters$ - 8u9G^?#:)GbAOe$1vdU\x-
03:12:09.573 [scala-execution-context-global-11] INFO  HelperUtils.Parameters$ - D^w\61w!|&URYbe$2M`N'OkT0+pr^o
03:12:09.852 [scala-execution-context-global-11] INFO  HelperUtils.Parameters$ - PRID(X`bO/&DTpvaf3ag2bg2cg2bg0bf2ae0!f*/`\5w%L4T+$,
03:12:10.740 [scala-execution-context-global-11] INFO  HelperUtils.Parameters$ - #ncgS5_!V\.=-(fnzw9?Z%ADR_\p'AO<rVVU.Xf4Sj+,|q,Lw<RvpQbPxN
03:12:10.835 [scala-execution-context-global-11] INFO  HelperUtils.Parameters$ - !Bmx%.N(IShJUilg
03:12:11.548 [scala-execution-context-global-11] WARN  HelperUtils.Parameters$ - 5HZ+];LR6\yY7x$'Fo\-s"/~2GV5mcf1T9ocf1V9hmxdV13,Q<*:5?w,32h7bCwSbU2
03:12:11.901 [scala-execution-context-global-11] WARN  HelperUtils.Parameters$ - \Jm$Y%)W`qk"{`<8qK
03:12:12.304 [scala-execution-context-global-11] INFO  HelperUtils.Parameters$ - QVq:GN0hcEzn+jgm6_>qaZiuGAG;N.7F&Tn:B1bF
03:12:13.185 [scala-execution-context-global-11] INFO  HelperUtils.Parameters$ - ePx3tKePS7XrA6
03:12:13.712 [scala-execution-context-global-11] WARN  HelperUtils.Parameters$ - 4/Rkzg`6\(q?idu*Z:
03:12:14.470 [scala-execution-context-global-11] WARN  HelperUtils.Parameters$ - 1wV7gPNmXcTUbF,x-3@!xA{.{dAu
03:12:14.812 [scala-execution-context-global-11] INFO  HelperUtils.Parameters$ - 6zS7t84JZU^-Adz?Ds+ALhn$^5PeQ3
03:12:15.504 [scala-execution-context-global-11] INFO  HelperUtils.Parameters$ - f.=eS[dS[ZP5xwX#szTgS=$D
03:12:15.697 [scala-execution-context-global-11] INFO  HelperUtils.Parameters$ - S@X62![]TpU\~@"x$V'M.dKpkUBe\xK|vwLK;;M"U%C$7K_!emWn
03:12:16.224 [scala-execution-context-global-11] DEBUG HelperUtils.Parameters$ - A9s*O503t"TTZDE6A\.YG.==FJS&^$nn]Xeg0tf#]7z_)Q&U1HQy38
03:12:16.267 [scala-execution-context-global-11] INFO  HelperUtils.Parameters$ - z<^oj|&)&6sT"1ShpqPTr&=7MY5kag2U7vcf1M9ua`PDXzAk7Y{QRU^_V'<,mkAT(
03:12:16.322 [scala-execution-context-global-11] INFO  HelperUtils.Parameters$ - Qv`M}Ld`j86T?eKiH5j~]Y<5/Z~M7@!0Ym@%Ng{Q("ootU*Bip5bp0Jz"<~{
03:12:17.305 [scala-execution-context-global-11] INFO  HelperUtils.Parameters$ - F;>th&W8*#-{;b-013nV[2Fae2cg1af3ce3C9kH9sM6oPCbL=}~]g^p4Op/:=f?Pe$Z
03:12:17.354 [scala-execution-context-global-11] INFO  HelperUtils.Parameters$ - J{rtX*c/H]La3?KwG<jUG#m.Ok:Dp}P&Lol35}[EV&
03:12:17.370 [scala-execution-context-global-11] INFO  HelperUtils.Parameters$ - GY_C87L|8XjP=j-@.<O6dX4\/$'I[=u(]/\Dtg?Roah!9X/+dUpu^)
03:12:18.049 [scala-execution-context-global-11] INFO  HelperUtils.Parameters$ - V-,hcQz2vH?U[C
03:12:18.854 [scala-execution-context-global-11] WARN  HelperUtils.Parameters$ - 4>%>wHm^w}&C}p\/1J/RIchfD/JVXk(^SVE[4z!B31Wn\>
03:12:19.600 [scala-execution-context-global-11] INFO  HelperUtils.Parameters$ - EmgvN)}Dy?<F2vTQuHM~~"w1tNy{vU`Sr]
03:12:20.000 [scala-execution-context-global-11] WARN  HelperUtils.Parameters$ - =u_Sm'0X?yAU[M+6Iby^)*KM}/HRXZ5"AhtQ"~
03:12:20.755 [scala-execution-context-global-11] INFO  HelperUtils.Parameters$ - J(UhWN,Kf@rJ$AF9DP.;BnaL5'V]
03:12:21.231 [scala-execution-context-global-11] INFO  HelperUtils.Parameters$ - z}*Sjb-J.GbDZ@NL"#4k@;.b_"*A*i!A27Vx.I^o$6BCu}l=
03:12:22.181 [scala-execution-context-global-11] INFO  HelperUtils.Parameters$ - AJbgt$$~^yF!:[96w]"!6[&-v0^RK!
03:12:22.686 [scala-execution-context-global-11] INFO  HelperUtils.Parameters$ - E8Hfx37[RD7nJ9fbf0cg1E7sbf0aO@jN\!Qe
03:12:23.392 [scala-execution-context-global-11] WARN  HelperUtils.Parameters$ - R<uGEL("2bXt`P"s
03:12:23.548 [scala-execution-context-global-11] INFO  HelperUtils.Parameters$ - ':I{$Vq"{'Y;FY"(`h[9(WoE8kns^F{NH*%7o+04mjc'RC
03:12:23.767 [scala-execution-context-global-11] INFO  HelperUtils.Parameters$ - n4$,)kHp^@:CDssN9X5r`C0XsVLab&py+H4&~R0[|%X"
03:12:24.666 [scala-execution-context-global-11] INFO  HelperUtils.Parameters$ - j0K8u)<-B4(y20&"
03:12:24.846 [scala-execution-context-global-11] INFO  HelperUtils.Parameters$ - +wXGsX|SBXcVa$!cGT/H;{%"AV(j
03:12:25.818 [scala-execution-context-global-11] WARN  HelperUtils.Parameters$ - .0KZp*J9NktXNH
03:12:25.909 [scala-execution-context-global-11] INFO  HelperUtils.Parameters$ - `~S`}mI{nZ,eCeNz?Fr)XBWJ7o|u_E2-
03:12:26.429 [scala-execution-context-global-11] WARN  HelperUtils.Parameters$ - >3-.[;`0W9PW/#[Dv%
03:12:26.595 [scala-execution-context-global-11] WARN  HelperUtils.Parameters$ - jvZfS$t2KwKDgZa@qZppLKPO&9f~KmYZ6RcLp<1)8]fR8J
03:12:26.728 [scala-execution-context-global-11] INFO  HelperUtils.Parameters$ - >/&G,mFO$A(lES@;K"`?zZ93@4!3ch
03:12:27.021 [scala-execution-context-global-11] INFO  HelperUtils.Parameters$ - llgE~JAU_z9O%wl!Y&"g03MT"-}oF`Ej^!y+@_bp&Y#6[z.K
03:12:27.090 [scala-execution-context-global-11] INFO  HelperUtils.Parameters$ - /]?uA^z;_yW|Ypb.Jd9D#1DU9z>Rs$Z]&1F?+8YCC)clTIXHsrE*@_
03:12:27.126 [scala-execution-context-global-11] INFO  HelperUtils.Parameters$ - -.kCR?AT1IejwP_[7>ef{/?:d`!9g,LgU{ds|[&KF5[*fX"isN%=A;
03:12:27.995 [scala-execution-context-global-11] INFO  HelperUtils.Parameters$ - XDK<Hb(igWu"q<a1D,ZLIG]>}4)>\zw+
03:12:28.278 [scala-execution-context-global-11] INFO  HelperUtils.Parameters$ - (@aiQ8oT-pCP1(Q)u3,(g_F[HFoy(5!FO&ikLa[eK8h<\(;v
03:12:28.452 [scala-execution-context-global-11] INFO  HelperUtils.Parameters$ - *iYf$LD4DrnupY]0y~[@8b7]]1K9[a"p&o'E7+r`UGtUs{zRn:g1\-Q)te&8
03:12:28.784 [scala-execution-context-global-11] INFO  HelperUtils.Parameters$ - Wq8S83Ssw*yNV!pY+!Aw>:\mryq^jn;;:`O($NK<fzL^h$Vu]^
03:12:29.443 [scala-execution-context-global-11] WARN  HelperUtils.Parameters$ - OMU"dfM1{WK$#<
03:12:30.107 [scala-execution-context-global-11] WARN  HelperUtils.Parameters$ - ;(8kt`Q,3E`<=^
03:12:30.873 [scala-execution-context-global-11] INFO  HelperUtils.Parameters$ - *vv$vKAcFH^sz`,/JHDT^u0Am%"W{:>[&n
03:12:31.534 [scala-execution-context-global-11] INFO  HelperUtils.Parameters$ - Z&5G&ROrJm2ytad"V8oag2O5sce1af3af2gQEp6Dp94=^Jz3xa
03:12:31.673 [scala-execution-context-global-11] DEBUG HelperUtils.Parameters$ - :{p~aZSR8h(IEATcf3ag2F6lag1G7i?kA*~K?/eNM\:lK
03:12:32.351 [scala-execution-context-global-11] INFO  HelperUtils.Parameters$ - 9D"[b`T0CJGv41CL%l7UmwGOS+bay!Tb=3OK
03:12:32.352 [main] INFO  GenerateLogData$ - Log data generation has completed after generating 100 records.
