03:29:35.779 [main] INFO  GenerateLogData$ - Log data generator started...
03:29:35.975 [main] WARN  HelperUtils.Parameters$ - Max count 100 is used to create records instead of timeouts
03:29:36.745 [scala-execution-context-global-11] WARN  HelperUtils.Parameters$ - s%]s,+2k|D}K7b/XCwG&@7HDPR8z
03:29:37.002 [scala-execution-context-global-11] INFO  HelperUtils.Parameters$ - ;kNI&V%v<c#eSDK@lPY(
03:29:37.807 [scala-execution-context-global-11] INFO  HelperUtils.Parameters$ - l9]|92!uHUQ/IVcz~(;.Uz%K*5jTUd08
03:29:38.286 [scala-execution-context-global-11] INFO  HelperUtils.Parameters$ - G3sw7^U<^q^Cl!aMTDbNz<:$;?e<.0JD_'
03:29:38.412 [scala-execution-context-global-11] WARN  HelperUtils.Parameters$ - A><YFqpg+~"E1T
03:29:39.324 [scala-execution-context-global-11] DEBUG HelperUtils.Parameters$ - JrQB;P0"&+6;&Dk-
03:29:39.594 [scala-execution-context-global-11] INFO  HelperUtils.Parameters$ - OsI1`qAeU5H;\+
03:29:40.451 [scala-execution-context-global-11] INFO  HelperUtils.Parameters$ - [h!Q9PEY>L(NpKLBO"Gjo:=4kRXQ_tZ!
03:29:40.685 [scala-execution-context-global-11] INFO  HelperUtils.Parameters$ - B?y&C"C5rsb:2037;f&|vM#x?z|Ny|&<44Z8B&rF1#&M
03:29:41.439 [scala-execution-context-global-11] WARN  HelperUtils.Parameters$ - x2oBSI0/\%CdfV2%ChSsnZ7vJo=2qJqZ%."kbc!0ne`y&m
03:29:41.766 [scala-execution-context-global-11] ERROR HelperUtils.Parameters$ - ihu}!A2]*07}|,lc
03:29:41.784 [scala-execution-context-global-11] INFO  HelperUtils.Parameters$ - CC]>~R#,^#0JWyESarZdETDcvk)Yk'I?
03:29:42.532 [scala-execution-context-global-11] WARN  HelperUtils.Parameters$ - Swq;g+6M:?820=Gmd#.p)sFaqoKc^mm](.A8Z-4-].tp|cfR\~rc(m^{
03:29:42.883 [scala-execution-context-global-11] INFO  HelperUtils.Parameters$ - zXK=Fze%-6Iv-^q{zhG|EUzvd);tOj-:
03:29:42.950 [scala-execution-context-global-11] INFO  HelperUtils.Parameters$ - ^<A>61@{3[KEk@M/Xh-q%sco3Dkwq~
03:29:43.179 [scala-execution-context-global-11] WARN  HelperUtils.Parameters$ - Bv^B8Re'$VG)[P".g*?f<G\l5n.18B|i<E&rgPQZ;wBeA{4O/fy+Pp
03:29:43.973 [scala-execution-context-global-11] WARN  HelperUtils.Parameters$ - k1H+R#/%d0>Q>N:6\enT]U
03:29:44.080 [scala-execution-context-global-11] INFO  HelperUtils.Parameters$ - 8G;,3m_T`G#H]&Yh:Ei1%fp''5`J7mbe1ce3D7sag2B9pV8p%<Bqz8fMm#{JWqMdoc_2N/|wf8]
03:29:44.877 [scala-execution-context-global-11] DEBUG HelperUtils.Parameters$ - oJq2J[`0MPAO%DFU.$Gp%a#$PaNJs%hU
03:29:44.971 [scala-execution-context-global-11] WARN  HelperUtils.Parameters$ - BRrdy8R%J|AmkU3Gd;_h.U
03:29:45.703 [scala-execution-context-global-11] INFO  HelperUtils.Parameters$ - 29SbZ>>?RmdzQ9*yNj#\'<af3be1bg1B8nI7rae3P6qcg3:1?;PQ[sem>B=HU>/@l(KZ
03:29:46.467 [scala-execution-context-global-11] DEBUG HelperUtils.Parameters$ - ~YNgV>J+`$~vEv/<x6%;+8GO3\lF6[
03:29:46.954 [scala-execution-context-global-11] INFO  HelperUtils.Parameters$ - ntNmhxHRTHs:8/GbSJBI`tMhr&+;xW`ILi9hK*2M
03:29:47.800 [scala-execution-context-global-11] INFO  HelperUtils.Parameters$ - Sl@SrCr]rws/
03:29:48.039 [scala-execution-context-global-11] INFO  HelperUtils.Parameters$ - _@>/q1^Q54)l5=hy/bOB37:[x8
03:29:48.517 [scala-execution-context-global-11] INFO  HelperUtils.Parameters$ - x]s<hUAJ@-j\W/28Gy7!|}4(-RNQ;su'fyTB{uRNF;WCt\43
03:29:48.690 [scala-execution-context-global-11] WARN  HelperUtils.Parameters$ - ^vNyw-/;NjRucZe?#L7vG8pK9vP5oag3;`Kt=6Cu4t%f>+"6r
03:29:49.349 [scala-execution-context-global-11] INFO  HelperUtils.Parameters$ - >$w{5C=ga.GMSY}y{tX-3x
03:29:49.884 [scala-execution-context-global-11] INFO  HelperUtils.Parameters$ - I?'&2=T;.]\p+YKRaY@x3J!%2}uF5U9ee~?q|?e&4e.'Q0r`<DhaPjmp3'7M
03:29:50.833 [scala-execution-context-global-11] WARN  HelperUtils.Parameters$ - %uiGAu}Fz|t'Jdoz<r3lI:~(!It6,0\+&FN7sl:bqruxf@
03:29:51.636 [scala-execution-context-global-11] ERROR HelperUtils.Parameters$ - ]gv/mQ=KJCQ6zob046zXGhUo(J/IWNQ?lz<-Mr&-2/:^A+b$8>W!"0A1k<
03:29:52.268 [scala-execution-context-global-11] WARN  HelperUtils.Parameters$ - U226pL&!<WVBg!5IN(Q:m$x|~I
03:29:52.399 [scala-execution-context-global-11] WARN  HelperUtils.Parameters$ - UQlp{/e+")D^7af3P9jbg2af2cf3T7qaf1Sbgyw:e!kGT^?
03:29:52.618 [scala-execution-context-global-11] INFO  HelperUtils.Parameters$ - L|vivpN6UPO_7u+2%ts+9;%zvjeSo]"!5=K!r7^\!BGs
03:29:53.575 [scala-execution-context-global-11] INFO  HelperUtils.Parameters$ - }8A1vE.Q9Kr<{5zP`'
03:29:53.778 [scala-execution-context-global-11] INFO  HelperUtils.Parameters$ - *ATP{w&Cit&3g}kZvlgkDW{+5P5X@8[kZS*4)+&B{S
03:29:54.516 [scala-execution-context-global-11] WARN  HelperUtils.Parameters$ - ap@Zi/x$ER,qD3Gz)[tivCM.yq;Y{N"EA179Z7jrSVw$
03:29:55.402 [scala-execution-context-global-11] WARN  HelperUtils.Parameters$ - 26090M_}~6P7"yJWc[k6}f9Ppo
03:29:55.971 [scala-execution-context-global-11] DEBUG HelperUtils.Parameters$ - TQA#Dto.S+L3XUqXON8ARd)n$W
03:29:56.627 [scala-execution-context-global-11] INFO  HelperUtils.Parameters$ - GKSg<n?kIsQkHNEU+=va*kAC6~~)pJNm
03:29:56.905 [scala-execution-context-global-11] WARN  HelperUtils.Parameters$ - A9D.\'bO7U$~h[LZ%wWUw%A;(zG4
03:29:57.678 [scala-execution-context-global-11] INFO  HelperUtils.Parameters$ - .9Qa,.}$c(',YKcg3B5hR8nO6iQ9p:q~QzrLxR}8h8=
03:29:58.531 [scala-execution-context-global-11] INFO  HelperUtils.Parameters$ - R'>t!oUqf>D&43F>[[YQ
03:29:59.168 [scala-execution-context-global-11] INFO  HelperUtils.Parameters$ - G%XpAE<cBZKElv_esM|~3bg2be3H8jaf2bg12TrML&T6`mrjTea26~XnU
03:29:59.886 [scala-execution-context-global-11] DEBUG HelperUtils.Parameters$ - U@P][!+<PF$,.jls;yD|'?49A+y[2o3D5DM*StNtF]
03:30:00.236 [scala-execution-context-global-11] WARN  HelperUtils.Parameters$ - Tznh>&RHz6po1<_{xe'Vy,g6?w5;3&k/tQ
03:30:00.507 [scala-execution-context-global-11] INFO  HelperUtils.Parameters$ - ]f|QC2icg3bg0cg3cf3Y8rePMLv8|
03:30:01.285 [scala-execution-context-global-11] INFO  HelperUtils.Parameters$ - R?jI&]^TBGxxz5i.n7,3J;(.-sO}4^8tb\'iC_[`]AIL5(^Z9fxU
03:30:02.081 [scala-execution-context-global-11] INFO  HelperUtils.Parameters$ - A<cPe;3Lorsw+oAK;D
03:30:02.512 [scala-execution-context-global-11] INFO  HelperUtils.Parameters$ - ({G96*@JRJ.*Cq)H.dBNWy
03:30:03.244 [scala-execution-context-global-11] INFO  HelperUtils.Parameters$ - Wp_MYxT)tK>D5yd.;{2geV4zP43zA2DEivos!MVB)1[YG#P>mN<LY@3#rs
03:30:03.517 [scala-execution-context-global-11] INFO  HelperUtils.Parameters$ - 1NMQWZWaK5zvWZHB;,M90m#aXjdgtIB/a`EB7y.9{(aU
03:30:03.575 [scala-execution-context-global-11] INFO  HelperUtils.Parameters$ - 0%(auZQ:YYcc-z<"\O^Y8cHxHH8kM'[~?(5f
03:30:03.629 [scala-execution-context-global-11] INFO  HelperUtils.Parameters$ - D_U<s5!R!V7nbe3Q9fN9rce2cf1P7pO7rP6qbg2ag3ag1P7qbg0CJ5*m)BqA
03:30:04.041 [scala-execution-context-global-11] WARN  HelperUtils.Parameters$ - $)Lm7U?wey9:UmSK%6.a9SqC('A#]A[;z\4fLr
03:30:04.586 [scala-execution-context-global-11] WARN  HelperUtils.Parameters$ - 1WnRRY8}&?~zXRd<\4~6K2JBea
03:30:04.829 [scala-execution-context-global-11] INFO  HelperUtils.Parameters$ - 086Wba)(x2t1ikLhb5i+H[_77&U1:./q@<27_Jib
03:30:05.017 [scala-execution-context-global-11] INFO  HelperUtils.Parameters$ - ^krLS^C?w:G=7x4wfv:v=]
03:30:05.171 [scala-execution-context-global-11] WARN  HelperUtils.Parameters$ - ESv>*9UX?qb9CM`^~3&[{:1E
03:30:05.776 [scala-execution-context-global-11] WARN  HelperUtils.Parameters$ - -^9@M/URdU$F*][FP-0o5}jI0:8I*9A/[AQm~$]`p/QXm5HX
03:30:05.826 [scala-execution-context-global-11] INFO  HelperUtils.Parameters$ - EWYDgx_1"S]PG_rf,yJio27e5'st
03:30:06.335 [scala-execution-context-global-11] INFO  HelperUtils.Parameters$ - c{#%^Q}Obf1N6obf0af1I8k01BEkyZ-
03:30:07.180 [scala-execution-context-global-11] INFO  HelperUtils.Parameters$ - E9298`V",dpEIJU7Jo}Ew\RY9uk^@'{oEPKuba)d>R&=-G/p#QI}"Y6cp)y9
03:30:07.922 [scala-execution-context-global-11] DEBUG HelperUtils.Parameters$ - H}.>C+jjbg3T9mQ8wbf3O5ucg2*&+U|4+"
03:30:08.451 [scala-execution-context-global-11] INFO  HelperUtils.Parameters$ - ~m1Q;qNr0mSbo?3&%);)V?U\6u%K*n4ye*
03:30:08.559 [scala-execution-context-global-11] INFO  HelperUtils.Parameters$ - RS/axnR"&^X<1(1<`3O(.7yz5#ae2bg0be3ag1cf13yzk<|TA~ldfXMXhHqvVC2Kx(}
03:30:08.870 [scala-execution-context-global-11] INFO  HelperUtils.Parameters$ - P9u{E.)M+xDMC%s'ix]nflk*|Sr#eNt4v,Qe94Q1
03:30:09.586 [scala-execution-context-global-11] INFO  HelperUtils.Parameters$ - y5Y,,;sH0+'NsNN!a^5@vAoTv[GFJc>DO5!}Fm}0EJdUFM0Xhu8![HRP%q
03:30:10.570 [scala-execution-context-global-11] INFO  HelperUtils.Parameters$ - CNnf(B9&]]wj
03:30:10.607 [scala-execution-context-global-11] INFO  HelperUtils.Parameters$ - 14!vN*IRo;K^I"]v\xbf&WIC'?-1FWHs~7OA;-0K:RFl
03:30:10.631 [scala-execution-context-global-11] WARN  HelperUtils.Parameters$ - cRFYNUW`svd,sA*Q^1u]T~U'ey7ni,Iv1XmmN?!(jRLH;o$qu&pZ,0>_
03:30:11.282 [scala-execution-context-global-11] INFO  HelperUtils.Parameters$ - %)dxw+NfKI~*u3G45L7(a^Yq<F6Z%n
03:30:12.126 [scala-execution-context-global-11] WARN  HelperUtils.Parameters$ - l/~8<#J\[#j<
03:30:12.676 [scala-execution-context-global-11] INFO  HelperUtils.Parameters$ - 1KtP&cg0g`qGs:)3ZT$~weTyE!ShO>_z-G=6vC>V|2'1nt
03:30:13.311 [scala-execution-context-global-11] INFO  HelperUtils.Parameters$ - Z/srhBFg0Yz$}[=W(S[uh2o3IS
03:30:13.850 [scala-execution-context-global-11] INFO  HelperUtils.Parameters$ - .J`U.%o!{*ghQ,p]pY'JOgyZ+D?],WjA"?&?N%EO<-{*Zv=Rs,H<zC
03:30:14.020 [scala-execution-context-global-11] INFO  HelperUtils.Parameters$ - Y9+lu{"7q00g4IU]=Pi|D.p87;yu%OeOSVCB%,X6(,|[I,<_V/
03:30:14.535 [scala-execution-context-global-11] WARN  HelperUtils.Parameters$ - mHwPd8=}+(PE
03:30:15.306 [scala-execution-context-global-11] INFO  HelperUtils.Parameters$ - Vd/"-/LF>p]%KtdTLx"c@Pq4]+`bf1O7kX9uce3E6tZcfREBWw>~jQ^lCf"N!vMpQU6:@
03:30:15.598 [scala-execution-context-global-11] INFO  HelperUtils.Parameters$ - Ig.bNM[K=/c8+<YX
03:30:15.696 [scala-execution-context-global-11] INFO  HelperUtils.Parameters$ - ZN#*YOXHLd/QUv$de1]sX;g{]JGm"G9RHVq/tyL\$BMK1NDtox}MB1m{
03:30:16.221 [scala-execution-context-global-11] INFO  HelperUtils.Parameters$ - !9Qk[TJ\5\B-M^mF
03:30:16.590 [scala-execution-context-global-11] WARN  HelperUtils.Parameters$ - zH"qXCb+rNbFOl>>mt8~9szkvhT6:n<`3`_Kf!"0?I
03:30:16.651 [scala-execution-context-global-11] INFO  HelperUtils.Parameters$ - L?z_IC(bs~TomxOL~:>esU."L]u>Fr2q
03:30:17.244 [scala-execution-context-global-11] WARN  HelperUtils.Parameters$ - oH$uzYg$_TmDzog8
03:30:18.134 [scala-execution-context-global-11] WARN  HelperUtils.Parameters$ - PPu3"Y3wq!(V[z%zzMv%xV6}EM9ah&Qv
03:30:19.110 [scala-execution-context-global-11] INFO  HelperUtils.Parameters$ - &WMp7,Y86D*Exd"]]*
03:30:19.732 [scala-execution-context-global-11] INFO  HelperUtils.Parameters$ - '[0u<{%`R+6jhKY4^tP`<*G'I5V]VkU8oce1Y9kcg2cg1I7ka84`l0wS(hP~=O/`vkV}.viAS9f^Kl
03:30:20.635 [scala-execution-context-global-11] INFO  HelperUtils.Parameters$ - dIsiDtSh\\K0CO/t|wz?
03:30:21.233 [scala-execution-context-global-11] INFO  HelperUtils.Parameters$ - @/fT=Q`ceMY0kfn/{]<jWI&*Mn|BVp{m5$s%=2$vL2j7~4%~4U/+
03:30:21.464 [scala-execution-context-global-11] INFO  HelperUtils.Parameters$ - ,<Pn@t?-:(R&,(73f>-n%lY|&9y/<y.~v+
03:30:21.656 [scala-execution-context-global-11] INFO  HelperUtils.Parameters$ - {&p9XZzfj"-q+!XWgnMU~sEl3+aqJZ<2Xt7+C<
03:30:22.032 [scala-execution-context-global-11] INFO  HelperUtils.Parameters$ - Qn~gCi&Y}Co:U#,"6v'>>:_l!3V4p?i.-Dbs4Jv'Mx7wyk-u^VR)Zq01*J
03:30:22.463 [scala-execution-context-global-11] INFO  HelperUtils.Parameters$ - p\^PE{iXh|?}cU>.u$E)m3vs9`ckZi:WeeyebS.xlj.o%y6+~c~7aT
03:30:23.076 [scala-execution-context-global-11] WARN  HelperUtils.Parameters$ - qdX{z^b/Ihy_m$@"HI\$62vd|oL%DbE)k,#{"+xG-quLBPH:
03:30:23.691 [scala-execution-context-global-11] WARN  HelperUtils.Parameters$ - ky36\(b4nqAz+r*wMl
03:30:23.886 [scala-execution-context-global-11] INFO  HelperUtils.Parameters$ - 5ZJg_Y@1/@KxiOPA2R9Ns(d;/^HP9int^}8e[,MK_j\DDqR4@7`+a;>6svsG
03:30:24.101 [scala-execution-context-global-11] INFO  HelperUtils.Parameters$ - JZ<&8`xbvdpP8MPXV=DHFvjs$'F:n~pSKNkWK.c$Z]'hQ!1vzo
03:30:24.395 [scala-execution-context-global-11] DEBUG HelperUtils.Parameters$ - i;):,B*k'i`01ryTfTliT.%A!c,#7o}XSC|.
03:30:24.521 [scala-execution-context-global-11] INFO  HelperUtils.Parameters$ - !QmQQ>E26%_%FlXt/Yw)_6U.Jt
03:30:24.522 [main] INFO  GenerateLogData$ - Log data generation has completed after generating 100 records.
