03:22:48.763 [main] INFO  GenerateLogData$ - Log data generator started...
03:22:48.959 [main] WARN  HelperUtils.Parameters$ - Max count 100 is used to create records instead of timeouts
03:22:49.817 [scala-execution-context-global-11] WARN  HelperUtils.Parameters$ - s%]s,+2k|D}K7b/XCwG&@7HDPR8z
03:22:49.862 [scala-execution-context-global-11] INFO  HelperUtils.Parameters$ - ;kNI&V%v<c#eSDK@lPY(
03:22:50.259 [scala-execution-context-global-11] INFO  HelperUtils.Parameters$ - l9]|92!uHUQ/IVcz~(;.Uz%K*5jTUd08
03:22:50.300 [scala-execution-context-global-11] INFO  HelperUtils.Parameters$ - G3sw7^U<^q^Cl!aMTDbNz<:$;?e<.0JD_'
03:22:50.853 [scala-execution-context-global-11] WARN  HelperUtils.Parameters$ - A><YFqpg+~"E1T
03:22:51.506 [scala-execution-context-global-11] DEBUG HelperUtils.Parameters$ - JrQB;P0"&+6;&Dk-
03:22:52.387 [scala-execution-context-global-11] INFO  HelperUtils.Parameters$ - OsI1`qAeU5H;\+
03:22:52.843 [scala-execution-context-global-11] INFO  HelperUtils.Parameters$ - [h!Q9PEY>L(NpKLBO"Gjo:=4kRXQ_tZ!
03:22:53.392 [scala-execution-context-global-11] INFO  HelperUtils.Parameters$ - B?y&C"C5rsb:2037;f&|vM#x?z|Ny|&<44Z8B&rF1#&M
03:22:54.375 [scala-execution-context-global-11] WARN  HelperUtils.Parameters$ - x2oBSI0/\%CdfV2%ChSsnZ7vJo=2qJqZ%."kbc!0ne`y&m
03:22:54.740 [scala-execution-context-global-11] ERROR HelperUtils.Parameters$ - ihu}!A2]*07}|,lc
03:22:55.664 [scala-execution-context-global-11] INFO  HelperUtils.Parameters$ - CC]>~R#,^#0JWyESarZdETDcvk)Yk'I?
03:22:56.330 [scala-execution-context-global-11] WARN  HelperUtils.Parameters$ - Swq;g+6M:?820=Gmd#.p)sFaqoKc^mm](.A8Z-4-].tp|cfR\~rc(m^{
03:22:57.116 [scala-execution-context-global-11] INFO  HelperUtils.Parameters$ - zXK=Fze%-6Iv-^q{zhG|EUzvd);tOj-:
03:22:57.384 [scala-execution-context-global-11] INFO  HelperUtils.Parameters$ - ^<A>61@{3[KEk@M/Xh-q%sco3Dkwq~
03:22:58.058 [scala-execution-context-global-11] WARN  HelperUtils.Parameters$ - Bv^B8Re'$VG)[P".g*?f<G\l5n.18B|i<E&rgPQZ;wBeA{4O/fy+Pp
03:22:58.166 [scala-execution-context-global-11] WARN  HelperUtils.Parameters$ - k1H+R#/%d0>Q>N:6\enT]U
03:22:58.406 [scala-execution-context-global-11] INFO  HelperUtils.Parameters$ - 8G;,3m_T`G#H]&Yh:Ei1%fp''5`R8nD6jY9gae3Q8oaf1D8w%<Bqz8fMm#{JWqMdoc_2N/|wf8]
03:22:58.883 [scala-execution-context-global-11] DEBUG HelperUtils.Parameters$ - -GMUh&}Yy`1/ebf0D7uaf1I5jaf1yJjCp:lW$L\xC
03:22:59.385 [scala-execution-context-global-11] WARN  HelperUtils.Parameters$ - p>.()gLQP@1$zf,*rm`07I\e|Kb$}#hGC[_o\?djpG5B1u
03:22:59.899 [scala-execution-context-global-11] INFO  HelperUtils.Parameters$ - OEgre|:(vo5s"Y*JS{&w6M9&4J<+0,e_:T
03:23:00.642 [scala-execution-context-global-11] DEBUG HelperUtils.Parameters$ - HwuPwl?/H*sJ-kG1d4~_K^@sk1u?-m;b$G(:O7No
03:23:00.808 [scala-execution-context-global-11] INFO  HelperUtils.Parameters$ - -JiJg<"<5#{iO$5}Vzw,:,<)J~*@.9
03:23:01.471 [scala-execution-context-global-11] INFO  HelperUtils.Parameters$ - 9hEhm!XEc#zfR*lq#OK9oag3D6vY5uL6kP7vae3ag0U5obf00EE~bT?e,y6,umV:M-
03:23:02.291 [scala-execution-context-global-11] INFO  HelperUtils.Parameters$ - x["pVl7ppt`pv'?!cR-^V6
03:23:02.750 [scala-execution-context-global-11] INFO  HelperUtils.Parameters$ - `ovQ#8hY#~0*&=E|q&#TkMK6.G_TW5$zF~:M-;gVR3^z9t_w"T1*zh+.#D.t
03:23:02.786 [scala-execution-context-global-11] WARN  HelperUtils.Parameters$ - msd7q1<Dnmo8(%w%Y;*d*_
03:23:03.535 [scala-execution-context-global-11] INFO  HelperUtils.Parameters$ - (%'_pT3L>pYa^Gg)h*E!0>1}gMX~XE%mdh`/qc/?deIT*~5K
03:23:03.742 [scala-execution-context-global-11] INFO  HelperUtils.Parameters$ - hr*u/lF0*Zo&bG54;3f]Ek1t]zUC,ge^BR<%\2=IxBk2z`%rrcA5p3&sPd
03:23:04.440 [scala-execution-context-global-11] WARN  HelperUtils.Parameters$ - ~AeP:FoVdx-Q9%ak"O4gTBLnd`uo$:&)W9:>"r,XsN)\,4P0Ilv[~xj|g>
03:23:04.765 [scala-execution-context-global-11] ERROR HelperUtils.Parameters$ - +o'dL)EzwHq?0Z>vM!}<
03:23:05.468 [scala-execution-context-global-11] WARN  HelperUtils.Parameters$ - ;C|u6*~FJ%G~5-l7s`ZM/P{Zz7P<WRt}ARQ69'Z/)js:
03:23:05.957 [scala-execution-context-global-11] WARN  HelperUtils.Parameters$ - 6=e{vD]ctm#!KVl/)7GpsER;X}GH{=N*?SnN
03:23:06.358 [scala-execution-context-global-11] INFO  HelperUtils.Parameters$ - B"eK9{xw.P^q0zNa8]$Oshk5B-?_}N/Umu&iSqOK0c(e"uMbk%
03:23:07.125 [scala-execution-context-global-11] INFO  HelperUtils.Parameters$ - 3d[TXg;:s[|MbHsmT@:QUW]Pz!H"
03:23:07.443 [scala-execution-context-global-11] INFO  HelperUtils.Parameters$ - Z?QuXk}w?"YrD/l+NdB!2$c$i[}x2|nO}I"kc`wz_}EiEUHXW\
03:23:08.051 [scala-execution-context-global-11] WARN  HelperUtils.Parameters$ - _[ygyD#l>"pm^\}:HDlMUkyA
03:23:08.602 [scala-execution-context-global-11] WARN  HelperUtils.Parameters$ - w10UxXP:>wiT[H1m<11!j+&}xg8H#*)N?o]K,|%^LNG?RriFW$v(
03:23:09.269 [scala-execution-context-global-11] DEBUG HelperUtils.Parameters$ - 358N{2N5ER(G0An%MP
03:23:09.837 [scala-execution-context-global-11] INFO  HelperUtils.Parameters$ - %zjM\JdGqqES\)tq'QDd`hke"R<C3^-1"K~Z@,>,}im7Ua{X-;+jOFZ]".
03:23:10.632 [scala-execution-context-global-11] WARN  HelperUtils.Parameters$ - X:L@xuz.Z=$p"7)..K`@/=T4*!L)".,ovHLbeRJOwW_2]=a@A"RWQI
03:23:10.879 [scala-execution-context-global-11] INFO  HelperUtils.Parameters$ - d2+XA5kk"x>[4~
03:23:11.681 [scala-execution-context-global-11] INFO  HelperUtils.Parameters$ - 6WvddW.x_ha!D5~a+]r[7R@xxDjprem#07#ackc'oT~Soi
03:23:12.501 [scala-execution-context-global-11] INFO  HelperUtils.Parameters$ - ]qgT0y.mN,DB5#T#-7Av!%m$(<_"!Awr#:S91*lJA!}mFr;&KC`@hr1A
03:23:12.886 [scala-execution-context-global-11] DEBUG HelperUtils.Parameters$ - c|es@q1?h%({lJD.Z;V}.8f&<us)*93,~E[+}AmVX^s@{D`#Mlwe{.t\"l
03:23:13.444 [scala-execution-context-global-11] WARN  HelperUtils.Parameters$ - _$RrZE'l#HB`j`NWI,bbGM$?6DJ>G"&{=Xy7&E4oD8:|
03:23:13.625 [scala-execution-context-global-11] INFO  HelperUtils.Parameters$ - 8H]2$,KFTN1{=Q?`MVFaF10vO!I'f-
03:23:14.408 [scala-execution-context-global-11] INFO  HelperUtils.Parameters$ - |r={V$#`b0G'$f`6<*m/SmwO8.^xMULl&n?6"86^KksP%%S|N'6$-"
03:23:15.200 [scala-execution-context-global-11] INFO  HelperUtils.Parameters$ - g`0Knvxb.G<8UCMXKeHrdfFBj6cySD54Ev~0}Aam3]#'1Xz>3mw%YV
03:23:15.482 [scala-execution-context-global-11] INFO  HelperUtils.Parameters$ - kIpRPa?:r#KG:+{mibis^(vn<MN:U'fO"M!^XV9jf-la,1~t
03:23:15.897 [scala-execution-context-global-11] INFO  HelperUtils.Parameters$ - gg5;C}!=^%;;A^BC6!ZU;|(o`'{VM%M]h(iX
03:23:16.166 [scala-execution-context-global-11] INFO  HelperUtils.Parameters$ - |s(N_(N({3u_r=>?0&P[b4I7hce3T9gA5gag3V5kB7lnuQ^hB2<sSLRV&Ak0Sz=(X
03:23:16.876 [scala-execution-context-global-11] INFO  HelperUtils.Parameters$ - d@,c&VNWsYby0%a9
03:23:17.683 [scala-execution-context-global-11] INFO  HelperUtils.Parameters$ - "p2Q#r|506?0|W0\[*CCs|92q~]|7wGL{ESF3#Rvw/~@NJ7e[h
03:23:18.219 [scala-execution-context-global-11] WARN  HelperUtils.Parameters$ - '*rQKIHd!06r"[ec-|e]]6(`-6sxiZ&@
03:23:18.558 [scala-execution-context-global-11] WARN  HelperUtils.Parameters$ - 0glPYX?18`w~XHNsJEKzR@}wHWkZeoeG9*b4wd(e#`+>Bi&:\Jv.wo
03:23:18.861 [scala-execution-context-global-11] INFO  HelperUtils.Parameters$ - Dt:wj$L~3K2M\]2L9{CG6{jKFM{$;_
03:23:19.475 [scala-execution-context-global-11] INFO  HelperUtils.Parameters$ - rA)='yQcXi8k*(B^!@?5.*{=W|&/?gyV
03:23:20.181 [scala-execution-context-global-11] WARN  HelperUtils.Parameters$ - Z)R=]tyNVAHX
03:23:20.601 [scala-execution-context-global-11] WARN  HelperUtils.Parameters$ - /EFJ5{Q1TXI-%]$o_;?3pqmn
03:23:21.336 [scala-execution-context-global-11] INFO  HelperUtils.Parameters$ - K6yFrX2m.O$+cugL6DC}Ze9yVlOaQ8
03:23:21.504 [scala-execution-context-global-11] INFO  HelperUtils.Parameters$ - P%X{y8.cl+iBYvgXGg
03:23:21.572 [scala-execution-context-global-11] INFO  HelperUtils.Parameters$ - YlhshL=LFUtHDad!*Tnw>dHvq3YHav>Sg,rH+~9pwd
03:23:22.024 [scala-execution-context-global-11] DEBUG HelperUtils.Parameters$ - .V#D58KHF:|:KeS]axE+)hYtVb
03:23:22.041 [scala-execution-context-global-11] INFO  HelperUtils.Parameters$ - c%trAHNn=}U]U9hcf3ae2V7jaf1{R`ty>4E/F$Q
03:23:22.362 [scala-execution-context-global-11] INFO  HelperUtils.Parameters$ - K%<g9U$Xqc+6a4#?31K!?F\2d\LB>NMDMk76N(*Lmgal*942~to.uxy"oM
03:23:23.125 [scala-execution-context-global-11] INFO  HelperUtils.Parameters$ - 71ih$-Q|=!L>8zHqT63+E$9hEyTPla$k
03:23:23.335 [scala-execution-context-global-11] INFO  HelperUtils.Parameters$ - ~]d_6k0jS,'9<X+Yzs0{/zzby@c7h>`{"RcNk@T?n/483z2'JW[+K0NK(;
03:23:24.292 [scala-execution-context-global-11] INFO  HelperUtils.Parameters$ - e"U8_]BH$BwC_?
03:23:24.747 [scala-execution-context-global-11] INFO  HelperUtils.Parameters$ - HeD72UW-x3R8Vk$KI`gMB(=iC`
03:23:25.726 [scala-execution-context-global-11] WARN  HelperUtils.Parameters$ - X))Ibqtp8=^|BBz^X&,$!ehGp"1"Tp^F1dq1nd'^
03:23:26.052 [scala-execution-context-global-11] INFO  HelperUtils.Parameters$ - yBV3oT0x[nwd0+(Z(X;E!b3Zpe%!K2LN:fDT0$
03:23:26.102 [scala-execution-context-global-11] WARN  HelperUtils.Parameters$ - f9@FeX:|KK4_n|]oJ(D32O
03:23:26.446 [scala-execution-context-global-11] INFO  HelperUtils.Parameters$ - O^?Svp3"tJq~{7<4d*Pl")b^NCeU?d
03:23:27.370 [scala-execution-context-global-11] INFO  HelperUtils.Parameters$ - 6lWXA8qK=f!EVbCn$Lb@D{so.;!#*t^Q\[=L/w%z5QiU;1gU3z|B
03:23:27.992 [scala-execution-context-global-11] INFO  HelperUtils.Parameters$ - +OIHG>D&1]O?ZV,cNYH-~i[0&n<L}Xfuf:LtAX
03:23:28.447 [scala-execution-context-global-11] INFO  HelperUtils.Parameters$ - R*l#Y3s8r"K<xQpa'%%,,+yD2_&+P>i\6*VFNAz|a$<Pz??9
03:23:28.889 [scala-execution-context-global-11] WARN  HelperUtils.Parameters$ - ]kClc|1k1>lM>'zNaz{skb[iI>W5,ZhS-k
03:23:29.038 [scala-execution-context-global-11] INFO  HelperUtils.Parameters$ - 0rb@]_&2^C^IFS8V1cc.a86J/u@UxEBiP$]s%_L)W&N3iP:nt[7}
03:23:29.788 [scala-execution-context-global-11] INFO  HelperUtils.Parameters$ - 2t,Dpsz4**>#
03:23:29.870 [scala-execution-context-global-11] INFO  HelperUtils.Parameters$ - b~q'uT;jl.deh5iDA%yKz'ta&).v
03:23:30.717 [scala-execution-context-global-11] INFO  HelperUtils.Parameters$ - %xRI}8yhu/9&_4T?L1I]/6
03:23:31.620 [scala-execution-context-global-11] WARN  HelperUtils.Parameters$ - C'8E2*9Q*=Nm:"V>D,s7Hhr`uI!bDmv&
03:23:31.933 [scala-execution-context-global-11] INFO  HelperUtils.Parameters$ - ext#@C|wj^W<N,%`
03:23:32.201 [scala-execution-context-global-11] WARN  HelperUtils.Parameters$ - GtmtOx4.epuSPn&`|bn1im7'CMleT-W2xm@Q
03:23:33.034 [scala-execution-context-global-11] WARN  HelperUtils.Parameters$ - r:)<l7R]aYY1wBE!s@iM%N\c<}]v({=101(d+COLO;#{tK
03:23:33.727 [scala-execution-context-global-11] INFO  HelperUtils.Parameters$ - G8rX<(Qm}p3-~[ySQ$
03:23:34.058 [scala-execution-context-global-11] INFO  HelperUtils.Parameters$ - G*xApnUYPn'vLUcR,-bQ*/
03:23:34.267 [scala-execution-context-global-11] INFO  HelperUtils.Parameters$ - s{J'N0*v?\ewg@z:V`4B)6Fj;'<{
03:23:35.080 [scala-execution-context-global-11] INFO  HelperUtils.Parameters$ - FSG"?a5{o`#^Y&iw0hMm9\?s&v5b.~B$I%J&
03:23:35.292 [scala-execution-context-global-11] INFO  HelperUtils.Parameters$ - ##x$%8!)jiK%nkNEFMT=65LA<!}_FK8~A_
03:23:36.151 [scala-execution-context-global-11] INFO  HelperUtils.Parameters$ - JHxNQc8,JJeg4cmrhEQk\uaTDW`5<%fOLS^"uKxc3foDB#S2Ya4!aH
03:23:36.923 [scala-execution-context-global-11] INFO  HelperUtils.Parameters$ - 4w(I9$~T@;LDSMuw6YP-6f5})Q5uOW-i_(ZiISEl
03:23:37.175 [scala-execution-context-global-11] INFO  HelperUtils.Parameters$ - ~hVk2(!ESZ1@ZT5IFUd6T"Du9#A:&z&<dJK%iB".:y[\--Gm@sSr2LLe$}Ui
03:23:37.705 [scala-execution-context-global-11] WARN  HelperUtils.Parameters$ - Ju@i,EHovA7fce0A5uce1ag3|E_-\$I1F
03:23:38.685 [scala-execution-context-global-11] WARN  HelperUtils.Parameters$ - +[5Ncf72>a$/N>{,W3qL/iWJ4"XP
03:23:38.936 [scala-execution-context-global-11] INFO  HelperUtils.Parameters$ - 1~')l%X[OReye<*6\YoPt7jVy$C4"-Ze+uEvt5YW
03:23:39.751 [scala-execution-context-global-11] INFO  HelperUtils.Parameters$ - };,V(YM7]t:~}`zTI$k+nhqU]Gj8:!MsWJhS+P
03:23:40.662 [scala-execution-context-global-11] DEBUG HelperUtils.Parameters$ - 7|k<"aE;%xcd>Au=kgC#o/eidk2^dc3%@+,*AiveGeG?Tj
03:23:41.376 [scala-execution-context-global-11] INFO  HelperUtils.Parameters$ - !RT6.St7nR2M
03:23:41.376 [main] INFO  GenerateLogData$ - Log data generation has completed after generating 100 records.
