03:23:57.028 [main] INFO  GenerateLogData$ - Log data generator started...
03:23:57.221 [main] WARN  HelperUtils.Parameters$ - Max count 100 is used to create records instead of timeouts
03:23:57.997 [scala-execution-context-global-11] WARN  HelperUtils.Parameters$ - s%]s,+2k|D}K7b/XCwG&@7HDPR8z
03:23:58.888 [scala-execution-context-global-11] INFO  HelperUtils.Parameters$ - ;kNI&V%v<c#eSDK@lPY(
03:23:59.072 [scala-execution-context-global-11] INFO  HelperUtils.Parameters$ - l9]|92!uHUQ/IVcz~(;.Uz%K*5jTUd08
03:23:59.835 [scala-execution-context-global-11] INFO  HelperUtils.Parameters$ - G3sw7^U<^q^Cl!aMTDbNz<:$;?e<.0JD_'
03:23:59.854 [scala-execution-context-global-11] WARN  HelperUtils.Parameters$ - A><YFqpg+~"E1T
03:24:00.416 [scala-execution-context-global-11] DEBUG HelperUtils.Parameters$ - JrQB;P0"&+6;&Dk-
03:24:01.120 [scala-execution-context-global-11] INFO  HelperUtils.Parameters$ - OsI1`qAeU5H;\+
03:24:01.490 [scala-execution-context-global-11] INFO  HelperUtils.Parameters$ - [h!Q9PEY>L(NpKLBO"Gjo:=4kRXQ_tZ!
03:24:01.562 [scala-execution-context-global-11] INFO  HelperUtils.Parameters$ - B?y&C"C5rsb:2037;f&|vM#x?z|Ny|&<44Z8B&rF1#&M
03:24:02.379 [scala-execution-context-global-11] WARN  HelperUtils.Parameters$ - x2oBSI0/\%CdfV2%ChSsnZ7vJo=2qJqZ%."kbc!0ne`y&m
03:24:02.950 [scala-execution-context-global-11] ERROR HelperUtils.Parameters$ - ihu}!A2]*07}|,lc
03:24:03.721 [scala-execution-context-global-11] INFO  HelperUtils.Parameters$ - CC]>~R#,^#0JWyESarZdETDcvk)Yk'I?
03:24:03.764 [scala-execution-context-global-11] WARN  HelperUtils.Parameters$ - Swq;g+6M:?820=Gmd#.p)sFaqoKc^mm](.A8Z-4-].tp|cfR\~rc(m^{
03:24:03.923 [scala-execution-context-global-11] INFO  HelperUtils.Parameters$ - zXK=Fze%-6Iv-^q{zhG|EUzvd);tOj-:
03:24:03.990 [scala-execution-context-global-11] INFO  HelperUtils.Parameters$ - ^<A>61@{3[KEk@M/Xh-q%sco3Dkwq~
03:24:04.042 [scala-execution-context-global-11] WARN  HelperUtils.Parameters$ - Bv^B8Re'$VG)[P".g*?f<G\l5n.18B|i<E&rgPQZ;wBeA{4O/fy+Pp
03:24:04.337 [scala-execution-context-global-11] WARN  HelperUtils.Parameters$ - k1H+R#/%d0>Q>N:6\enT]U
03:24:04.926 [scala-execution-context-global-11] INFO  HelperUtils.Parameters$ - 8G;,3m_T`G#H]&Yh:Ei1%fp''5`Z8scg3Y9rbg1T9hbg0O7jcf2be0be3be0%<Bqz8fMm#{JWqMdoc_2N/|wf8]
03:24:05.353 [scala-execution-context-global-11] DEBUG HelperUtils.Parameters$ - fI|%J+TPDM01GUH=)+Q"09d(tetSb}LgY>NLY`UZ%=&%<sOpsK>}Mz
03:24:05.506 [scala-execution-context-global-11] WARN  HelperUtils.Parameters$ - 7F3%B-$~;mvOg&~Zy5,{Fj
03:24:06.213 [scala-execution-context-global-11] INFO  HelperUtils.Parameters$ - $?/C,V<R!<;~$Ri<ect=
03:24:07.122 [scala-execution-context-global-11] DEBUG HelperUtils.Parameters$ - gNlL1$oBcHh$n~oJd>7<i?yL4^R?U{[I
03:24:07.437 [scala-execution-context-global-11] INFO  HelperUtils.Parameters$ - ,FN2gFvY+#AC
03:24:07.513 [scala-execution-context-global-11] INFO  HelperUtils.Parameters$ - HH8<LirNZ]]do}8W`1V056.t7!RPAscs_{6(xFx;}TiS5iMc==a%)4
03:24:08.352 [scala-execution-context-global-11] INFO  HelperUtils.Parameters$ - K*WYL<xl-2*\@,{Inghn2x
03:24:08.550 [scala-execution-context-global-11] INFO  HelperUtils.Parameters$ - bEHUtt1;5Ic:U2=4rO
03:24:09.419 [scala-execution-context-global-11] WARN  HelperUtils.Parameters$ - |G;X4*pNyYgn*7C}XC<i]*_`
03:24:09.945 [scala-execution-context-global-11] INFO  HelperUtils.Parameters$ - Zd&G`q7}!w:t#ci~/GHS=B8a
03:24:10.629 [scala-execution-context-global-11] INFO  HelperUtils.Parameters$ - k'n[{#oNY|EM41}>_z3U|&}&EZtN^a)\S7+b4A0,|N*8T4gWK.
03:24:10.695 [scala-execution-context-global-11] WARN  HelperUtils.Parameters$ - )C$S[9{q#<m@Qjag9F
03:24:11.043 [scala-execution-context-global-11] ERROR HelperUtils.Parameters$ - gidZ)'^w__hz39N'BjUmz"^_kV/>
03:24:11.936 [scala-execution-context-global-11] WARN  HelperUtils.Parameters$ - 3Fv~)NV,YUZp0{2EUr6dRk
03:24:12.787 [scala-execution-context-global-11] WARN  HelperUtils.Parameters$ - fkjVmrjV`Z>c\a:Y>,
03:24:13.037 [scala-execution-context-global-11] INFO  HelperUtils.Parameters$ - %S}nH=+A=*7jFF|ZMHfX%npLP@
03:24:13.763 [scala-execution-context-global-11] INFO  HelperUtils.Parameters$ - _1cq[D]*%=5!B>5\Q)i>@c_!o,eVp*|i~1^E};Ys0x<-PxZ%:7)MgO
03:24:13.873 [scala-execution-context-global-11] INFO  HelperUtils.Parameters$ - nFFF?T'#y^C;@%A?@X2zUi>eoJ%Owh@\>9<'=%P7@`
03:24:14.813 [scala-execution-context-global-11] WARN  HelperUtils.Parameters$ - ~=lsM[TYN>p0xj9rwM[=|:Ttm4@/tu]XinoJ8n[R
03:24:15.813 [scala-execution-context-global-11] WARN  HelperUtils.Parameters$ - e_r66qiG!-JvC'lQaml`h"G.!QI";~.c/x_e29[&yvS"
03:24:16.738 [scala-execution-context-global-11] DEBUG HelperUtils.Parameters$ - B]UJ!KN;:QKQHwC1(^fN(ZkHE*O|JX)i-FUafXGep8xb
03:24:16.930 [scala-execution-context-global-11] INFO  HelperUtils.Parameters$ - fMwid+!):+NlW}|g
03:24:17.100 [scala-execution-context-global-11] WARN  HelperUtils.Parameters$ - u+/4a3\p3FU}%oIM4.pX;hI}
03:24:17.563 [scala-execution-context-global-11] INFO  HelperUtils.Parameters$ - +Sz{8W<3vZKlEZ3]{3
03:24:18.190 [scala-execution-context-global-11] INFO  HelperUtils.Parameters$ - p4`N#13,S?a41dJ,6jcnWa@5p$8`
03:24:18.806 [scala-execution-context-global-11] INFO  HelperUtils.Parameters$ - xl]%3e@mKaE~e9!CC8hAX)(T9&RQcf'sVJ\L8lK'?kWZg~.(
03:24:19.256 [scala-execution-context-global-11] DEBUG HelperUtils.Parameters$ - "DE1`@A3U<*`4sfp9>$TWdA:ni1mGYG,'f0JnQxg[-P_B7u8;3lw
03:24:20.135 [scala-execution-context-global-11] WARN  HelperUtils.Parameters$ - <byi^Zcs"FF`b/Ce%PzJ?'MT7oOeC24i>+)d,~n'a5{%GA_QzWU!WTvyHWUv
03:24:20.787 [scala-execution-context-global-11] INFO  HelperUtils.Parameters$ - ^dHqQFvgj_.V]KJK56BJ_E$I`-_h7[6(j`nCeP`/S}"a="BXtV^WRT*pN.
03:24:21.596 [scala-execution-context-global-11] INFO  HelperUtils.Parameters$ - 29{p8@rW%nT(5kZYDwEmNlUZfaI-Xq,-Z+NO
03:24:22.452 [scala-execution-context-global-11] INFO  HelperUtils.Parameters$ - UR>\}X^ZqKo[9n
03:24:23.246 [scala-execution-context-global-11] INFO  HelperUtils.Parameters$ - ^5a9~CJ)N-|1~~u\{"-wgH;[Dl
03:24:24.062 [scala-execution-context-global-11] INFO  HelperUtils.Parameters$ - _Pbwaba0{0B%yA
03:24:25.060 [scala-execution-context-global-11] INFO  HelperUtils.Parameters$ - vVkQ~*4?6J#kueL>((2vv#B(rv>zPM/9#D+e;288EXG;R|l$n(G\E7
03:24:25.635 [scala-execution-context-global-11] INFO  HelperUtils.Parameters$ - oXXWOBt`[;p%&id6ed0hn&1y.=hc
03:24:25.969 [scala-execution-context-global-11] INFO  HelperUtils.Parameters$ - p4K5?;Ic~M=L_IX$`8PC/A;PO/AEOID=/E1oAA*dE4FD-^<pY\),
03:24:26.926 [scala-execution-context-global-11] WARN  HelperUtils.Parameters$ - ci&0WQ6O6sN5nbg2N8hbg1I6vU5iF^|$my`
03:24:27.625 [scala-execution-context-global-11] WARN  HelperUtils.Parameters$ - LEfa_x\d7>ElN'+H9lae3ag3ag0F8wY6rV7pxq0$'_4V+DY7Xx,
03:24:28.459 [scala-execution-context-global-11] INFO  HelperUtils.Parameters$ - R:[sj"jLOA;pmW+Ci@!*GjJIQ86D6w_VhUYJ
03:24:29.245 [scala-execution-context-global-11] INFO  HelperUtils.Parameters$ - ypUk&U?,L=*O!!"5,&v431k2zM/Wu70#d$yS]:S@:5bv&4r_
03:24:30.035 [scala-execution-context-global-11] WARN  HelperUtils.Parameters$ - ]k,-M'bfG93V}N=RA?U2pHW#Y~|Ey'pne2|LRP^e?L
03:24:30.543 [scala-execution-context-global-11] WARN  HelperUtils.Parameters$ - bT;IVnY(F!3Z:;z.
03:24:30.644 [scala-execution-context-global-11] INFO  HelperUtils.Parameters$ - J?2(S3/O.TX+/U`YAEaY2!h^H4kV7!e2y:F7IzUR,j)/Qv#b
03:24:31.203 [scala-execution-context-global-11] INFO  HelperUtils.Parameters$ - l_bf{,2M.ymTYo}erUQ!qEid4Y<sCTkP*JSXW-`%o<rNMpJ"jqQm(c6"!t`s
03:24:31.245 [scala-execution-context-global-11] INFO  HelperUtils.Parameters$ - Ozvx";qMFlla~~tp9F+VGs
03:24:31.386 [scala-execution-context-global-11] DEBUG HelperUtils.Parameters$ - B%JrEx+/Ze+N0~g=3$asNJQ.a)2-Iej3(=_cjPL62%P*(3BWRi
03:24:32.242 [scala-execution-context-global-11] INFO  HelperUtils.Parameters$ - |*Kty*5r\eW1."rTKpRc}JEbf3ae2ae3ag1cf3Z5hh@Iv9NpggfycmIW2h99N5K<
03:24:33.053 [scala-execution-context-global-11] INFO  HelperUtils.Parameters$ - u(z$$B6-7'cXdl>2H?\r8;?%Pl}$:"/P}#bI,V=e:_eV@vHU#M
03:24:33.467 [scala-execution-context-global-11] INFO  HelperUtils.Parameters$ - 4`{{JwbXm*qj$$j{cwbHV#0WzvZVu`{o'Nq8e|@J?AQ06!>svs
03:24:33.714 [scala-execution-context-global-11] INFO  HelperUtils.Parameters$ - bT,|XbDWY",C9ncg0S6icg3P7tG6tag3B8ice2Q5jF5o{b%@@!=SAMZ
03:24:34.023 [scala-execution-context-global-11] INFO  HelperUtils.Parameters$ - UjpzD/HKU"j44<m7n{{9Pd
03:24:34.825 [scala-execution-context-global-11] INFO  HelperUtils.Parameters$ - \=;h&?hW:=G(eQ;9<rmLqh'jx5BO
03:24:35.147 [scala-execution-context-global-11] WARN  HelperUtils.Parameters$ - RRqR?r-2#Zr,\xYdQHJut2T'2N5[%RRs`qPqm/4vK_.OtI<~cDvt8V$L
03:24:35.746 [scala-execution-context-global-11] INFO  HelperUtils.Parameters$ - @g}:<WK:eX5%J$<Qf~P(\zmB
03:24:35.809 [scala-execution-context-global-11] WARN  HelperUtils.Parameters$ - NlK$$R7{Bt~`DpK-8XPv?$
03:24:35.992 [scala-execution-context-global-11] INFO  HelperUtils.Parameters$ - &}PGfYy7l%5_,9e][-EkgH*C5iW8hae2cg2C7fcf2:nykxn{u..P+a6XyIP{2"[[
03:24:36.254 [scala-execution-context-global-11] INFO  HelperUtils.Parameters$ - l}W'1VW"[A\<3AU*(+iPU{c`J&j_]UOa
03:24:36.481 [scala-execution-context-global-11] INFO  HelperUtils.Parameters$ - YbfkH*;,bSh'$a9Yco[+)h&L#x?|F]U-Hb
03:24:36.933 [scala-execution-context-global-11] INFO  HelperUtils.Parameters$ - UxXO)F38.:W:o5Bz
03:24:37.765 [scala-execution-context-global-11] WARN  HelperUtils.Parameters$ - /0eszc5#;!)-E6hfL_l=OB^!c#_B^Z8o9Q/SpYpx;6o%IQL3rdOBS{.{Bsnh
03:24:38.507 [scala-execution-context-global-11] INFO  HelperUtils.Parameters$ - %N5N$*bvV:M7|q2>t0p~(eIcY^6Mxah+bkmz85
03:24:38.688 [scala-execution-context-global-11] INFO  HelperUtils.Parameters$ - ~4}@)`YRC#nP<SA2BcPz4xj'LJ^EKC
03:24:38.707 [scala-execution-context-global-11] INFO  HelperUtils.Parameters$ - {^4Mqn_'%WB3P1sWH3r389x59yi0H.A5b}m8|X
03:24:39.196 [scala-execution-context-global-11] INFO  HelperUtils.Parameters$ - O*T_[M{#&L(dO$kzI6Y6/fX}-VQ5jF7kag0ag2be1b0Xg{81-T3J;x^J+#9jc;Uq=z.
03:24:39.818 [scala-execution-context-global-11] WARN  HelperUtils.Parameters$ - MK>t2UM%0%p{
03:24:40.139 [scala-execution-context-global-11] INFO  HelperUtils.Parameters$ - )VW't3C9"$rxhumvV&<zmuQE.#5y/v-Q%%V$L:!%;~GtPVN$5HmY+q
03:24:41.061 [scala-execution-context-global-11] WARN  HelperUtils.Parameters$ - A6g*g\wG:Gw,\v)p
03:24:41.355 [scala-execution-context-global-11] WARN  HelperUtils.Parameters$ - R@&YtwD"A~#j+9:3#?yH8ptz!DrBKo-?l%
03:24:41.537 [scala-execution-context-global-11] INFO  HelperUtils.Parameters$ - 4r>O%$w(;f|5yO*X+W[-Q?I"ki_-n_EiG:$]
03:24:41.614 [scala-execution-context-global-11] INFO  HelperUtils.Parameters$ - rY#dxg)9HOtNj67\7PzlH94}70<r4vyUA=q'u'<iP},Krd~~
03:24:42.088 [scala-execution-context-global-11] INFO  HelperUtils.Parameters$ - ;&bGaJwtiana;}#(-s]V?xu/XGI%Ou1{,(fbygzEE:K]
03:24:42.788 [scala-execution-context-global-11] INFO  HelperUtils.Parameters$ - bTTX`N<Q=eh0P.CiC}X1Q7-+f1Z_
03:24:43.646 [scala-execution-context-global-11] INFO  HelperUtils.Parameters$ - %aGYJ+=57Y`xj}E(m<A{[PW:F'+,\<SHy"r<}04nJ<(CK,PQm.
03:24:44.639 [scala-execution-context-global-11] INFO  HelperUtils.Parameters$ - HI#|phWQ0F?FN*=CqM,opR1$zWsw7blQ^c=<kPpsH0lT
03:24:44.884 [scala-execution-context-global-11] INFO  HelperUtils.Parameters$ - A=M,e@qNhmQ2R!)JCSkSvty;/g8kbU]H8ars8/_h2=P3,>h1KW
03:24:45.525 [scala-execution-context-global-11] INFO  HelperUtils.Parameters$ - &!imjV66)SBL21z8
03:24:45.790 [scala-execution-context-global-11] WARN  HelperUtils.Parameters$ - tC%}LBMMQx(($/be3af3C7vbe2be0be3K7rLshicxkY8/C<Vt
03:24:46.555 [scala-execution-context-global-11] WARN  HelperUtils.Parameters$ - `,>jyH*V!-]8,p(T9~[NF9h^9/&GHloS"t~D:R1o-[
03:24:46.684 [scala-execution-context-global-11] INFO  HelperUtils.Parameters$ - k87;)dFq)9ZhA!
03:24:46.986 [scala-execution-context-global-11] INFO  HelperUtils.Parameters$ - Y$]<t0l631rv^X)#?=JEJkm03w/d{A5s"78;It
03:24:47.689 [scala-execution-context-global-11] DEBUG HelperUtils.Parameters$ - \DL=g36}.`?rU2Z%FhK8P[kti@FO.6q+y33o
03:24:48.042 [scala-execution-context-global-11] INFO  HelperUtils.Parameters$ - {O:f6A3IAaZ'gr@WcompMMY{EbU7{'
03:24:48.043 [main] INFO  GenerateLogData$ - Log data generation has completed after generating 100 records.
