03:28:34.829 [main] INFO  GenerateLogData$ - Log data generator started...
03:28:35.023 [main] WARN  HelperUtils.Parameters$ - Max count 100 is used to create records instead of timeouts
03:28:35.238 [scala-execution-context-global-11] WARN  HelperUtils.Parameters$ - s%]s,+2k|D}K7b/XCwG&@7HDPR8z
03:28:35.357 [scala-execution-context-global-11] INFO  HelperUtils.Parameters$ - ;kNI&V%v<c#eSDK@lPY(
03:28:35.470 [scala-execution-context-global-11] INFO  HelperUtils.Parameters$ - l9]|92!uHUQ/IVcz~(;.Uz%K*5jTUd08
03:28:36.458 [scala-execution-context-global-11] INFO  HelperUtils.Parameters$ - G3sw7^U<^q^Cl!aMTDbNz<:$;?e<.0JD_'
03:28:36.704 [scala-execution-context-global-11] WARN  HelperUtils.Parameters$ - A><YFqpg+~"E1T
03:28:37.535 [scala-execution-context-global-11] DEBUG HelperUtils.Parameters$ - JrQB;P0"&+6;&Dk-
03:28:38.065 [scala-execution-context-global-11] INFO  HelperUtils.Parameters$ - OsI1`qAeU5H;\+
03:28:38.931 [scala-execution-context-global-11] INFO  HelperUtils.Parameters$ - [h!Q9PEY>L(NpKLBO"Gjo:=4kRXQ_tZ!
03:28:39.037 [scala-execution-context-global-11] INFO  HelperUtils.Parameters$ - B?y&C"C5rsb:2037;f&|vM#x?z|Ny|&<44Z8B&rF1#&M
03:28:39.657 [scala-execution-context-global-11] WARN  HelperUtils.Parameters$ - x2oBSI0/\%CdfV2%ChSsnZ7vJo=2qJqZ%."kbc!0ne`y&m
03:28:39.890 [scala-execution-context-global-11] ERROR HelperUtils.Parameters$ - ihu}!A2]*07}|,lc
03:28:40.643 [scala-execution-context-global-11] INFO  HelperUtils.Parameters$ - CC]>~R#,^#0JWyESarZdETDcvk)Yk'I?
03:28:41.620 [scala-execution-context-global-11] WARN  HelperUtils.Parameters$ - Swq;g+6M:?820=Gmd#.p)sFaqoKc^mm](.A8Z-4-].tp|cfR\~rc(m^{
03:28:41.871 [scala-execution-context-global-11] INFO  HelperUtils.Parameters$ - zXK=Fze%-6Iv-^q{zhG|EUzvd);tOj-:
03:28:42.050 [scala-execution-context-global-11] INFO  HelperUtils.Parameters$ - ^<A>61@{3[KEk@M/Xh-q%sco3Dkwq~
03:28:42.702 [scala-execution-context-global-11] WARN  HelperUtils.Parameters$ - Bv^B8Re'$VG)[P".g*?f<G\l5n.18B|i<E&rgPQZ;wBeA{4O/fy+Pp
03:28:43.684 [scala-execution-context-global-11] WARN  HelperUtils.Parameters$ - k1H+R#/%d0>Q>N:6\enT]U
03:28:44.013 [scala-execution-context-global-11] INFO  HelperUtils.Parameters$ - 8G;,3m_T`G#H]&Yh:Ei1%fp''5`ce2U5nT6hN5vcg3%<Bqz8fMm#{JWqMdoc_2N/|wf8]
03:28:44.213 [scala-execution-context-global-11] DEBUG HelperUtils.Parameters$ - 21VFcU=ogkcIlH~6R\?Jhf)bM;Iegy)DAkOC3:$`ltRJ-0eB,o
03:28:44.486 [scala-execution-context-global-11] WARN  HelperUtils.Parameters$ - %sGb~Fb!h-x_cd4#)uV@S)UOBw"`:diFO$Jb~K]spy)al&gTW8k7
03:28:45.124 [scala-execution-context-global-11] INFO  HelperUtils.Parameters$ - km_8T>}Y>]v?CyK[ICVk!&`|eRcO;ov=kh]iSALWwM,r`rQu4w*$wRUJ
03:28:46.025 [scala-execution-context-global-11] DEBUG HelperUtils.Parameters$ - 0sQ.O-]]"P*l
03:28:46.624 [scala-execution-context-global-11] INFO  HelperUtils.Parameters$ - fj9u,|CY0w.2%8\fN(8f@>'8dn~7
03:28:47.002 [scala-execution-context-global-11] INFO  HelperUtils.Parameters$ - SEuBD~BZ)_c*mmZz
03:28:47.636 [scala-execution-context-global-11] INFO  HelperUtils.Parameters$ - yYTU&i/EH}9@O;ug`$upy0IC,fWM.Ebg0ag3bf0M7qce26L2LgvD`[rmK,)z1g0U~oPun>NMqgp
03:28:48.413 [scala-execution-context-global-11] INFO  HelperUtils.Parameters$ - o&_)$bBoo#F|_cWvRp$}|lZ@u}B?9@BfXYRt-)(J}D^uUDv9>%F+yzSH_|
03:28:48.715 [scala-execution-context-global-11] WARN  HelperUtils.Parameters$ - hthr#EH`+bZO:1je_4;3FG"'6O:Tam='x=wOUd[0ye$"Wzwi!s
03:28:49.158 [scala-execution-context-global-11] INFO  HelperUtils.Parameters$ - 3,\|S,<1:g%r;t~\nO2L('N?)gKkFiOWwL.U<rJZX3
03:28:49.633 [scala-execution-context-global-11] INFO  HelperUtils.Parameters$ - 'd4Gm'Nv0z5.7#yDq0=iBx#[S&lM4F4JYsqo
03:28:49.963 [scala-execution-context-global-11] WARN  HelperUtils.Parameters$ - &KM;PWK!TZK,t7>=u=(n)Q8H+xoz#Dotq=*d{W-L9SEa~mf+O2?R[I:V<V2b
03:28:50.910 [scala-execution-context-global-11] ERROR HelperUtils.Parameters$ - be>b=}4=V~$1k/}L,7@`
03:28:51.768 [scala-execution-context-global-11] WARN  HelperUtils.Parameters$ - /-#Vy^#"h5Rm@NMQe@YR;{p%6Bue*8b/T"Ux<:xt.f=d3]v__Vs\Nl>z
03:28:52.183 [scala-execution-context-global-11] WARN  HelperUtils.Parameters$ - q2:$((E$<(,v\r8^%?zr%cYcq/>V7"k(nT;},a{P
03:28:52.209 [scala-execution-context-global-11] INFO  HelperUtils.Parameters$ - 0e7f4~][a*`OAOq5.'Q:b&T|BKqXs8uB,?v"RvXIn5
03:28:52.424 [scala-execution-context-global-11] INFO  HelperUtils.Parameters$ - nz7hW&LtVm<}m*(2._Qp-?CeN7#DZiV6B?W*L7}nrUW4
03:28:53.145 [scala-execution-context-global-11] INFO  HelperUtils.Parameters$ - /{JnVY-ucg1be3ag1be2bf0bf1E9iA7rcf0V5pae2V5u{jJ3vxXE
03:28:53.606 [scala-execution-context-global-11] WARN  HelperUtils.Parameters$ - \45|lmvXVQu#+hYw\3EzP(WJVnVu+;`FCf',Lbe_yp]*o1'%Ke}9GI^?
03:28:54.194 [scala-execution-context-global-11] WARN  HelperUtils.Parameters$ - -1(l_E33!Tpwq;1(q,
03:28:54.283 [scala-execution-context-global-11] DEBUG HelperUtils.Parameters$ - el1*3+";iyE1'OG=uW*@Dpj%jr"S
03:28:55.067 [scala-execution-context-global-11] INFO  HelperUtils.Parameters$ - -!9Rz.5L|qmrRO)q?>G@tADA5iae3ce1D5obe2~=/k;R#qUC']dGno3@b|z,'
03:28:55.668 [scala-execution-context-global-11] WARN  HelperUtils.Parameters$ - Y4Ya=W7$C]hUbyRN/Oko~X@7$)C8eE}+ws?%KYeOS~
03:28:56.455 [scala-execution-context-global-11] INFO  HelperUtils.Parameters$ - 8RURPuD)6I9uaf2ag1bg0A7vA7uAqn0Mk=oA
03:28:57.087 [scala-execution-context-global-11] INFO  HelperUtils.Parameters$ - !R~zm2g@8oR~'0:q<*LWX;=v'5#"Ub\JhAl|{pD>_Tm@ho_*
03:28:57.247 [scala-execution-context-global-11] INFO  HelperUtils.Parameters$ - 5O981#4e(H'Fp3Mt],WwWbd/d,RB1T>%zlJRgbZ{0P^'z}:n?eW5
03:28:58.043 [scala-execution-context-global-11] DEBUG HelperUtils.Parameters$ - =rs<~Q>@NZm:Us@lU;oGG/O*`ag3W6hW9fT6tT8jG8iL5mbe1W8sD9wag3=;<jQ]we?pK"NuHSx{(P/u'Y4
03:28:58.673 [scala-execution-context-global-11] WARN  HelperUtils.Parameters$ - EQ,J!w.h|Qajnf?Qakbr4O6BNu}57=1!srsSn\pK>@*c2{"kSQ4u
03:28:59.195 [scala-execution-context-global-11] INFO  HelperUtils.Parameters$ - (ezdlaKaqC_PRM:45mQY2_auimV<
03:28:59.867 [scala-execution-context-global-11] INFO  HelperUtils.Parameters$ - >Kr=,F]wU8Em}cS|:%\"n>X0
03:29:00.258 [scala-execution-context-global-11] INFO  HelperUtils.Parameters$ - s$9`+M$#~;lr%I2ueo4%"c)m7'<g{SlJf]rvfZ|w~UC>Trvclg
03:29:00.837 [scala-execution-context-global-11] INFO  HelperUtils.Parameters$ - $8l?;^/t?y_0wuY,f!-Y?zQ5sA5uI6kcg1bg1T5nx[{+p.#P9JV*|PZ2a+E:I"
03:29:00.950 [scala-execution-context-global-11] INFO  HelperUtils.Parameters$ - ~waH2{a\,&qc~B?&NsI_V'(}y]Zd'dE@Y=/[lm?[
03:29:00.993 [scala-execution-context-global-11] INFO  HelperUtils.Parameters$ - @h2uhBoTfU.7@9'Ivftk
03:29:01.177 [scala-execution-context-global-11] INFO  HelperUtils.Parameters$ - M7k@;=*aae3F5faf3W6rbe2ae1%M1'"0,M
03:29:01.324 [scala-execution-context-global-11] INFO  HelperUtils.Parameters$ - eL_2L6Ye#;R^bRR5C:dwX+^8)qYEWC=%.u^J3l\`MN
03:29:01.742 [scala-execution-context-global-11] WARN  HelperUtils.Parameters$ - a]c;=0K+%l"q^L"rF_j+n_5iVc
03:29:02.341 [scala-execution-context-global-11] WARN  HelperUtils.Parameters$ - xI=H,"msAdLXuR+aA;k#"+'eR+-Td>4dP2uvoQ?d5SH!+9{g
03:29:02.804 [scala-execution-context-global-11] INFO  HelperUtils.Parameters$ - WR[Gi.Z?Zrx(t@Bgcg3be0bf2af3cf1K5rA7o/wc*:QhGQ#Yn800y
03:29:03.237 [scala-execution-context-global-11] INFO  HelperUtils.Parameters$ - GnfH87qM&\K[bH'7Eg|0kM_&Doxj
03:29:04.176 [scala-execution-context-global-11] WARN  HelperUtils.Parameters$ - C`03E_2UB|xj
03:29:04.313 [scala-execution-context-global-11] WARN  HelperUtils.Parameters$ - bkd7)__3tJL#]eD`
03:29:04.682 [scala-execution-context-global-11] INFO  HelperUtils.Parameters$ - -%ZQ"hv6Jb2YTQ"%R$H9~I&0=8wiG~dfh1v.FdxN.:n>Nj:Ff<*m@>I-O#
03:29:04.778 [scala-execution-context-global-11] INFO  HelperUtils.Parameters$ - WF6T2~v@gu%DiTW#i:e}y4=F1vrZaJ5x\#TA<S[y{4:5sn?z7lZ$Cz
03:29:05.071 [scala-execution-context-global-11] INFO  HelperUtils.Parameters$ - XfNEt7)>[-B8pmDF{MG9uE
03:29:05.455 [scala-execution-context-global-11] DEBUG HelperUtils.Parameters$ - klFs0hsi{/_:7X'@YrrYt]96b{D9Bj4o!-)FB&}`
03:29:05.965 [scala-execution-context-global-11] INFO  HelperUtils.Parameters$ - {}+F\ciTa}{/SzCZ#,Wim"6Yy"[4iUB(@)9|"{OT''
03:29:06.360 [scala-execution-context-global-11] INFO  HelperUtils.Parameters$ - ex$gT[auV]!(#lvYLS#&oOh^TTh`Iq#{O&neX%7xFh}0
03:29:06.926 [scala-execution-context-global-11] INFO  HelperUtils.Parameters$ - sr!g\y/GK_f5q:C+[oY+D`XH-l&1Ko}F
03:29:07.380 [scala-execution-context-global-11] INFO  HelperUtils.Parameters$ - ~\Q|]2:Y5sqxh?"DcENfd&*!1]v*gF#2$7WI>t|+
03:29:07.604 [scala-execution-context-global-11] INFO  HelperUtils.Parameters$ - C/)aium*dAwTs4rN[M_`F!Z69<9mV{q@~D1~[N~3|dEhaU;s[D
03:29:08.098 [scala-execution-context-global-11] INFO  HelperUtils.Parameters$ - PO63RG`wS?6Cj)L!ReOP8ZbkW4GdmIE>[>PC^?ng428\cC2W
03:29:08.121 [scala-execution-context-global-11] WARN  HelperUtils.Parameters$ - 82@9aofz_E[7~mGD61tJC-x=b<9(8C
03:29:08.577 [scala-execution-context-global-11] INFO  HelperUtils.Parameters$ - 4wESeOkFz<+.;):})I+h[,T2m`IRYNhqCZppKi"HECLvz'9)Z"[#PCRCBT
03:29:09.577 [scala-execution-context-global-11] WARN  HelperUtils.Parameters$ - D!>O&qvFt+t_Cj__fkyI^JPs
03:29:10.341 [scala-execution-context-global-11] INFO  HelperUtils.Parameters$ - u.h;emgOP%X?$&InK!w%
03:29:10.381 [scala-execution-context-global-11] INFO  HelperUtils.Parameters$ - z*ADvjwN[E$JY]iS:i[Jo[Ecv4UJ'9]+Ew4s76\[vrZ(;.|O`D-kA{
03:29:10.709 [scala-execution-context-global-11] INFO  HelperUtils.Parameters$ - *#7@ik;zM6ITn{E[0T&{WrswC^blFX
03:29:10.751 [scala-execution-context-global-11] INFO  HelperUtils.Parameters$ - su~]2>[ofpR2Q=bexseB
03:29:11.473 [scala-execution-context-global-11] WARN  HelperUtils.Parameters$ - Ymq|<8^jmG}"ntA0js@cg0K6lV6mI6jag3R9wbe1Kx$'?<Dj*=UX`=F0'__
03:29:11.664 [scala-execution-context-global-11] INFO  HelperUtils.Parameters$ - VRbMeN8Ived(\=cW;eQ;G+dd|dy!Z\lIC!fch?MT
03:29:11.759 [scala-execution-context-global-11] INFO  HelperUtils.Parameters$ - k*](~<wC?s[=O*6I&XP|-;y%S%w.l"
03:29:12.193 [scala-execution-context-global-11] INFO  HelperUtils.Parameters$ - (jBN?uEDTh,KDoCY*13*M}daQ#OmD;
03:29:12.445 [scala-execution-context-global-11] INFO  HelperUtils.Parameters$ - S4cnYrrn24-|Nh
03:29:12.739 [scala-execution-context-global-11] WARN  HelperUtils.Parameters$ - yecfZq=Z%=C""gFsjK./zc,x@LW)#)*e/_%"<~]Z.cJZ%d[V`0gmLvSd
03:29:13.473 [scala-execution-context-global-11] INFO  HelperUtils.Parameters$ - 5m)eq}1Mduo#9PVW
03:29:14.067 [scala-execution-context-global-11] WARN  HelperUtils.Parameters$ - }auSbhE89^|QBhx/-p{kiC[PGPN+H~,~"\O6au0js1{_VO12
03:29:14.628 [scala-execution-context-global-11] WARN  HelperUtils.Parameters$ - {;fZ$M_348i2W::)lRAd&<,Zmyyc4yGy
03:29:15.184 [scala-execution-context-global-11] INFO  HelperUtils.Parameters$ - a2?"0/{W+s="nCTz)kaq,o.(]4ro0D,8
03:29:15.335 [scala-execution-context-global-11] INFO  HelperUtils.Parameters$ - lvY?c'Vpv|m#(g{apDFq{F|I%+0B2<UMn}n@Z@aM|4E)sD@u2>g}
03:29:16.235 [scala-execution-context-global-11] INFO  HelperUtils.Parameters$ - 6WUkLx9cSbi~T33t
03:29:17.177 [scala-execution-context-global-11] INFO  HelperUtils.Parameters$ - jZICD*#^"EhwjX4(S+bq
03:29:17.847 [scala-execution-context-global-11] INFO  HelperUtils.Parameters$ - ^iIW1<S)M[Y+<}*1-ep(vn#@r->B
03:29:18.825 [scala-execution-context-global-11] INFO  HelperUtils.Parameters$ - ;]zgMD"(!22mAy3sqcjGjLev
03:29:19.613 [scala-execution-context-global-11] INFO  HelperUtils.Parameters$ - -\jV3k"$S9'K4_nT-vCs%{""EV
03:29:20.335 [scala-execution-context-global-11] INFO  HelperUtils.Parameters$ - )*o,`]SR03+lAx1JF#(>V]
03:29:20.984 [scala-execution-context-global-11] WARN  HelperUtils.Parameters$ - NS`r/odXF\5LK:j+Dqgu_5gfP'sXH*_IM_^~GxWGXW
03:29:21.844 [scala-execution-context-global-11] WARN  HelperUtils.Parameters$ - 6%(wWbydzK{{g6zq|k]nDn_gwQMBMze\"9T+A~
03:29:21.976 [scala-execution-context-global-11] INFO  HelperUtils.Parameters$ - 4HT;le2xa2X}?g/L\uBfQwkNrG{b0DnQK:~-B4Y,
03:29:22.004 [scala-execution-context-global-11] INFO  HelperUtils.Parameters$ - l\!-`5/3!=C_RrOs|[&&Zq:;)\9%>]`62}d.<=TVZv8bBc%`nG+5K+rxp.Re
03:29:22.881 [scala-execution-context-global-11] DEBUG HelperUtils.Parameters$ - EKQQAA&O9a-(-i;r^OX{,1dK1up=L.^$$M@O!a]np~h4U4l[v/o>q6eP
03:29:23.700 [scala-execution-context-global-11] INFO  HelperUtils.Parameters$ - VL@!ya1Pv[oEzwegf'r*/7qHI[{}`W\,_5p5Af
03:29:23.701 [main] INFO  GenerateLogData$ - Log data generation has completed after generating 100 records.
