03:27:22.524 [main] INFO  GenerateLogData$ - Log data generator started...
03:27:22.725 [main] WARN  HelperUtils.Parameters$ - Max count 100 is used to create records instead of timeouts
03:27:23.190 [scala-execution-context-global-11] WARN  HelperUtils.Parameters$ - s%]s,+2k|D}K7b/XCwG&@7HDPR8z
03:27:23.993 [scala-execution-context-global-11] INFO  HelperUtils.Parameters$ - ;kNI&V%v<c#eSDK@lPY(
03:27:24.216 [scala-execution-context-global-11] INFO  HelperUtils.Parameters$ - l9]|92!uHUQ/IVcz~(;.Uz%K*5jTUd08
03:27:24.258 [scala-execution-context-global-11] INFO  HelperUtils.Parameters$ - G3sw7^U<^q^Cl!aMTDbNz<:$;?e<.0JD_'
03:27:24.308 [scala-execution-context-global-11] WARN  HelperUtils.Parameters$ - A><YFqpg+~"E1T
03:27:24.917 [scala-execution-context-global-11] DEBUG HelperUtils.Parameters$ - JrQB;P0"&+6;&Dk-
03:27:25.526 [scala-execution-context-global-11] INFO  HelperUtils.Parameters$ - OsI1`qAeU5H;\+
03:27:26.190 [scala-execution-context-global-11] INFO  HelperUtils.Parameters$ - [h!Q9PEY>L(NpKLBO"Gjo:=4kRXQ_tZ!
03:27:26.961 [scala-execution-context-global-11] INFO  HelperUtils.Parameters$ - B?y&C"C5rsb:2037;f&|vM#x?z|Ny|&<44Z8B&rF1#&M
03:27:27.953 [scala-execution-context-global-11] WARN  HelperUtils.Parameters$ - x2oBSI0/\%CdfV2%ChSsnZ7vJo=2qJqZ%."kbc!0ne`y&m
03:27:28.761 [scala-execution-context-global-11] ERROR HelperUtils.Parameters$ - ihu}!A2]*07}|,lc
03:27:29.537 [scala-execution-context-global-11] INFO  HelperUtils.Parameters$ - CC]>~R#,^#0JWyESarZdETDcvk)Yk'I?
03:27:29.848 [scala-execution-context-global-11] WARN  HelperUtils.Parameters$ - Swq;g+6M:?820=Gmd#.p)sFaqoKc^mm](.A8Z-4-].tp|cfR\~rc(m^{
03:27:30.494 [scala-execution-context-global-11] INFO  HelperUtils.Parameters$ - zXK=Fze%-6Iv-^q{zhG|EUzvd);tOj-:
03:27:31.265 [scala-execution-context-global-11] INFO  HelperUtils.Parameters$ - ^<A>61@{3[KEk@M/Xh-q%sco3Dkwq~
03:27:32.196 [scala-execution-context-global-11] WARN  HelperUtils.Parameters$ - Bv^B8Re'$VG)[P".g*?f<G\l5n.18B|i<E&rgPQZ;wBeA{4O/fy+Pp
03:27:33.129 [scala-execution-context-global-11] WARN  HelperUtils.Parameters$ - k1H+R#/%d0>Q>N:6\enT]U
03:27:33.156 [scala-execution-context-global-11] INFO  HelperUtils.Parameters$ - 8G;,3m_T`G#H]&Yh:Ei1%fp''5`af3P9wM9rL6iS5tag1U9ube3ce1bf2ag2cf2%<Bqz8fMm#{JWqMdoc_2N/|wf8]
03:27:33.865 [scala-execution-context-global-11] DEBUG HelperUtils.Parameters$ - AJStPoNln}By-piR-@n8@N|t
03:27:34.561 [scala-execution-context-global-11] WARN  HelperUtils.Parameters$ - 80^/uEt\'4t8?K7$O?4diBL5=R}Q+sZuk}_/AR
03:27:34.674 [scala-execution-context-global-11] INFO  HelperUtils.Parameters$ - AVVz$9#axcOX6paf1bf3V6fbf2Q6uI7hY8hO5gbf1z1+C?G[8H{q
03:27:34.873 [scala-execution-context-global-11] DEBUG HelperUtils.Parameters$ - jBNi=33RVVqh-E0+6OoO4$NsY6NUQ=Ev
03:27:35.828 [scala-execution-context-global-11] INFO  HelperUtils.Parameters$ - 3b<'#[|_9.[Q&w@U!e22R:
03:27:36.011 [scala-execution-context-global-11] INFO  HelperUtils.Parameters$ - V<sB/\HpCnC!/P.Y99dQ
03:27:36.444 [scala-execution-context-global-11] INFO  HelperUtils.Parameters$ - nsS8|1I;;FZ}z`gyS%0Vr_N&#&}70}n%lF_x$A
03:27:36.937 [scala-execution-context-global-11] INFO  HelperUtils.Parameters$ - iP$~w>0cMtXtKns^3CxLn|/]\q,i%nA_XmrNWs{uJIyI9]I9!x
03:27:37.153 [scala-execution-context-global-11] WARN  HelperUtils.Parameters$ - Md63<}$k=KwRi/@!,89}#J]6N*&F
03:27:37.996 [scala-execution-context-global-11] INFO  HelperUtils.Parameters$ - hCdFp1i[K^7t&$^&
03:27:38.362 [scala-execution-context-global-11] INFO  HelperUtils.Parameters$ - 5#o|7'OC,+Aae1J6jce0J8gC6pmxD*Z)Sq7A7
03:27:38.762 [scala-execution-context-global-11] WARN  HelperUtils.Parameters$ - _^@RGp"KD#,YwDMO5d%.S,DDH~s|[:2LhwM)pA9m&"cq;)!El*v_t'L"s'
03:27:39.490 [scala-execution-context-global-11] ERROR HelperUtils.Parameters$ - `YJ/%OS`CiJ0THQMT?,apDl'aU,^(LRv$Oxl~tFruw3uobAc4L|nF3[~
03:27:39.554 [scala-execution-context-global-11] WARN  HelperUtils.Parameters$ - {8P=TP+|'I}jA>rzsS}@nlk}9ewi5Bqe#izJ0NdhK~9/3.X/Gup.
03:27:39.575 [scala-execution-context-global-11] WARN  HelperUtils.Parameters$ - Ev<!Pl8*CAV*TQbX^\H+2U`9cvG$~JNXvlQX)js2Pf9NJoje
03:27:39.932 [scala-execution-context-global-11] INFO  HelperUtils.Parameters$ - A^J04A(2spdh$:Ta)1OeXTg+7VLK$e(+-z]g|n']RjB*
03:27:40.654 [scala-execution-context-global-11] INFO  HelperUtils.Parameters$ - 'K\T:RuWi\pRhn^VZ%CS(GD/HBp6
03:27:41.055 [scala-execution-context-global-11] INFO  HelperUtils.Parameters$ - P6)UvvDR{:2!vi
03:27:41.968 [scala-execution-context-global-11] WARN  HelperUtils.Parameters$ - V82$O'snng@DjY!`W.8A6`Jtdzli-~n?E]=M|xGK\#enkq8V3x
03:27:42.591 [scala-execution-context-global-11] WARN  HelperUtils.Parameters$ - ;#:HtLq9SR@i=DM-3oO-I9Ot"oP{?taPW/7'XHfa
03:27:43.473 [scala-execution-context-global-11] DEBUG HelperUtils.Parameters$ - Xs';V*wWEfg_5cD~/[=nRA|Vc7/D@RPx;<a8g0GaB$S}
03:27:44.269 [scala-execution-context-global-11] INFO  HelperUtils.Parameters$ - n{l;-4IMV]yd/B8mbg0cf1U9qJ7gcf0M_76N<tpqlV78
03:27:44.925 [scala-execution-context-global-11] WARN  HelperUtils.Parameters$ - 2rskI.3hd%&{
03:27:45.694 [scala-execution-context-global-11] INFO  HelperUtils.Parameters$ - hI8FcZE[]`BBv~I8a!LW
03:27:46.634 [scala-execution-context-global-11] INFO  HelperUtils.Parameters$ - CY|,oQDp;t1mxMZ5(Hg<L"{~.TxU#s{,`V{ksI
03:27:46.898 [scala-execution-context-global-11] INFO  HelperUtils.Parameters$ - fN8jfgNqLl9pfk]B?&Eq=N
03:27:47.077 [scala-execution-context-global-11] DEBUG HelperUtils.Parameters$ - >?0b2.r.4_$x
03:27:47.109 [scala-execution-context-global-11] WARN  HelperUtils.Parameters$ - cSF,Z*#o>w@cWD
03:27:47.614 [scala-execution-context-global-11] INFO  HelperUtils.Parameters$ - 1GuX4<WDr6CgWW
03:27:48.219 [scala-execution-context-global-11] INFO  HelperUtils.Parameters$ - Ek6qp{8At>EMhE:-*B`5=a9!F_M;`UP(`Fmpx&fnc(tH8dOUnh1|2*j"
03:27:48.844 [scala-execution-context-global-11] INFO  HelperUtils.Parameters$ - N:KJt;}L"'1M(6>rgMH-.B)8r"eY>2v2*JLGg>^Iyrw$S8wu*k$r9if@h`'L
03:27:49.661 [scala-execution-context-global-11] INFO  HelperUtils.Parameters$ - k<>1f'qQ%"FT
03:27:50.226 [scala-execution-context-global-11] INFO  HelperUtils.Parameters$ - Ta[MJYln.<yv2;SoPR,sK(bj
03:27:50.746 [scala-execution-context-global-11] INFO  HelperUtils.Parameters$ - ~I@i'`e^aXbNwZRV[Y%FI@>fb4
03:27:51.146 [scala-execution-context-global-11] INFO  HelperUtils.Parameters$ - MO(lIY6%_TIf|OI?ag0bf1R7uae1bf0U6w%aH>3a5*;N<ynZ<{
03:27:52.012 [scala-execution-context-global-11] INFO  HelperUtils.Parameters$ - ~utNn3p@d$v44MK)=#Hr*\c.GHeUW(jrEkR0y+V,,,>SaLl*GMT%A:sAG=
03:27:52.348 [scala-execution-context-global-11] WARN  HelperUtils.Parameters$ - zU{(>`i}]K{*
03:27:52.484 [scala-execution-context-global-11] WARN  HelperUtils.Parameters$ - [+3#)z1Fc$$pG<
03:27:53.225 [scala-execution-context-global-11] INFO  HelperUtils.Parameters$ - ^p#{fE6Fk$<D+EF:HOQ4:71]5%Iv=-f>.Vfzh(bdD33g|iUJ
03:27:53.887 [scala-execution-context-global-11] INFO  HelperUtils.Parameters$ - G.POal:kS6hG%#F4UFEto^\&vR,dov&PyKh}
03:27:54.665 [scala-execution-context-global-11] WARN  HelperUtils.Parameters$ - I-gC4@z]JVs&tVage|^T;-B5xG
03:27:55.441 [scala-execution-context-global-11] WARN  HelperUtils.Parameters$ - !m-Y"tU/2P@-\lshnU&iGo(%u\CPUCuT818r8+)R
03:27:55.734 [scala-execution-context-global-11] INFO  HelperUtils.Parameters$ - O`nF`Clhj?W<)rZ-:!nZ";
03:27:56.660 [scala-execution-context-global-11] INFO  HelperUtils.Parameters$ - -''%=\/,Nq7Q#3W4;6Y?E53gM^k!&|v$h}
03:27:56.750 [scala-execution-context-global-11] INFO  HelperUtils.Parameters$ - c=Ux*YmCUi3I)gcpj`zD*<8}($Pa!'9;3v
03:27:57.181 [scala-execution-context-global-11] DEBUG HelperUtils.Parameters$ - /\S(H(vi_!I8cRauteUL11tXVbDI
03:27:57.643 [scala-execution-context-global-11] INFO  HelperUtils.Parameters$ - HqZc)oN|>)c,[O;ws!gqOVYs^}X\?k9Br,w'
03:27:57.793 [scala-execution-context-global-11] INFO  HelperUtils.Parameters$ - $Cu%l,P\>P{z#L+MO?U]fPS?_phzK/?[[e~mX5oW/uR1
03:27:58.143 [scala-execution-context-global-11] INFO  HelperUtils.Parameters$ - (ZCMe)f9d4W5"aa_6~"/
03:27:58.324 [scala-execution-context-global-11] INFO  HelperUtils.Parameters$ - q`:(<a0X}ft(:T[e-Cw<j3SEQ(
03:27:58.348 [scala-execution-context-global-11] INFO  HelperUtils.Parameters$ - Mr7mQ:1*3l&A\%%eCo*'Se{[N("R54r8^QWhr5QYIIN|>PwAWZq?iN
03:27:59.101 [scala-execution-context-global-11] INFO  HelperUtils.Parameters$ - VU7OMWBn5w<G]q\2Y;$:GCN@?@%9teFywzP34aB?5nO*
03:27:59.156 [scala-execution-context-global-11] WARN  HelperUtils.Parameters$ - 6LWN7;{Zx,DBYL3!mu{UI5"AD4#s;JyD
03:28:00.060 [scala-execution-context-global-11] INFO  HelperUtils.Parameters$ - #oT:#&O8*-/Uo\oSBg::%3ueNe
03:28:00.837 [scala-execution-context-global-11] WARN  HelperUtils.Parameters$ - mYM|8q}^lX_PN~0j1Q+<6e;{XrSY3}.Vr-BtnW<ADa
03:28:01.774 [scala-execution-context-global-11] INFO  HelperUtils.Parameters$ - kZ!Ke,C*o_`#W9|Jq5
03:28:02.429 [scala-execution-context-global-11] INFO  HelperUtils.Parameters$ - [//cCPqv2D@R@G(90z&=fPFfAb74/!uiL/yJf>]iBkS2
03:28:02.752 [scala-execution-context-global-11] INFO  HelperUtils.Parameters$ - Mf+QdM[mlRV<9rrY2p:Ybh*C:i}.gbCO[NF[tq(Oa8|CIi:T;B
03:28:03.172 [scala-execution-context-global-11] INFO  HelperUtils.Parameters$ - x':<vUOQn_Jhggqb?'nT"VE^}O^%=Tz+3w{:)`&gr0~a
03:28:03.556 [scala-execution-context-global-11] WARN  HelperUtils.Parameters$ - ElRjKGbg2cf3H7ibg0bf2ae0af2bf2Jrfgz}
03:28:03.986 [scala-execution-context-global-11] INFO  HelperUtils.Parameters$ - ourXFf$p_<mX@{
03:28:04.567 [scala-execution-context-global-11] INFO  HelperUtils.Parameters$ - 7+A),xR4Qs+`vh#L@Y
03:28:05.291 [scala-execution-context-global-11] INFO  HelperUtils.Parameters$ - d7*tSB05B<"|&x=h0\iRG(6K
03:28:05.342 [scala-execution-context-global-11] INFO  HelperUtils.Parameters$ - ?I,]{Cs:hnbnqMi$Q@ZA8!!j'$G)y]h<d~
03:28:05.778 [scala-execution-context-global-11] WARN  HelperUtils.Parameters$ - Jzd><Zum7&xj!4RC&rzdN76MhIN$!v/1sKXLYF2;hg,O(=pBD"Pum5]];=
03:28:06.136 [scala-execution-context-global-11] INFO  HelperUtils.Parameters$ - E_&_1![As2G>e'SeI-Mr.|_M3[*CjZLojV3td9hd9`g#;W
03:28:06.708 [scala-execution-context-global-11] WARN  HelperUtils.Parameters$ - -<v2EG*P[o37kzB;[!3HY%-yJ{(rY.
03:28:07.333 [scala-execution-context-global-11] WARN  HelperUtils.Parameters$ - @2ki>O(~}ZnZF`D{rvU)v6kJ'NlImpE-qe`5L$F;yL3?]Kuo|[o+x\ePjnbb
03:28:07.983 [scala-execution-context-global-11] INFO  HelperUtils.Parameters$ - M35XK#K+YM^6W~seNYy3^cxwJfk&
03:28:08.066 [scala-execution-context-global-11] INFO  HelperUtils.Parameters$ - {8Nr@mB5Xdfi"<_0,Bo_9#3%~%]x`'wl>*
03:28:08.098 [scala-execution-context-global-11] INFO  HelperUtils.Parameters$ - |'[XQG4|&$,*%nN?)6Z*pXDS3[_PC^m+R!N:8cAA4\)RG?To^6Zb
03:28:08.252 [scala-execution-context-global-11] INFO  HelperUtils.Parameters$ - AF!O]sxxG"B1+J@}&Y]dN_)q2SKzDjFe
03:28:08.379 [scala-execution-context-global-11] INFO  HelperUtils.Parameters$ - k\s@;e+<8%!'Jv/`
03:28:09.360 [scala-execution-context-global-11] INFO  HelperUtils.Parameters$ - yN{%HYTSA+^Tq~9&]Vq[@):}&-/<6$o>6a&?mnH:N[U$wO>S
03:28:09.820 [scala-execution-context-global-11] INFO  HelperUtils.Parameters$ - ->sH<+xWx*IXB=52
03:28:10.064 [scala-execution-context-global-11] INFO  HelperUtils.Parameters$ - c9ZBS-G,hv|!q?kk_j
03:28:10.797 [scala-execution-context-global-11] WARN  HelperUtils.Parameters$ - &G5.fzn,@d@k".ss.OsgtC/5ii;Okgu]7jQh6!:IV:b(
03:28:11.281 [scala-execution-context-global-11] WARN  HelperUtils.Parameters$ - x~Yu:/qt?xZmfZU'o~k7O>i<~.2zk%/>d0)iEZ!:.,B\]Si_
03:28:11.399 [scala-execution-context-global-11] INFO  HelperUtils.Parameters$ - /Tgc.".wht2]L*vJ'G9/ZeJ)b.G<Tr.x+yoa
03:28:11.792 [scala-execution-context-global-11] INFO  HelperUtils.Parameters$ - F}}4s(~)|$=IT]\1uQ`NY|Ab2ShnS60f8o.b3vj()J;D
03:28:11.920 [scala-execution-context-global-11] DEBUG HelperUtils.Parameters$ - (,6!;n-Nd4Z9&{AF%VMc/qJznlQ3zsr5fHh""cmIe,QL
03:28:12.250 [scala-execution-context-global-11] INFO  HelperUtils.Parameters$ - HzEuLDume_@8akZU9BxNhu3xT8p/sLyaBh1-Uh7{
03:28:12.250 [main] INFO  GenerateLogData$ - Log data generation has completed after generating 100 records.
