03:26:17.481 [main] INFO  GenerateLogData$ - Log data generator started...
03:26:17.701 [main] WARN  HelperUtils.Parameters$ - Max count 100 is used to create records instead of timeouts
03:26:17.899 [scala-execution-context-global-11] WARN  HelperUtils.Parameters$ - s%]s,+2k|D}K7b/XCwG&@7HDPR8z
03:26:18.217 [scala-execution-context-global-11] INFO  HelperUtils.Parameters$ - ;kNI&V%v<c#eSDK@lPY(
03:26:18.792 [scala-execution-context-global-11] INFO  HelperUtils.Parameters$ - l9]|92!uHUQ/IVcz~(;.Uz%K*5jTUd08
03:26:18.805 [scala-execution-context-global-11] INFO  HelperUtils.Parameters$ - G3sw7^U<^q^Cl!aMTDbNz<:$;?e<.0JD_'
03:26:19.748 [scala-execution-context-global-11] WARN  HelperUtils.Parameters$ - A><YFqpg+~"E1T
03:26:20.507 [scala-execution-context-global-11] DEBUG HelperUtils.Parameters$ - JrQB;P0"&+6;&Dk-
03:26:20.596 [scala-execution-context-global-11] INFO  HelperUtils.Parameters$ - OsI1`qAeU5H;\+
03:26:21.287 [scala-execution-context-global-11] INFO  HelperUtils.Parameters$ - [h!Q9PEY>L(NpKLBO"Gjo:=4kRXQ_tZ!
03:26:22.119 [scala-execution-context-global-11] INFO  HelperUtils.Parameters$ - B?y&C"C5rsb:2037;f&|vM#x?z|Ny|&<44Z8B&rF1#&M
03:26:22.458 [scala-execution-context-global-11] WARN  HelperUtils.Parameters$ - x2oBSI0/\%CdfV2%ChSsnZ7vJo=2qJqZ%."kbc!0ne`y&m
03:26:23.255 [scala-execution-context-global-11] ERROR HelperUtils.Parameters$ - ihu}!A2]*07}|,lc
03:26:24.082 [scala-execution-context-global-11] INFO  HelperUtils.Parameters$ - CC]>~R#,^#0JWyESarZdETDcvk)Yk'I?
03:26:25.064 [scala-execution-context-global-11] WARN  HelperUtils.Parameters$ - Swq;g+6M:?820=Gmd#.p)sFaqoKc^mm](.A8Z-4-].tp|cfR\~rc(m^{
03:26:25.329 [scala-execution-context-global-11] INFO  HelperUtils.Parameters$ - zXK=Fze%-6Iv-^q{zhG|EUzvd);tOj-:
03:26:25.383 [scala-execution-context-global-11] INFO  HelperUtils.Parameters$ - ^<A>61@{3[KEk@M/Xh-q%sco3Dkwq~
03:26:26.242 [scala-execution-context-global-11] WARN  HelperUtils.Parameters$ - Bv^B8Re'$VG)[P".g*?f<G\l5n.18B|i<E&rgPQZ;wBeA{4O/fy+Pp
03:26:26.816 [scala-execution-context-global-11] WARN  HelperUtils.Parameters$ - k1H+R#/%d0>Q>N:6\enT]U
03:26:26.853 [scala-execution-context-global-11] INFO  HelperUtils.Parameters$ - 8G;,3m_T`G#H]&Yh:Ei1%fp''5`T7fW6gU5kC9gR6oag0cg1be0N8j%<Bqz8fMm#{JWqMdoc_2N/|wf8]
03:26:27.021 [scala-execution-context-global-11] DEBUG HelperUtils.Parameters$ - XclMVS|zjU(](~
03:26:27.219 [scala-execution-context-global-11] WARN  HelperUtils.Parameters$ - /#B']=XGr1ALtmG5:2($P'crC|!`y=#{!hLd|XH)oT
03:26:28.071 [scala-execution-context-global-11] INFO  HelperUtils.Parameters$ - d+x78df&TZO_4Y0aA(Op1Jx|.T[70V0IBnbMQFD.
03:26:28.486 [scala-execution-context-global-11] DEBUG HelperUtils.Parameters$ - JDy;jH=${Z6=66:#pjXF}k$eaf$2yC+<stP!H_c}{-i5E,9x
03:26:28.583 [scala-execution-context-global-11] INFO  HelperUtils.Parameters$ - 1Aq<fXP6#vZiQI;dJ~%y@tj=M}V$':):
03:26:28.988 [scala-execution-context-global-11] INFO  HelperUtils.Parameters$ - :<S[3n@p|.Qf8xYh7QB%kM]NSm7Y
03:26:29.771 [scala-execution-context-global-11] INFO  HelperUtils.Parameters$ - lztSJn1BoD'l}#%Ac1Q[L>!fH!G%D]bf1cg2N6sW6paf1V9wZ5jQ6g.x|x^2iwwkQE'1oBz{7$rm_715,H7;
03:26:30.617 [scala-execution-context-global-11] INFO  HelperUtils.Parameters$ - YV2<F$pwf>5e^7WY"r3c[Vm^h'U`^YM8pG9hce0bg1M9hW8uaf0|-.HA=`3k')6;0FGg.IjIi}+Tixd=f
03:26:30.810 [scala-execution-context-global-11] WARN  HelperUtils.Parameters$ - Sxk=N}^pflUi!I02x{l`T`.\
03:26:31.057 [scala-execution-context-global-11] INFO  HelperUtils.Parameters$ - "~+YRkLSr?]ADcd)Ha
03:26:31.354 [scala-execution-context-global-11] INFO  HelperUtils.Parameters$ - Lj6G4JeMZ8zJEHB6.jw0hV<2
03:26:32.267 [scala-execution-context-global-11] WARN  HelperUtils.Parameters$ - Y|z;X/N#8qQ8SR1Du{y,n6|+7`Ny8YiwRP!DFABlyU"g^(Vtkd3Y-9;M"OD*
03:26:33.181 [scala-execution-context-global-11] ERROR HelperUtils.Parameters$ - rVc623QyX.nI{eGOo4#\@p*>J{ylu6b}NHzEHL$L9Q-yqA:GWO!Ph=:Pib
03:26:33.926 [scala-execution-context-global-11] WARN  HelperUtils.Parameters$ - [2a}Ks=Vc]&[)lRQBJ%J{3]r3S)I576<5u=Ddy3fB%_Epc'>R+bj
03:26:34.054 [scala-execution-context-global-11] WARN  HelperUtils.Parameters$ - ^'j;tS)c[S0jqWEJ(O+0Mc
03:26:34.202 [scala-execution-context-global-11] INFO  HelperUtils.Parameters$ - xEChBx\]7qymDe
03:26:34.624 [scala-execution-context-global-11] INFO  HelperUtils.Parameters$ - {'zEd#yHW"o042VY=l1S=U~9Xr'YM?\J?H2yt1(l3fK&xO
03:26:35.238 [scala-execution-context-global-11] INFO  HelperUtils.Parameters$ - ;;V{v<8(mH7=Rz90VQJ.z)F*6m)o
03:26:36.108 [scala-execution-context-global-11] WARN  HelperUtils.Parameters$ - 6)>D,5D!R9v<_p+f?J+b`>hQ#NBbKScrvPa"c7eet:/a
03:26:36.380 [scala-execution-context-global-11] WARN  HelperUtils.Parameters$ - __Y3{"ol@}U{9RmI}O1l)*.)Frl{{cqMj~ww%Dl9`F_Ss-
03:26:37.100 [scala-execution-context-global-11] DEBUG HelperUtils.Parameters$ - s"VemN.Ze;v`nki}\wWCa98SG'ol5k"E6WOS}r
03:26:37.316 [scala-execution-context-global-11] INFO  HelperUtils.Parameters$ - @WV-5Ba3-$)A3uwe]384jU.=&g%|nn&1<o
03:26:37.511 [scala-execution-context-global-11] WARN  HelperUtils.Parameters$ - v7)jgUZ!,t__fjsC2B3j:!E-|d+7Ohd=&)j#X4us
03:26:37.969 [scala-execution-context-global-11] INFO  HelperUtils.Parameters$ - \"wGlA\u^b-ELc+5@1>c@a{2/_l0(e@llB2](;{Do9A"=MIP+iDq
03:26:38.298 [scala-execution-context-global-11] INFO  HelperUtils.Parameters$ - WO`7aZmrHo'0elZI'Zma4-*Tlf)j,e55
03:26:38.565 [scala-execution-context-global-11] INFO  HelperUtils.Parameters$ - =0,5-v#){}U-E*Y3yJ53pk4{?_&##fHQi0d_h!RDmo*DDwA=G'86\huS5p
03:26:39.479 [scala-execution-context-global-11] DEBUG HelperUtils.Parameters$ - ;/sr>Pw43m,u+<Y5CCKktC>,{g
03:26:39.958 [scala-execution-context-global-11] WARN  HelperUtils.Parameters$ - Zpk<?o}4''ySp)P#l?20?'l?b"pM8qP9rY8qN7nae3P8u?8]3dS"K/%,EL4LV.hnGtel.+'*
03:26:40.512 [scala-execution-context-global-11] INFO  HelperUtils.Parameters$ - /F+YrVA*3fTh>[v|aiA3Mh)};?r'PHW.K)u@~B$mJn"4a\^!/'t#{4iuWy
03:26:41.356 [scala-execution-context-global-11] INFO  HelperUtils.Parameters$ - <hU{5/qjLyDf&'3+6D.,P[G*F@f,^YT~o_.oUPM@@}6JK3RH=XmN/t
03:26:41.619 [scala-execution-context-global-11] INFO  HelperUtils.Parameters$ - xfhJ|Yeu-]_FgIyUCxG"hCrY
03:26:42.480 [scala-execution-context-global-11] INFO  HelperUtils.Parameters$ - MV+A;MF1~/LY^*6CP<j.m%VOtbe1bg0G9obf1ag3X6gM8k&F*86X'NCNp9o|v?+7px_);d#
03:26:43.226 [scala-execution-context-global-11] INFO  HelperUtils.Parameters$ - XaA?9'C*NH(_
03:26:43.881 [scala-execution-context-global-11] INFO  HelperUtils.Parameters$ - o:Mh"%:V9QP}"Fx2)dXYXvh!tf"\?6c&"ku-::
03:26:44.552 [scala-execution-context-global-11] INFO  HelperUtils.Parameters$ - 0ocgiZrV'VGhyihC/B+KsXM/yvu>{tZ3fTVp
03:26:45.026 [scala-execution-context-global-11] INFO  HelperUtils.Parameters$ - O]jhNe.-vjHmtoNYZ+UfsK4L:}>D?P7WwWN(k=N[EX0=F\H@:P
03:26:45.127 [scala-execution-context-global-11] WARN  HelperUtils.Parameters$ - R?"bQ~O(F4{+=%|JN(t''df3W)@AEcy"z=k5%wVf"}ox.I4(H@[[I-}y%{
03:26:45.204 [scala-execution-context-global-11] WARN  HelperUtils.Parameters$ - nQ0CC>vp$Arg'NG<D(
03:26:46.003 [scala-execution-context-global-11] INFO  HelperUtils.Parameters$ - Y^by6zDNhx??)p&.pH9vI8jI7kcg3af0NGkE*GIS?o8t`y~w.
03:26:46.125 [scala-execution-context-global-11] INFO  HelperUtils.Parameters$ - "*Sf$T%\JcI3C!"["-#<1i
03:26:46.590 [scala-execution-context-global-11] WARN  HelperUtils.Parameters$ - z3a"x2BeX.wk,y!;WF\C9(Su_R.7?>xy[~Vd2'dGMf
03:26:47.234 [scala-execution-context-global-11] WARN  HelperUtils.Parameters$ - \v3HT?aU;:d[u8|9M4sFQvm!o|_@gwU+7&z'gS!h~V*R1u]:
03:26:48.055 [scala-execution-context-global-11] INFO  HelperUtils.Parameters$ - F@_TVi-W%1cC)K|-LY7tV!hSz08q|2IuToURoN
03:26:48.526 [scala-execution-context-global-11] INFO  HelperUtils.Parameters$ - zB$k*[dKzTNoHM}RZ3
03:26:49.375 [scala-execution-context-global-11] INFO  HelperUtils.Parameters$ - 4R::d&acM_<{>+JEFR>n)72<`vSE]n29<MZ"
03:26:49.573 [scala-execution-context-global-11] DEBUG HelperUtils.Parameters$ - iJ'V$M|=:6H|iKb53=sy#T*mAPaan7+`
03:26:50.469 [scala-execution-context-global-11] INFO  HelperUtils.Parameters$ - e,CEZugJ!fMQ1:;Oy33,LG;{yrq4bkbgr/WH&A%\-]<W[yDnMe
03:26:50.882 [scala-execution-context-global-11] INFO  HelperUtils.Parameters$ - HP){kKJp/MPF$#6YP_jHx-]KxZe{120%T?<#8;yB@=>7|J
03:26:51.853 [scala-execution-context-global-11] INFO  HelperUtils.Parameters$ - K5e4txFbb<B}:?|W3mWeeVR-be0af2R5tce3cf2ag1G@V'rMXH%5OGk*lOiQ"k+GnD
03:26:52.069 [scala-execution-context-global-11] INFO  HelperUtils.Parameters$ - 1,Vrak._@|c"y.Yo[QU$D3Ky^{g99N{O2U'i>\vW7UF|n>Wu_$_$/}
03:26:52.717 [scala-execution-context-global-11] INFO  HelperUtils.Parameters$ - :N$MY,ERyU^0wHHGVfL\Yd`[t]ijsqe`76aSo,
03:26:53.508 [scala-execution-context-global-11] INFO  HelperUtils.Parameters$ - p;UlkQ0PCR"YI@!J1ZM=i~b68eSE'wgK|HUdu#[6lQ/xb9~R$ddE>Q
03:26:53.798 [scala-execution-context-global-11] WARN  HelperUtils.Parameters$ - aWiKvCM~|icr5Zc)\bSy2Sasdaa1{O{'?)"]xk
03:26:53.835 [scala-execution-context-global-11] INFO  HelperUtils.Parameters$ - ^$$o8UH#MtQ#FfJ%l/Rb<E#w
03:26:54.440 [scala-execution-context-global-11] WARN  HelperUtils.Parameters$ - (~uh+Q=cBbm7yCf)o6w\%Ege<x
03:26:54.848 [scala-execution-context-global-11] INFO  HelperUtils.Parameters$ - %WF"l.%}p"h-.MG#W5j^d0t4'@`#n*^hj/[}0IPE8&
03:26:55.508 [scala-execution-context-global-11] INFO  HelperUtils.Parameters$ - mnNk5wr@6lG`X:1{<]9ft&$|Mz*3
03:26:55.575 [scala-execution-context-global-11] INFO  HelperUtils.Parameters$ - %>I2T#trnkY%Ipj"@.U4}XYFh#>Y>,mEH27gNM<l=H1Ol?e"
03:26:55.602 [scala-execution-context-global-11] INFO  HelperUtils.Parameters$ - [3[S+]^-^+Ia2F[:I.Ql"+R[>.~x!PA=
03:26:55.690 [scala-execution-context-global-11] WARN  HelperUtils.Parameters$ - xbfZ5h+v}ZV3lr+Hf:|y`j{rOT|u>]I3!z,NnC0u(o2xNw7I|9Oqcc*kX%
03:26:56.463 [scala-execution-context-global-11] INFO  HelperUtils.Parameters$ - }V?y[>+T!1U!ymOvb$`e&VxraM{qQm<(X9Tj"v
03:26:56.818 [scala-execution-context-global-11] INFO  HelperUtils.Parameters$ - HHS[<^QCy@re
03:26:57.670 [scala-execution-context-global-11] INFO  HelperUtils.Parameters$ - of?VW.5;?s%V"y934XPosN\.te
03:26:58.450 [scala-execution-context-global-11] INFO  HelperUtils.Parameters$ - $&`$gY*~h}+#DWL|EHs52}EEo9.UL0
03:26:58.585 [scala-execution-context-global-11] WARN  HelperUtils.Parameters$ - F4Np5a&mjXg5oZjM!3`zw'7p114&!KR0
03:26:58.992 [scala-execution-context-global-11] INFO  HelperUtils.Parameters$ - %ME$]]CmN?NI!4nPJU/Cm3u=;,r:b]]X%.r'|T['r[6M0cyVlany
03:26:59.429 [scala-execution-context-global-11] WARN  HelperUtils.Parameters$ - lZ]^FrJ?E*j2y?H)Pk=y6C)o0XXn[DFr#<&s0}tYH]8?w(<acXA}
03:27:00.189 [scala-execution-context-global-11] WARN  HelperUtils.Parameters$ - UPSq&e&F2ZAH$_\YHv4yCD10BA7y:nc;".Zqj"wl?-}.2U
03:27:00.774 [scala-execution-context-global-11] INFO  HelperUtils.Parameters$ - ?,[}gSY_%4AUtC>OY5>B{jT_SeQ9hWwD~-BlJ&4'8hd(OQ-&t@p^
03:27:01.326 [scala-execution-context-global-11] INFO  HelperUtils.Parameters$ - (E6AT9Vl2|a-KCFkoI;z&.G*nMBO*"5l
03:27:02.296 [scala-execution-context-global-11] INFO  HelperUtils.Parameters$ - 7*}6}N!++LDCITZbJ2gYF;s/7FCCv?~fUIx0ntMC_sE8&lil"#
03:27:02.926 [scala-execution-context-global-11] INFO  HelperUtils.Parameters$ - L!x[diMzm~t{Ga~L~:o#A0eCQ,,j<zY{EKBFVY/\8(fZzZRJ,a
03:27:03.194 [scala-execution-context-global-11] INFO  HelperUtils.Parameters$ - IdtGlK@PI,JssIJkG?r:8]/B0Sv-2v8sc/]d
03:27:03.949 [scala-execution-context-global-11] INFO  HelperUtils.Parameters$ - '1K$9JWKe~do~'
03:27:03.979 [scala-execution-context-global-11] INFO  HelperUtils.Parameters$ - &NDNB6oS(TcM-i
03:27:04.355 [scala-execution-context-global-11] INFO  HelperUtils.Parameters$ - V?O99{@?W[=JyJ@M:z|G<ZaeESsroZTW}Z2]7Qp%to
03:27:05.086 [scala-execution-context-global-11] WARN  HelperUtils.Parameters$ - x:EI;MHkk*xR]Uw*/(&jyNxci>n<r(YHKU~EzR
03:27:05.728 [scala-execution-context-global-11] WARN  HelperUtils.Parameters$ - bCR84P+@(9"J>%yH}_o{E7,8g\dKRY@?(#UA&_7-?IzN.$k%V-|Cb.42&W7C
03:27:05.982 [scala-execution-context-global-11] INFO  HelperUtils.Parameters$ - bj8L-OIqoLST_YJLvg[#
03:27:06.228 [scala-execution-context-global-11] INFO  HelperUtils.Parameters$ - XvVUbKY4/W~3VMf}lc[[&(^'ZDIQ92-k3:j^Bf~rUA
03:27:06.460 [scala-execution-context-global-11] DEBUG HelperUtils.Parameters$ - y}lc"SJp,"XQmb`x%X)XoId&$W+~+]aWt^uw?\?k1S
03:27:07.269 [scala-execution-context-global-11] INFO  HelperUtils.Parameters$ - >zt=]`vc5yck9J~3Fgdj"U
03:27:07.270 [main] INFO  GenerateLogData$ - Log data generation has completed after generating 100 records.
