03:25:07.900 [main] INFO  GenerateLogData$ - Log data generator started...
03:25:08.114 [main] WARN  HelperUtils.Parameters$ - Max count 100 is used to create records instead of timeouts
03:25:09.103 [scala-execution-context-global-11] WARN  HelperUtils.Parameters$ - s%]s,+2k|D}K7b/XCwG&@7HDPR8z
03:25:09.813 [scala-execution-context-global-11] INFO  HelperUtils.Parameters$ - ;kNI&V%v<c#eSDK@lPY(
03:25:10.714 [scala-execution-context-global-11] INFO  HelperUtils.Parameters$ - l9]|92!uHUQ/IVcz~(;.Uz%K*5jTUd08
03:25:11.308 [scala-execution-context-global-11] INFO  HelperUtils.Parameters$ - G3sw7^U<^q^Cl!aMTDbNz<:$;?e<.0JD_'
03:25:12.252 [scala-execution-context-global-11] WARN  HelperUtils.Parameters$ - A><YFqpg+~"E1T
03:25:12.291 [scala-execution-context-global-11] DEBUG HelperUtils.Parameters$ - JrQB;P0"&+6;&Dk-
03:25:12.776 [scala-execution-context-global-11] INFO  HelperUtils.Parameters$ - OsI1`qAeU5H;\+
03:25:13.201 [scala-execution-context-global-11] INFO  HelperUtils.Parameters$ - [h!Q9PEY>L(NpKLBO"Gjo:=4kRXQ_tZ!
03:25:13.494 [scala-execution-context-global-11] INFO  HelperUtils.Parameters$ - B?y&C"C5rsb:2037;f&|vM#x?z|Ny|&<44Z8B&rF1#&M
03:25:13.791 [scala-execution-context-global-11] WARN  HelperUtils.Parameters$ - x2oBSI0/\%CdfV2%ChSsnZ7vJo=2qJqZ%."kbc!0ne`y&m
03:25:14.431 [scala-execution-context-global-11] ERROR HelperUtils.Parameters$ - ihu}!A2]*07}|,lc
03:25:15.133 [scala-execution-context-global-11] INFO  HelperUtils.Parameters$ - CC]>~R#,^#0JWyESarZdETDcvk)Yk'I?
03:25:15.564 [scala-execution-context-global-11] WARN  HelperUtils.Parameters$ - Swq;g+6M:?820=Gmd#.p)sFaqoKc^mm](.A8Z-4-].tp|cfR\~rc(m^{
03:25:15.781 [scala-execution-context-global-11] INFO  HelperUtils.Parameters$ - zXK=Fze%-6Iv-^q{zhG|EUzvd);tOj-:
03:25:16.784 [scala-execution-context-global-11] INFO  HelperUtils.Parameters$ - ^<A>61@{3[KEk@M/Xh-q%sco3Dkwq~
03:25:17.759 [scala-execution-context-global-11] WARN  HelperUtils.Parameters$ - Bv^B8Re'$VG)[P".g*?f<G\l5n.18B|i<E&rgPQZ;wBeA{4O/fy+Pp
03:25:17.945 [scala-execution-context-global-11] WARN  HelperUtils.Parameters$ - k1H+R#/%d0>Q>N:6\enT]U
03:25:18.774 [scala-execution-context-global-11] INFO  HelperUtils.Parameters$ - 8G;,3m_T`G#H]&Yh:Ei1%fp''5`U5jM6gbf1bf0bf1%<Bqz8fMm#{JWqMdoc_2N/|wf8]
03:25:18.954 [scala-execution-context-global-11] DEBUG HelperUtils.Parameters$ - Wic]sVw=J2'#b~{wX}8]
03:25:19.534 [scala-execution-context-global-11] WARN  HelperUtils.Parameters$ - ]B>WlmS;a,{&zx2.r#GT~YI"Xz2=LhYN
03:25:20.404 [scala-execution-context-global-11] INFO  HelperUtils.Parameters$ - x`RIbbW$HIWWo"u?*vYTf-NyyCY3p]cS{7}&Vro{o;
03:25:20.482 [scala-execution-context-global-11] DEBUG HelperUtils.Parameters$ - }dm!T@Tz.1T^lK0*fOvy'j./iz;#nVyo'<=UH'4!t(I+vzCF^rSk
03:25:21.105 [scala-execution-context-global-11] INFO  HelperUtils.Parameters$ - 0$H2{}JTKEc7rYR+R74&J-=zq>U&`oY]v,-OrviN3?
03:25:21.866 [scala-execution-context-global-11] INFO  HelperUtils.Parameters$ - 9]N`^[xj^Idxe7'5=EJ??%Nr!+WM<BMX
03:25:22.327 [scala-execution-context-global-11] INFO  HelperUtils.Parameters$ - ue%wa=`k>Z{AjrU!l:
03:25:22.773 [scala-execution-context-global-11] INFO  HelperUtils.Parameters$ - f#-F1>aP(ijQ
03:25:23.383 [scala-execution-context-global-11] WARN  HelperUtils.Parameters$ - P:1Skw)9!JchT6Gqn3HJAC6pV!v~(XAkVXr@P+H:+a$#
03:25:24.310 [scala-execution-context-global-11] INFO  HelperUtils.Parameters$ - NsbROr^#o,y1
03:25:24.649 [scala-execution-context-global-11] INFO  HelperUtils.Parameters$ - qtp/7s,.?]`9:TV;O.l:y]dln4HkJ"E*t/Y&
03:25:25.530 [scala-execution-context-global-11] WARN  HelperUtils.Parameters$ - ]Ga-1Ry#t0zFm[9{_+H2Cr6LvF$_2YU"3nRtr^pcbNK<
03:25:26.263 [scala-execution-context-global-11] ERROR HelperUtils.Parameters$ - u^>gRYFh9tE7SNss`5380VEGlFx"#O39"3U={f,is|<o
03:25:27.044 [scala-execution-context-global-11] WARN  HelperUtils.Parameters$ - 4I2bzZ`7kPz"R1fjGS804d\C,5;@`H%/||0)
03:25:27.590 [scala-execution-context-global-11] WARN  HelperUtils.Parameters$ - y/DF!_~f**;`cNwkti^-wRP5V*>[iQf5-jXh97q^"m-:f@
03:25:28.287 [scala-execution-context-global-11] INFO  HelperUtils.Parameters$ - Tj!eB5&+8`@Dsvj}Hnqq#D?[TvA9@$x4JU
03:25:28.990 [scala-execution-context-global-11] INFO  HelperUtils.Parameters$ - 2Q_X+=htt2<0
03:25:29.863 [scala-execution-context-global-11] INFO  HelperUtils.Parameters$ - }ZUiqq;TcoS6DM/'-wNtiXM.CR@s/hA0/MbMjtS7W|
03:25:30.317 [scala-execution-context-global-11] WARN  HelperUtils.Parameters$ - (;?`vm%83hf'(+#^'-tl%"LBZgoKUsO't4_?^g
03:25:31.028 [scala-execution-context-global-11] WARN  HelperUtils.Parameters$ - `u&\F*R,/Vud}=Vt*nkM.6v{u;`K+k=mSx8~
03:25:31.494 [scala-execution-context-global-11] DEBUG HelperUtils.Parameters$ - cEN?v]8_HG$PP;KZ`fBC
03:25:31.782 [scala-execution-context-global-11] INFO  HelperUtils.Parameters$ - mfktu~!sKc]QWyP7oce1D8mbe3T5mW5oSk0h'Ax>H".'fH
03:25:32.753 [scala-execution-context-global-11] WARN  HelperUtils.Parameters$ - RiF(qCt4;-GVlk4}u)8S{[fH,ev9w?(3:<c<By:kvP~V$":+!EP5~p7<k|
03:25:33.320 [scala-execution-context-global-11] INFO  HelperUtils.Parameters$ - zp`"g{*~]R;GLzpk`6}9L\Hq(}N(T_G|m'N,-Dfb?+->BUi{sO,Y
03:25:33.900 [scala-execution-context-global-11] INFO  HelperUtils.Parameters$ - xB,{<gY]ZKR\kUWdyZb[GBh?
03:25:34.322 [scala-execution-context-global-11] INFO  HelperUtils.Parameters$ - FX$5u6{#G|j$7$M\%D_BYX0%*t!>(s.I|r`8fO`~:w|^kG
03:25:34.428 [scala-execution-context-global-11] DEBUG HelperUtils.Parameters$ - ;g"U2lwp($UZSv=|QJ;PGl%{N>
03:25:34.448 [scala-execution-context-global-11] WARN  HelperUtils.Parameters$ - :C.>}GO9lV9wE9lbf3bf1cg3Y5nf#F!A|
03:25:35.019 [scala-execution-context-global-11] INFO  HelperUtils.Parameters$ - &D76'9)nxECLM9$+_<#lHP`?(nbrH7$HOF>CyA?U
03:25:35.747 [scala-execution-context-global-11] INFO  HelperUtils.Parameters$ - A'/DHZas31>8SzQL4||F0R;yE{B,:h8a$Li=
03:25:36.454 [scala-execution-context-global-11] INFO  HelperUtils.Parameters$ - HqZ)fDE8v^TNprxuzB}Y=a:;@/%z
03:25:36.668 [scala-execution-context-global-11] INFO  HelperUtils.Parameters$ - d^328_Doc}emCLn}xE!w9b(C3sOj!,{WzVLC-9;9:<vSp<7BF(
03:25:37.002 [scala-execution-context-global-11] INFO  HelperUtils.Parameters$ - |oHy]9:2ESIAL!>G5GYXAk
03:25:37.462 [scala-execution-context-global-11] INFO  HelperUtils.Parameters$ - bi(|5im7~]k@F[o[O76Ibt"V&Waa.9<3p(<*{Z~EZr1$tdHSa|m;@!U]
03:25:38.450 [scala-execution-context-global-11] INFO  HelperUtils.Parameters$ - VSQy9|[Cgg+1TQZU)6oQ){"A`f
03:25:39.086 [scala-execution-context-global-11] INFO  HelperUtils.Parameters$ - es["=xs6Wd>!
03:25:39.880 [scala-execution-context-global-11] WARN  HelperUtils.Parameters$ - *'b)M|7gl`#`^Iu^/9FL:u,FB*`t<C-P#wBFqk
03:25:39.980 [scala-execution-context-global-11] WARN  HelperUtils.Parameters$ - zw0:1Z|7yzgcYi
03:25:40.221 [scala-execution-context-global-11] INFO  HelperUtils.Parameters$ - ?P8H`e;Gfbx&b@NFp&O-LPw1=;HK70msePg"-a
03:25:40.364 [scala-execution-context-global-11] INFO  HelperUtils.Parameters$ - _.BnEpF(_)@z*Ag;\ODBcik_z0
03:25:40.429 [scala-execution-context-global-11] WARN  HelperUtils.Parameters$ - ]kJ`nD^N.UxWAzD<
03:25:40.636 [scala-execution-context-global-11] WARN  HelperUtils.Parameters$ - WFU?`Q}j?4xa+4G"7Z9mfzt]v:%`/t!P=Vi5xQ3cN,?A
03:25:41.194 [scala-execution-context-global-11] INFO  HelperUtils.Parameters$ - 5r8P\+:sDh]IA/tg@saS
03:25:41.521 [scala-execution-context-global-11] INFO  HelperUtils.Parameters$ - ;wxpp~>1(Eo~GI{&?iv3&Cv1x0!qI\7q+WZx
03:25:41.857 [scala-execution-context-global-11] INFO  HelperUtils.Parameters$ - [!0n%t=ucNLi:,W.GNcoWkHTN+Q)
03:25:41.909 [scala-execution-context-global-11] DEBUG HelperUtils.Parameters$ - 7k2QVSX7taf3I9mcg0af0bg1S6tA6wQ[@#;)
03:25:41.978 [scala-execution-context-global-11] INFO  HelperUtils.Parameters$ - \#Qcmb<N.Irsj*Acjv".f%x{lpuA(d
03:25:42.342 [scala-execution-context-global-11] INFO  HelperUtils.Parameters$ - F$UNz\qUPlWN]h29kwW).%!KXfaF&>`Nd?o#
03:25:42.535 [scala-execution-context-global-11] INFO  HelperUtils.Parameters$ - P=JzP[/5P>',):h+oGBRUU2&:0=6[7N"DR)(_-PPF2v&N0^D
03:25:43.077 [scala-execution-context-global-11] INFO  HelperUtils.Parameters$ - mkT8nVC-WtZ37G#?%>
03:25:43.176 [scala-execution-context-global-11] INFO  HelperUtils.Parameters$ - T6f)MZPFZ7J+1%^W;ck"^.}PG@/M%:,:cllrqh-#)(
03:25:43.662 [scala-execution-context-global-11] INFO  HelperUtils.Parameters$ - !rOGDAs~M{dW^a(zfkM&_,JF@]k%>u<Nkg:*u5`"=S>Fk0lPazE'C(Sr
03:25:44.411 [scala-execution-context-global-11] WARN  HelperUtils.Parameters$ - }HX0Z:\O*$l1hHU=D5vJ`Ov1Wmce2R5tM5vK6lcf2ag3C7i\gN7O)~Fhj*ujVT^sW_x2Z|kvd
03:25:44.907 [scala-execution-context-global-11] INFO  HelperUtils.Parameters$ - G:~P%+Sl|l'SKwsT?y[]/`R6pl6E0=$tsPHFT!
03:25:45.320 [scala-execution-context-global-11] WARN  HelperUtils.Parameters$ - hw/o3p~d6kCj\vj'ULo'd$rkYsXzH6x}?Q\BN>!2
03:25:45.909 [scala-execution-context-global-11] INFO  HelperUtils.Parameters$ - 8GhBmr$\Z^*?iva%
03:25:46.068 [scala-execution-context-global-11] INFO  HelperUtils.Parameters$ - Y#=u|._a(Sub5B;@RKx4Iqn38(+J}t0vUc6d[X@Lar
03:25:46.977 [scala-execution-context-global-11] INFO  HelperUtils.Parameters$ - dvm(%&#N8],{
03:25:47.001 [scala-execution-context-global-11] INFO  HelperUtils.Parameters$ - 'd,YOK[kEj)&A1l"W!b<mvy8,CG<xTogpMckNK`0zw,y,26f5G
03:25:47.225 [scala-execution-context-global-11] WARN  HelperUtils.Parameters$ - n{bsVF@Ia4&>G0xfRGYj\@s|M%AXr>QUK/[~-~uDQ*>QMp
03:25:47.433 [scala-execution-context-global-11] INFO  HelperUtils.Parameters$ - +"U8/T4Y>LB)+'d86j,,a]6L>egcfY>tytBYf?Y=t?`BPyt6Af|C
03:25:48.214 [scala-execution-context-global-11] INFO  HelperUtils.Parameters$ - OmeD!</<n,sqK>f_4\K6Xp#=w_Z@m,Rv2mWUj8]#H+};9k<bMwb,@7j<
03:25:49.031 [scala-execution-context-global-11] INFO  HelperUtils.Parameters$ - 9#b{)[c>"jyxttZiG<&P#~Ic
03:25:49.449 [scala-execution-context-global-11] INFO  HelperUtils.Parameters$ - ]_>?5fx-Z+|QTO<x,me]Eo-d/N\hfPP`A;{fsq
03:25:50.218 [scala-execution-context-global-11] WARN  HelperUtils.Parameters$ - ?p/k\qC`UF6+R{EW,>/#oJoa`O1[[%
03:25:50.274 [scala-execution-context-global-11] INFO  HelperUtils.Parameters$ - n\78p@,axcbtZ_en5ge58"TA80^n$+p\
03:25:50.606 [scala-execution-context-global-11] WARN  HelperUtils.Parameters$ - :/h{YkJ]leI))h)&
03:25:50.736 [scala-execution-context-global-11] WARN  HelperUtils.Parameters$ - @-N(S]#xjy"qahZK"mIvCZ(N),;:y]%.N\zQ>d?LDYa2p|)_VO
03:25:50.943 [scala-execution-context-global-11] INFO  HelperUtils.Parameters$ - ~]$(gYP~^7Wy3IRkoXvj's}BF6c{
03:25:51.297 [scala-execution-context-global-11] INFO  HelperUtils.Parameters$ - &t[)#dvcO|#R/q2gTt*h{$1LdU^63r9#ZstRSD&,D=ekG`EIJv$yu6P"
03:25:51.906 [scala-execution-context-global-11] INFO  HelperUtils.Parameters$ - @A1##6Q#2pb#.51}%?M~
03:25:52.744 [scala-execution-context-global-11] INFO  HelperUtils.Parameters$ - K3!,ar?)nT\KtsmCH9u2
03:25:53.694 [scala-execution-context-global-11] INFO  HelperUtils.Parameters$ - [2+7K'bNJT1`ulDB9jv;~i}y?+Vc_):,T~gz/Xs]U`
03:25:54.341 [scala-execution-context-global-11] INFO  HelperUtils.Parameters$ - cwY[p}shh1jwQ{Lf;P^(vQ,(1R=h
03:25:54.910 [scala-execution-context-global-11] INFO  HelperUtils.Parameters$ - jVS[JLL\Ywtd{XdnI4Wf4R}gj)
03:25:55.454 [scala-execution-context-global-11] INFO  HelperUtils.Parameters$ - 53]~EJSy`5!$YI7:df1Z_S(cCoKoK&0xS4T(I+^d+A4vkcvj(~/6{w+r
03:25:56.381 [scala-execution-context-global-11] WARN  HelperUtils.Parameters$ - 1rv@$0c7YKfN~erT~ts>{F>c@UG>_M?nyqWU
03:25:56.481 [scala-execution-context-global-11] WARN  HelperUtils.Parameters$ - ,zS0(Mi~,(R-bNNdwtl*`Wdu&)8z5Xn7nl=1Y^
03:25:57.027 [scala-execution-context-global-11] INFO  HelperUtils.Parameters$ - IC/2Mk[<'K;m`g#d/|5'u2
03:25:57.232 [scala-execution-context-global-11] INFO  HelperUtils.Parameters$ - &;UGRNEaRbzV;7:hm8}d+),|
03:25:57.988 [scala-execution-context-global-11] DEBUG HelperUtils.Parameters$ - l\]v'!K:@q1t~^Ug9\
03:25:58.426 [scala-execution-context-global-11] INFO  HelperUtils.Parameters$ - Gk7K(4]iqMu5Z@{vpC
03:25:58.427 [main] INFO  GenerateLogData$ - Log data generation has completed after generating 100 records.
