03:32:35.626 [main] INFO  GenerateLogData$ - Log data generator started...
03:32:35.819 [main] WARN  HelperUtils.Parameters$ - Max count 100 is used to create records instead of timeouts
03:32:36.490 [scala-execution-context-global-11] WARN  HelperUtils.Parameters$ - s%]s,+2k|D}K7b/XCwG&@7HDPR8z
03:32:36.722 [scala-execution-context-global-11] INFO  HelperUtils.Parameters$ - ;kNI&V%v<c#eSDK@lPY(
03:32:36.835 [scala-execution-context-global-11] INFO  HelperUtils.Parameters$ - l9]|92!uHUQ/IVcz~(;.Uz%K*5jTUd08
03:32:37.158 [scala-execution-context-global-11] INFO  HelperUtils.Parameters$ - G3sw7^U<^q^Cl!aMTDbNz<:$;?e<.0JD_'
03:32:37.659 [scala-execution-context-global-11] WARN  HelperUtils.Parameters$ - A><YFqpg+~"E1T
03:32:37.915 [scala-execution-context-global-11] DEBUG HelperUtils.Parameters$ - JrQB;P0"&+6;&Dk-
03:32:38.491 [scala-execution-context-global-11] INFO  HelperUtils.Parameters$ - OsI1`qAeU5H;\+
03:32:38.638 [scala-execution-context-global-11] INFO  HelperUtils.Parameters$ - [h!Q9PEY>L(NpKLBO"Gjo:=4kRXQ_tZ!
03:32:38.728 [scala-execution-context-global-11] INFO  HelperUtils.Parameters$ - B?y&C"C5rsb:2037;f&|vM#x?z|Ny|&<44Z8B&rF1#&M
03:32:38.789 [scala-execution-context-global-11] WARN  HelperUtils.Parameters$ - x2oBSI0/\%CdfV2%ChSsnZ7vJo=2qJqZ%."kbc!0ne`y&m
03:32:39.725 [scala-execution-context-global-11] ERROR HelperUtils.Parameters$ - ihu}!A2]*07}|,lc
03:32:40.180 [scala-execution-context-global-11] INFO  HelperUtils.Parameters$ - CC]>~R#,^#0JWyESarZdETDcvk)Yk'I?
03:32:40.426 [scala-execution-context-global-11] WARN  HelperUtils.Parameters$ - Swq;g+6M:?820=Gmd#.p)sFaqoKc^mm](.A8Z-4-].tp|cfR\~rc(m^{
03:32:41.142 [scala-execution-context-global-11] INFO  HelperUtils.Parameters$ - zXK=Fze%-6Iv-^q{zhG|EUzvd);tOj-:
03:32:42.143 [scala-execution-context-global-11] INFO  HelperUtils.Parameters$ - ^<A>61@{3[KEk@M/Xh-q%sco3Dkwq~
03:32:43.104 [scala-execution-context-global-11] WARN  HelperUtils.Parameters$ - Bv^B8Re'$VG)[P".g*?f<G\l5n.18B|i<E&rgPQZ;wBeA{4O/fy+Pp
03:32:43.569 [scala-execution-context-global-11] WARN  HelperUtils.Parameters$ - k1H+R#/%d0>Q>N:6\enT]U
03:32:44.341 [scala-execution-context-global-11] INFO  HelperUtils.Parameters$ - 8G;,3m_T`G#H]&Yh:Ei1%fp''5`X9obe1Q7jD6rS9sbf0%<Bqz8fMm#{JWqMdoc_2N/|wf8]
03:32:44.541 [scala-execution-context-global-11] DEBUG HelperUtils.Parameters$ - "gxBD,4e)p\VR{{i*CJR\~.^<w52pW$5c9
03:32:45.345 [scala-execution-context-global-11] WARN  HelperUtils.Parameters$ - #+\YRwj1v6T6aG+6vW
03:32:45.666 [scala-execution-context-global-11] INFO  HelperUtils.Parameters$ - :~|FTXQemY\MB|c86\Nb~`*AeW!!Z03%af\Uug/1_1<t=8"U#4[#@P
03:32:46.016 [scala-execution-context-global-11] DEBUG HelperUtils.Parameters$ - cs`;l'@be1K7uae3bg0ag0W6jcf3be1\s(&."0
03:32:46.204 [scala-execution-context-global-11] INFO  HelperUtils.Parameters$ - 7Pb;#Sm}a2j8MxF:~_J!p;N?a0+\;>h-K/NVKl$2QUiRIMB,pM48m/TwmG
03:32:47.042 [scala-execution-context-global-11] INFO  HelperUtils.Parameters$ - uW&tiSK~t1Jx-3uRNJ
03:32:47.422 [scala-execution-context-global-11] INFO  HelperUtils.Parameters$ - FUtR3iRVb^XJjA'.51R0=r9FE15By;!%8G,E6+LpyH$PtcCj/>03V(Z])4!;
03:32:48.394 [scala-execution-context-global-11] INFO  HelperUtils.Parameters$ - +8\mfM1mhO,[Dt~|U;oR
03:32:48.997 [scala-execution-context-global-11] WARN  HelperUtils.Parameters$ - @xP&:f}f2^o!y+HcJ'
03:32:49.838 [scala-execution-context-global-11] INFO  HelperUtils.Parameters$ - }vy?v8*wY~JiWjq4/wFZ}PI&LX%|TnEQJo6SQM=6G+'My`.PlhMY29}%Dx
03:32:50.817 [scala-execution-context-global-11] INFO  HelperUtils.Parameters$ - [;`59L`e7[UHkO|$k6In1)`RuF$n&o[jZ}o#JS6mK\hNN0So
03:32:51.464 [scala-execution-context-global-11] WARN  HelperUtils.Parameters$ - V@?IHx.q!<Iu1dQ"7Lsq0RSjq!oR2gdL=&v'536]Kixx%O)k
03:32:51.964 [scala-execution-context-global-11] ERROR HelperUtils.Parameters$ - >OeT8+X%*mM@0#C5gRYg~.8T4}_{]t1juF/}
03:32:52.327 [scala-execution-context-global-11] WARN  HelperUtils.Parameters$ - ?67-d]/-^'5+14ly0AOXLAN`gv6DR,?,cbY4,#[FUk>tK;ItGi
03:32:53.203 [scala-execution-context-global-11] WARN  HelperUtils.Parameters$ - %-'r\!'=gci]w:AHn`uFO>Z@LO5$D\^8pRsstI2S=2c-b]LS{T
03:32:53.949 [scala-execution-context-global-11] INFO  HelperUtils.Parameters$ - dZKA<g|,dJ#3Ng]KPIc["VvzFpHFgJVcMCCKP_(\
03:32:54.029 [scala-execution-context-global-11] INFO  HelperUtils.Parameters$ - @2npsBDW$dvc5-%(!<qnf`?I_+2'LM`1`Rb%pX)'r(&q/i:.a,L6.cNn_B
03:32:54.165 [scala-execution-context-global-11] INFO  HelperUtils.Parameters$ - >%ck@o\PMjzWs(-]_Q)=7y
03:32:54.911 [scala-execution-context-global-11] WARN  HelperUtils.Parameters$ - &dva!wp\"RhnhK-:bB)C=3LrH8+Gd|{7JiNfz-)uc;GkM7]'^|
03:32:55.167 [scala-execution-context-global-11] WARN  HelperUtils.Parameters$ - Uh<G_Oq0D&"%=<zyT:QY>,
03:32:55.495 [scala-execution-context-global-11] DEBUG HelperUtils.Parameters$ - :9dV,U(;!cj>
03:32:55.742 [scala-execution-context-global-11] INFO  HelperUtils.Parameters$ - IQO+7(]3{Dh?xV#L7GxFr:;|HrA+0Lf.3u{Q7z@N#n{)"MCKY(In>HP9
03:32:56.473 [scala-execution-context-global-11] WARN  HelperUtils.Parameters$ - LG4H2olvsNvOsXyofXLae2O7wbe3L6gag1F8scf2AuNwxi0Cw@I'!34\j{H
03:32:57.404 [scala-execution-context-global-11] INFO  HelperUtils.Parameters$ - D@~.]r}W<S#)gp(4_6y(${9Sla($6$(6L!Q`->/]4~(/Ke|l$2
03:32:58.110 [scala-execution-context-global-11] INFO  HelperUtils.Parameters$ - QekcSS@ulNwGLrz09Z(#QJR"<B2g`$8aky-p_qkvKMdgq]=L*RNh
03:32:58.377 [scala-execution-context-global-11] INFO  HelperUtils.Parameters$ - GMO/ZUFn;c"(&okI~3}<q\_(Y#yh/.AS4pO(->@gIkYL^'
03:32:58.703 [scala-execution-context-global-11] DEBUG HelperUtils.Parameters$ - >*ccBkLYT50eHW)sCf\RfBY.Tl7+G,59P5uB]6{5Iht7y`+X
03:32:59.497 [scala-execution-context-global-11] WARN  HelperUtils.Parameters$ - NKeLi;LaSqalrR5`BSW.
03:32:59.641 [scala-execution-context-global-11] INFO  HelperUtils.Parameters$ - f*m2gv/Z*K6kC8qcf1W6nA7m`ZV7?bY/9
03:33:00.512 [scala-execution-context-global-11] INFO  HelperUtils.Parameters$ - lHw\"joy/7Pb3!98JWD;h_
03:33:00.828 [scala-execution-context-global-11] INFO  HelperUtils.Parameters$ - 3Jn3O\o+/i-ogWtvK=Rm{Kx^v[3S5qG<G<2PLea3[|q.n0goW;Y.3lf&,8
03:33:01.750 [scala-execution-context-global-11] INFO  HelperUtils.Parameters$ - Daq+EALxuJY!eztl_!q8ok\O
03:33:02.547 [scala-execution-context-global-11] INFO  HelperUtils.Parameters$ - esK!kT?GGCS@w%[7b\RmQi7mE`o:HG-@
03:33:02.786 [scala-execution-context-global-11] INFO  HelperUtils.Parameters$ - VR-!nWq+^+J]"ka]*1
03:33:03.227 [scala-execution-context-global-11] INFO  HelperUtils.Parameters$ - ?8?g.umQqp@S|0PSena_b1/d=(0RG~?jB?DW3mK=5Tkz\(+:AU^keCH:Cztm
03:33:03.629 [scala-execution-context-global-11] INFO  HelperUtils.Parameters$ - 6M(#%VUA$Xt&FNUrK\pN<4\aT#NF]kPE$Wr$IL+X,9ko>8l@73GHd08GI9ef
03:33:04.579 [scala-execution-context-global-11] WARN  HelperUtils.Parameters$ - %zew=Lb=RYUr6@E+sLRsLQW*VE>$g3%nDQa"4M
03:33:05.230 [scala-execution-context-global-11] WARN  HelperUtils.Parameters$ - >gx>bp^,+zn+.A`'{R
03:33:05.374 [scala-execution-context-global-11] INFO  HelperUtils.Parameters$ - k#dt(~y#MQdCBA^3ufmE!/<ltP322T,=
03:33:05.412 [scala-execution-context-global-11] INFO  HelperUtils.Parameters$ - @G|Yjx)pTE'7+%P#@6m>`(x]N^[T:vNexiGB0Qhnw%!lvTC.O*4-#}
03:33:05.613 [scala-execution-context-global-11] WARN  HelperUtils.Parameters$ - YdOaBW=Fy"M1T%|)zJNcJqB=6MWv
03:33:06.409 [scala-execution-context-global-11] WARN  HelperUtils.Parameters$ - 30658Y_`+N8oVlBmV7X%WmYO4rK|02}1f'RWO`^4DM_Z
03:33:06.805 [scala-execution-context-global-11] INFO  HelperUtils.Parameters$ - <*cIFqIdJQ4pu.1.(bc%*D{HFIPD0,PS;/x,]k$#
03:33:07.435 [scala-execution-context-global-11] INFO  HelperUtils.Parameters$ - f{?geAnK(p?|oW%H|E@u\Ye%~p#iit)f%*+NLH
03:33:07.954 [scala-execution-context-global-11] INFO  HelperUtils.Parameters$ - 6r9r(>_N<9F/Nt
03:33:08.347 [scala-execution-context-global-11] DEBUG HelperUtils.Parameters$ - z\l%k|"cZag3:rCH<{#b"clI/6Zhql*Bmv,x2>gr
03:33:08.555 [scala-execution-context-global-11] INFO  HelperUtils.Parameters$ - %+PM{w:*&b7p$530`JRvDQ~&X]$tI9,Fr8HTNH(Rn%
03:33:08.756 [scala-execution-context-global-11] INFO  HelperUtils.Parameters$ - )&fi^[Ed{Ht\>%
03:33:08.796 [scala-execution-context-global-11] INFO  HelperUtils.Parameters$ - C*mVo8e|;Zr/NNk8HONDv{iNPr)QO:K@y-F+?f=/H"(:0kb!C?
03:33:09.669 [scala-execution-context-global-11] INFO  HelperUtils.Parameters$ - ?e@_1*}QM|JNc]3vR:!cUXsPk)dC`Yoc]n#K
03:33:10.592 [scala-execution-context-global-11] INFO  HelperUtils.Parameters$ - cw">ZIL'UWR(03kl
03:33:11.378 [scala-execution-context-global-11] INFO  HelperUtils.Parameters$ - 'YSyVnTJ9*Z^~pIaek&Fn6<ZQg4tp;KOoOb=yfzP\m4Q$mpo;e}k9AOJCt
03:33:12.065 [scala-execution-context-global-11] WARN  HelperUtils.Parameters$ - U~T3W"f`zZBCsD^&k#3#Ch]AP7.?mK2,WnpIJhUJZve[
03:33:12.575 [scala-execution-context-global-11] INFO  HelperUtils.Parameters$ - F}u}0s+2AS+H(e60<~f:C=5l^jh9#{be:2oyzhNxme-l"=/YT9
03:33:13.112 [scala-execution-context-global-11] WARN  HelperUtils.Parameters$ - Wu=C!;Qmhae3X7uae3af3U8wF7qG6hbe2M6kL7hwIUc#scYw
03:33:13.749 [scala-execution-context-global-11] INFO  HelperUtils.Parameters$ - E(9L$xLSSKGE>6kjYB3RE#A[>]>`TsVrm9O[3trs~*I>xAZx
03:33:14.457 [scala-execution-context-global-11] INFO  HelperUtils.Parameters$ - }j#^;]L%jl"i-yp5/dX|~E6p6)+54}b%YuU~C9ybF#/3}SmQxNQH
03:33:15.149 [scala-execution-context-global-11] INFO  HelperUtils.Parameters$ - -"3ghQ!8^ftm2/f9;uWwwP^:d9uhv09PW{JJoR1>
03:33:16.106 [scala-execution-context-global-11] INFO  HelperUtils.Parameters$ - !2!naMOKZ:?1|F5P$lvU>j//'F&0`bh~p"cqnh'9
03:33:16.824 [scala-execution-context-global-11] WARN  HelperUtils.Parameters$ - KW$Q"Cq4v$QIK%@$9hb~O.U]>I0v$g}>n`"5}8tSSc^+fEK>&"j!2>1<JVET
03:33:17.738 [scala-execution-context-global-11] INFO  HelperUtils.Parameters$ - %Uaqpf3WYQ%o;|e_"DGD>O,/ox])Ba_V;~%`]<KK!n7,ExQl!lGK4*e8
03:33:17.969 [scala-execution-context-global-11] INFO  HelperUtils.Parameters$ - +W^"I"+;WS|tUhkpy<;vOYs#+b^yJG]l
03:33:18.567 [scala-execution-context-global-11] INFO  HelperUtils.Parameters$ - O~;iQLYP>bHb>aYTnl(DsNC\|!=qQ9
03:33:18.961 [scala-execution-context-global-11] INFO  HelperUtils.Parameters$ - &4WvjgU]E@O+t+>Fv:qv8Mv|'y29y!G5)dz&
03:33:19.111 [scala-execution-context-global-11] WARN  HelperUtils.Parameters$ - m&ivt`ujU|T@hqR!n`0EZ_7K>('FyAC?CN
03:33:19.317 [scala-execution-context-global-11] INFO  HelperUtils.Parameters$ - _Vnp;U?l+3hYx#FCkd.qfJ1u8~L?Dr
03:33:20.293 [scala-execution-context-global-11] WARN  HelperUtils.Parameters$ - CPW'%W_0D;`0Mv@r;=nWGfqM(Q5oI7jD6obe3cg1}4t_-\-{ZQfFag#3r!P*zd)6^
03:33:21.017 [scala-execution-context-global-11] WARN  HelperUtils.Parameters$ - wiP%l-Yh3?i]eX3ju%
03:33:21.067 [scala-execution-context-global-11] INFO  HelperUtils.Parameters$ - bmEkn60gnu<EJ9ML=%OFD+bV>=K?x_^VadXL(:+h
03:33:21.523 [scala-execution-context-global-11] INFO  HelperUtils.Parameters$ - 0:JKVl|wEnqoM.d--{]ANleg
03:33:22.112 [scala-execution-context-global-11] INFO  HelperUtils.Parameters$ - vix'@amu;4cSLI}%*76u!;C,?PL`W8f$e4x%ju*:cbdy^J
03:33:23.030 [scala-execution-context-global-11] INFO  HelperUtils.Parameters$ - iFF|t>|>m4M0OD6A\=fhMS0#2A-ioZPRm$Ic;#Uz^JUj;[9PvfcI$b;\(4Kd
03:33:23.427 [scala-execution-context-global-11] INFO  HelperUtils.Parameters$ - V6I9>t1h$dX?xiq9S26@=<_"^S`,z??jlfY?tf|g
03:33:24.094 [scala-execution-context-global-11] INFO  HelperUtils.Parameters$ - qUkKCH7B`Y8Yfr
03:33:25.096 [scala-execution-context-global-11] INFO  HelperUtils.Parameters$ - pRon@0}"W]1*rfBnh#\Ku4WA^CyMBThC/e$nyq_FU8>b?,jzCPOV=$
03:33:25.230 [scala-execution-context-global-11] INFO  HelperUtils.Parameters$ - 6^%TU#/Ht;}'|cD>b=iZ
03:33:26.105 [scala-execution-context-global-11] WARN  HelperUtils.Parameters$ - oPSb]?6n,0OHIZZ@7+z@q!y:SeV=*pA'7sDdG$%E/Kgvfj
03:33:26.222 [scala-execution-context-global-11] WARN  HelperUtils.Parameters$ - ?ktRjt%'aGM3)9ciN?2(R/fO0rcN{I4.Hx
03:33:26.983 [scala-execution-context-global-11] INFO  HelperUtils.Parameters$ - )\}N`qa}J*%m?Z48\4.#^X@Po!:,['v+ef
03:33:27.925 [scala-execution-context-global-11] INFO  HelperUtils.Parameters$ - a=KC!t|yyjb[7dOELZF)PKci>RB`SN2mg\#T$dR5l'i\2FE8[p,:
03:33:27.997 [scala-execution-context-global-11] DEBUG HelperUtils.Parameters$ - OM:y$7v_yn$+SF]d'q`<,[b]vI(?I/R]$^6'Rm1J/v@RNDDU
03:33:28.268 [scala-execution-context-global-11] INFO  HelperUtils.Parameters$ - (_xSun?kufJl|u`(-9Vve:WGCvgKiu?I?O-u/dFS-r
03:33:28.269 [main] INFO  GenerateLogData$ - Log data generation has completed after generating 100 records.
