03:34:38.691 [main] INFO  GenerateLogData$ - Log data generator started...
03:34:38.889 [main] WARN  HelperUtils.Parameters$ - Max count 100 is used to create records instead of timeouts
03:34:39.319 [scala-execution-context-global-11] WARN  HelperUtils.Parameters$ - s%]s,+2k|D}K7b/XCwG&@7HDPR8z
03:34:39.847 [scala-execution-context-global-11] INFO  HelperUtils.Parameters$ - ;kNI&V%v<c#eSDK@lPY(
03:34:40.158 [scala-execution-context-global-11] INFO  HelperUtils.Parameters$ - l9]|92!uHUQ/IVcz~(;.Uz%K*5jTUd08
03:34:40.920 [scala-execution-context-global-11] INFO  HelperUtils.Parameters$ - G3sw7^U<^q^Cl!aMTDbNz<:$;?e<.0JD_'
03:34:41.250 [scala-execution-context-global-11] WARN  HelperUtils.Parameters$ - A><YFqpg+~"E1T
03:34:41.837 [scala-execution-context-global-11] DEBUG HelperUtils.Parameters$ - JrQB;P0"&+6;&Dk-
03:34:41.906 [scala-execution-context-global-11] INFO  HelperUtils.Parameters$ - OsI1`qAeU5H;\+
03:34:42.165 [scala-execution-context-global-11] INFO  HelperUtils.Parameters$ - [h!Q9PEY>L(NpKLBO"Gjo:=4kRXQ_tZ!
03:34:42.806 [scala-execution-context-global-11] INFO  HelperUtils.Parameters$ - B?y&C"C5rsb:2037;f&|vM#x?z|Ny|&<44Z8B&rF1#&M
03:34:43.451 [scala-execution-context-global-11] WARN  HelperUtils.Parameters$ - x2oBSI0/\%CdfV2%ChSsnZ7vJo=2qJqZ%."kbc!0ne`y&m
03:34:44.020 [scala-execution-context-global-11] ERROR HelperUtils.Parameters$ - ihu}!A2]*07}|,lc
03:34:44.085 [scala-execution-context-global-11] INFO  HelperUtils.Parameters$ - CC]>~R#,^#0JWyESarZdETDcvk)Yk'I?
03:34:44.696 [scala-execution-context-global-11] WARN  HelperUtils.Parameters$ - Swq;g+6M:?820=Gmd#.p)sFaqoKc^mm](.A8Z-4-].tp|cfR\~rc(m^{
03:34:45.281 [scala-execution-context-global-11] INFO  HelperUtils.Parameters$ - zXK=Fze%-6Iv-^q{zhG|EUzvd);tOj-:
03:34:45.371 [scala-execution-context-global-11] INFO  HelperUtils.Parameters$ - ^<A>61@{3[KEk@M/Xh-q%sco3Dkwq~
03:34:46.244 [scala-execution-context-global-11] WARN  HelperUtils.Parameters$ - Bv^B8Re'$VG)[P".g*?f<G\l5n.18B|i<E&rgPQZ;wBeA{4O/fy+Pp
03:34:46.738 [scala-execution-context-global-11] WARN  HelperUtils.Parameters$ - k1H+R#/%d0>Q>N:6\enT]U
03:34:47.582 [scala-execution-context-global-11] INFO  HelperUtils.Parameters$ - 8G;,3m_T`G#H]&Yh:Ei1%fp''5`af1J6rQ7maf0U6sY9w%<Bqz8fMm#{JWqMdoc_2N/|wf8]
03:34:47.994 [scala-execution-context-global-11] DEBUG HelperUtils.Parameters$ - nySo^A),v?om(<AEhk&LQvOL8AW+Xc
03:34:48.356 [scala-execution-context-global-11] WARN  HelperUtils.Parameters$ - TpjElS2wC":[,@elOVz/j9fw
03:34:48.617 [scala-execution-context-global-11] INFO  HelperUtils.Parameters$ - &p9wIf8R9rbf0G6tcf2bg2af1:;Wa!eL
03:34:48.882 [scala-execution-context-global-11] DEBUG HelperUtils.Parameters$ - "(kb?R[]D9,P\UcUw(3zyQ3nL`bYJuP}
03:34:48.933 [scala-execution-context-global-11] INFO  HelperUtils.Parameters$ - W/3T?B0sQV>vpaT-2xzf6HX)r6&xFBDX<dI?223]wM-[a}gHxg
03:34:49.844 [scala-execution-context-global-11] INFO  HelperUtils.Parameters$ - 6Z7K~HBjetVDaI)d-)i92(D*
03:34:50.592 [scala-execution-context-global-11] INFO  HelperUtils.Parameters$ - +5&\{Bw6t|x'T$lThuTA.F|rIW\@x(Y5"ve<!3Gvs"`uNJsS,Uu%s[p>
03:34:50.825 [scala-execution-context-global-11] INFO  HelperUtils.Parameters$ - Jp~%Y7bf2bf2af3ce0bg2H8rZ6ull*e4V
03:34:51.371 [scala-execution-context-global-11] WARN  HelperUtils.Parameters$ - #9Afu'*y:.i2
03:34:51.909 [scala-execution-context-global-11] INFO  HelperUtils.Parameters$ - 7EI/V0/rTD<+\05UR`4Uuq4::JqHw>zI^vf0!5E&.6*M_0J/5G&-
03:34:52.907 [scala-execution-context-global-11] INFO  HelperUtils.Parameters$ - 5o0f|,Q-hG?:hTp-sF+0PaDNX6F14cSa
03:34:53.834 [scala-execution-context-global-11] WARN  HelperUtils.Parameters$ - XI^1z#jGAVb*8o[uz6*x1h
03:34:54.811 [scala-execution-context-global-11] ERROR HelperUtils.Parameters$ - d,R^4D|9Tiq5A.v-]jAziMiuZ0PQ3pIVNqC7(u=cLWgH6kaK7WI**skC
03:34:55.121 [scala-execution-context-global-11] WARN  HelperUtils.Parameters$ - V_6_[u"4dl&fWGpf.CQL$J*ZzwZkAJ"+7V}\X{/Ex?,t
03:34:55.531 [scala-execution-context-global-11] WARN  HelperUtils.Parameters$ - #-Pdp}VrBqdrR0K=[#'w_"q+a1HCWK3<(&i7cq,v7h|%|_',
03:34:56.415 [scala-execution-context-global-11] INFO  HelperUtils.Parameters$ - wlFsNQbVh(e,dGby
03:34:56.943 [scala-execution-context-global-11] INFO  HelperUtils.Parameters$ - 2)A}?}N^Sk\g
03:34:57.590 [scala-execution-context-global-11] INFO  HelperUtils.Parameters$ - D7yjcBOs\Sy</(]pH@eQC&3;GPXBb3_oEx
03:34:57.651 [scala-execution-context-global-11] WARN  HelperUtils.Parameters$ - aW5nz@)(Ipqo="`fW2t?wJ\V#7s7|tLvOhIq9[B9tlIG`L6<
03:34:58.636 [scala-execution-context-global-11] WARN  HelperUtils.Parameters$ - 8<j^8*Tfy2LRI].d*(*|Yw_$taM5pe$&~bewLmgUtk
03:34:59.371 [scala-execution-context-global-11] DEBUG HelperUtils.Parameters$ - [UAjk)%G-vQIt{,N[|Q|qzan_j&.nY]gsv+DP,
03:35:00.170 [scala-execution-context-global-11] INFO  HelperUtils.Parameters$ - +G~#&Zn2Y5DKW2;aMfYhq`uZgkEY$0wV!47^mRBJiKD#C_c6CDbJ
03:35:00.402 [scala-execution-context-global-11] WARN  HelperUtils.Parameters$ - J,>y1u`R5o[t&,SGct=m`#oSAZ2P!Zuo[`_&@Lu)w2~n::
03:35:01.036 [scala-execution-context-global-11] INFO  HelperUtils.Parameters$ - q8B{AoyIXjd/v/1lUc^&TA=U
03:35:01.108 [scala-execution-context-global-11] INFO  HelperUtils.Parameters$ - <89",kJ@+[U'Yp)\0;'U~5V*R:S=Q\Kr/'60Vum;C[p'po%2T--hhhIUh2
03:35:01.649 [scala-execution-context-global-11] INFO  HelperUtils.Parameters$ - !kL{gf7WqVn&BU8iyQE`.^R["J(&[1>`9p+=o-%-r?+;
03:35:01.898 [scala-execution-context-global-11] DEBUG HelperUtils.Parameters$ - \+e~o$BZx&g4qwok>+*G2D$;e_LJ|J+!!T_>`<qkF0Ulh=E8
03:35:02.862 [scala-execution-context-global-11] WARN  HelperUtils.Parameters$ - C9ptgmz]VnpI|61{'E5TN>gv
03:35:03.719 [scala-execution-context-global-11] INFO  HelperUtils.Parameters$ - 8n;t}$10`?-^"q%^_/|JrI:CD%yc]*p=7cD/6)>`0}-_P<o~DR|G
03:35:04.289 [scala-execution-context-global-11] INFO  HelperUtils.Parameters$ - cm28"BlbMEw-B}*.bAW=H?<X/WSk7BHIMf%zR;cC)"
03:35:04.958 [scala-execution-context-global-11] INFO  HelperUtils.Parameters$ - kPoqc=K#Yi3p_oU*J+W/Yq+~j]$=P]=_&bCz:7iKf+pp~{13\EvIlI
03:35:05.243 [scala-execution-context-global-11] INFO  HelperUtils.Parameters$ - 8.`)ZCEh=rA0X)`>Y{!1uP1LFybae>6$@L+yrxud=`Mq57$|.+4x*7
03:35:05.982 [scala-execution-context-global-11] INFO  HelperUtils.Parameters$ - ]$o:jmP,(P<=4QTf;a{c\T%I_$">J8uag1ag1bg3af1a0tvZFS8z%IYO+;3.^#H{>oiX-sK
03:35:06.677 [scala-execution-context-global-11] INFO  HelperUtils.Parameters$ - _dak6*U9@kT%OL:g2\fZg&?qOj0OBXD$Fr]FTJ
03:35:07.518 [scala-execution-context-global-11] INFO  HelperUtils.Parameters$ - $Xc&4Y{5e%c@3MVR/::46/~RwpFUUA/8$2)i`0v']vcPF.-(&c"}l[W]H\
03:35:08.044 [scala-execution-context-global-11] INFO  HelperUtils.Parameters$ - P":GN^L.AG}tB'P*voc9JWEN
03:35:08.385 [scala-execution-context-global-11] WARN  HelperUtils.Parameters$ - ?7-*&9MW%2?2d2xFix`&JtMZm>(6QnAunNkO
03:35:08.917 [scala-execution-context-global-11] WARN  HelperUtils.Parameters$ - COkQleo0<w.a/:z>k?Y`/H#J-"
03:35:09.647 [scala-execution-context-global-11] INFO  HelperUtils.Parameters$ - ~ZU?w'q159>BZHvFL1h$L$\2>uOEB^M5Ty;v)/21MRK<fnSUw;gG".0I
03:35:10.563 [scala-execution-context-global-11] INFO  HelperUtils.Parameters$ - ]18#u^s2mAJ_1WQ<`Rs\i"NGE}778$
03:35:10.862 [scala-execution-context-global-11] WARN  HelperUtils.Parameters$ - X^g^v}NlS6'g=/YV~~"PS=
03:35:11.829 [scala-execution-context-global-11] WARN  HelperUtils.Parameters$ - )~^O1f0%D7:WB/8J_PV,o|R<$}Gkl@YCH)mTa7wWK7hwXg&/380kPl
03:35:12.432 [scala-execution-context-global-11] INFO  HelperUtils.Parameters$ - (i))qnEs8+=KsL8+ccuGaJ40%^Q(1eg'm{i7jY=,z-#!D/A11A7B5bY^
03:35:13.225 [scala-execution-context-global-11] INFO  HelperUtils.Parameters$ - /[}rZ^<SGf(HI%c#k!]p]]>IE$
03:35:13.543 [scala-execution-context-global-11] INFO  HelperUtils.Parameters$ - 4vN62D:5;ZvT?ijFb4x?p<APUA&1`7uml){'~=T3m#:lrE(pTkK5:vwl9^~6
03:35:14.184 [scala-execution-context-global-11] DEBUG HelperUtils.Parameters$ - SQ$QPOOA&>p5ogRMv7.'!W6$)>>_fuX7}~TD7E1nw]L`?:]U]Z)g/zeLa{K^
03:35:14.552 [scala-execution-context-global-11] INFO  HelperUtils.Parameters$ - ""%AVP+WO]>"!yDl:)*QFbgi5kjl;BpDkZ>=0Zv~;qCDQ%kg#8
03:35:14.631 [scala-execution-context-global-11] INFO  HelperUtils.Parameters$ - n@*Q@\S>pkK':CTjnsO3]?$L_^cPD]p'*Y]FOH%drG
03:35:15.507 [scala-execution-context-global-11] INFO  HelperUtils.Parameters$ - x%J;WY8_W4[]OWN7ihAZ3_#U5xX2:-{m`|OIB(!>cHU*T;{)d:v^K.
03:35:16.238 [scala-execution-context-global-11] INFO  HelperUtils.Parameters$ - mG(wLsU2#j*:G?S]Isn#%t^ZzD9Ft5g1l|g.Jp3x
03:35:16.751 [scala-execution-context-global-11] INFO  HelperUtils.Parameters$ - ymB[uXUIimM6D2Sl;D!/3C9kA8kaf1V8qG9s6vE#)$#|:?oAN?kIcu9:0
03:35:17.030 [scala-execution-context-global-11] INFO  HelperUtils.Parameters$ - ~x1Q]x5=@kedIucK1#D^5{2!9bdP],+]s2GR$;#7
03:35:17.865 [scala-execution-context-global-11] WARN  HelperUtils.Parameters$ - _p'FjmmI#8F=m5&Rw"v%j/#&!M4D(sx@7b'pKF(Qca<Z
03:35:18.356 [scala-execution-context-global-11] INFO  HelperUtils.Parameters$ - xsXO+G6\-VYDGdE~v%(m
03:35:18.928 [scala-execution-context-global-11] WARN  HelperUtils.Parameters$ - KT@DJ2AY.#j?spKS`<rI>nFR,H"55%OGn*c.dEJr@8O^$b3w\zg6
03:35:19.111 [scala-execution-context-global-11] INFO  HelperUtils.Parameters$ - ey0!-{kzo[\noy7MbReK~X1D0idCAyvnG0?j-ZaRFlzX
03:35:19.758 [scala-execution-context-global-11] INFO  HelperUtils.Parameters$ - hdH(cDFbeQ1f|z^)U],PZ4Rqns{T9oNqJMz4`D
03:35:20.177 [scala-execution-context-global-11] INFO  HelperUtils.Parameters$ - e9cDMhK5OcD.7Duj3+L,`-|Ks@9k\\@3
03:35:20.361 [scala-execution-context-global-11] INFO  HelperUtils.Parameters$ - {ZAuv^^$OJpsil#pC<WD+HZ|{kG}]=:z
03:35:20.634 [scala-execution-context-global-11] WARN  HelperUtils.Parameters$ - Hjv(C8VwSdC+947O[h$T_Cla+7nI:ww>{)
03:35:21.058 [scala-execution-context-global-11] INFO  HelperUtils.Parameters$ - `DGLF(:CxBBQ24s}Ug^s
03:35:21.145 [scala-execution-context-global-11] INFO  HelperUtils.Parameters$ - 'eu$(H8h69O|q7T1-5cf1ce3af1ae2F9rJ9w?I[zf>6{/+L7%nn;?-
03:35:21.881 [scala-execution-context-global-11] INFO  HelperUtils.Parameters$ - qU%\-inh]*M7vfqb
03:35:22.460 [scala-execution-context-global-11] INFO  HelperUtils.Parameters$ - )XCn8;~Yt.Gk;.NJlfgA[z.2z5T0uZ.:On?LHg
03:35:23.148 [scala-execution-context-global-11] WARN  HelperUtils.Parameters$ - n2!7)mPACfN,-G(Ety6FmsrZj@[G
03:35:23.544 [scala-execution-context-global-11] INFO  HelperUtils.Parameters$ - [k#Fe8XSU/.4pLvN:?Ap_=P1zuQetIGSID`'>;xk_$v&8ma+
03:35:24.505 [scala-execution-context-global-11] WARN  HelperUtils.Parameters$ - a=ucbt!B=.,h$PXxmI!o+WPX_jS+|vw)+:uN-5Lx\`oQ8Cg9k:uqywcw|i;Z
03:35:24.992 [scala-execution-context-global-11] WARN  HelperUtils.Parameters$ - @yEWMOZDNm,bk<BM
03:35:25.258 [scala-execution-context-global-11] INFO  HelperUtils.Parameters$ - |o;eR'4*WC+z(z%>s8LeEQ}f!0Z*D>='`'4_|1KOaX{pkQK??lGn-QZ-
03:35:25.339 [scala-execution-context-global-11] INFO  HelperUtils.Parameters$ - dRA9H7o/SCX~2jG8
03:35:25.449 [scala-execution-context-global-11] INFO  HelperUtils.Parameters$ - YLqzfLT]:M5So%"+a0BmJ{HUq1>7w8T:J)L.WL4D9FYT[&QR/rUYv:1]3M
03:35:25.715 [scala-execution-context-global-11] INFO  HelperUtils.Parameters$ - C*0:9j"W!4%fFtIKBXj%]of2/)MSl2,]~``op|>%nhxF4{W6tg,=]SQ-GJ
03:35:26.501 [scala-execution-context-global-11] INFO  HelperUtils.Parameters$ - 9?MK:Eh~'lBjyD&e;(@510,y@se2
03:35:26.642 [scala-execution-context-global-11] INFO  HelperUtils.Parameters$ - xzOFk@<npeD]Xo~GG;v[s%.*}:U_XZ6!G{>ZIq
03:35:27.241 [scala-execution-context-global-11] INFO  HelperUtils.Parameters$ - 8gp5L?nYDo"<kbyQxp@6/&KZL5f[~N`-hP>VHyO`
03:35:27.437 [scala-execution-context-global-11] INFO  HelperUtils.Parameters$ - 6n05^sSM^y+~&,9J)&S/dqtR5jbf3af1K9mQ7wK5oN6mcf3H8sA9jQ6pT9pag2hV$;Ni?O1k)I~dm.v==lQbY
03:35:28.076 [scala-execution-context-global-11] WARN  HelperUtils.Parameters$ - `\#mEbniJ6N9\HE*CU1?fQL=u9E4
03:35:28.293 [scala-execution-context-global-11] WARN  HelperUtils.Parameters$ - w#MHk^Fqm!<c<'V%v"V7JNFMBYV*W\
03:35:28.881 [scala-execution-context-global-11] INFO  HelperUtils.Parameters$ - m9S%cfv"i8"aY1n0G72;wQh2P#x1Mj$[-BHN:_;h%j@_L]k"
03:35:29.787 [scala-execution-context-global-11] INFO  HelperUtils.Parameters$ - t`]6S@|M_5c>fiyu7*_#
03:35:29.871 [scala-execution-context-global-11] DEBUG HelperUtils.Parameters$ - ~807_AyY[i!ut^/+R0}/{3Gn)3b,.UyWBP@JB~i<3S(uipU(
03:35:30.002 [scala-execution-context-global-11] INFO  HelperUtils.Parameters$ - &(\{[yr>|-BXTz)(`6j[-\9@
03:35:30.003 [main] INFO  GenerateLogData$ - Log data generation has completed after generating 100 records.
