03:37:43.349 [main] INFO  GenerateLogData$ - Log data generator started...
03:37:43.542 [main] WARN  HelperUtils.Parameters$ - Max count 100 is used to create records instead of timeouts
03:37:43.636 [scala-execution-context-global-11] WARN  HelperUtils.Parameters$ - s%]s,+2k|D}K7b/XCwG&@7HDPR8z
03:37:44.570 [scala-execution-context-global-11] INFO  HelperUtils.Parameters$ - ;kNI&V%v<c#eSDK@lPY(
03:37:44.844 [scala-execution-context-global-11] INFO  HelperUtils.Parameters$ - l9]|92!uHUQ/IVcz~(;.Uz%K*5jTUd08
03:37:44.868 [scala-execution-context-global-11] INFO  HelperUtils.Parameters$ - G3sw7^U<^q^Cl!aMTDbNz<:$;?e<.0JD_'
03:37:45.514 [scala-execution-context-global-11] WARN  HelperUtils.Parameters$ - A><YFqpg+~"E1T
03:37:46.388 [scala-execution-context-global-11] DEBUG HelperUtils.Parameters$ - JrQB;P0"&+6;&Dk-
03:37:47.330 [scala-execution-context-global-11] INFO  HelperUtils.Parameters$ - OsI1`qAeU5H;\+
03:37:47.676 [scala-execution-context-global-11] INFO  HelperUtils.Parameters$ - [h!Q9PEY>L(NpKLBO"Gjo:=4kRXQ_tZ!
03:37:48.104 [scala-execution-context-global-11] INFO  HelperUtils.Parameters$ - B?y&C"C5rsb:2037;f&|vM#x?z|Ny|&<44Z8B&rF1#&M
03:37:48.311 [scala-execution-context-global-11] WARN  HelperUtils.Parameters$ - x2oBSI0/\%CdfV2%ChSsnZ7vJo=2qJqZ%."kbc!0ne`y&m
03:37:48.939 [scala-execution-context-global-11] ERROR HelperUtils.Parameters$ - ihu}!A2]*07}|,lc
03:37:49.679 [scala-execution-context-global-11] INFO  HelperUtils.Parameters$ - CC]>~R#,^#0JWyESarZdETDcvk)Yk'I?
03:37:49.939 [scala-execution-context-global-11] WARN  HelperUtils.Parameters$ - Swq;g+6M:?820=Gmd#.p)sFaqoKc^mm](.A8Z-4-].tp|cfR\~rc(m^{
03:37:50.049 [scala-execution-context-global-11] INFO  HelperUtils.Parameters$ - zXK=Fze%-6Iv-^q{zhG|EUzvd);tOj-:
03:37:51.056 [scala-execution-context-global-11] INFO  HelperUtils.Parameters$ - ^<A>61@{3[KEk@M/Xh-q%sco3Dkwq~
03:37:51.721 [scala-execution-context-global-11] WARN  HelperUtils.Parameters$ - Bv^B8Re'$VG)[P".g*?f<G\l5n.18B|i<E&rgPQZ;wBeA{4O/fy+Pp
03:37:52.136 [scala-execution-context-global-11] WARN  HelperUtils.Parameters$ - k1H+R#/%d0>Q>N:6\enT]U
03:37:52.708 [scala-execution-context-global-11] INFO  HelperUtils.Parameters$ - 8G;,3m_T`G#H]&Yh:Ei1%fp''5`E9fae3cg1U7gbe2%<Bqz8fMm#{JWqMdoc_2N/|wf8]
03:37:53.036 [scala-execution-context-global-11] DEBUG HelperUtils.Parameters$ - ^Cq~Lx"P*9P{lP
03:37:53.635 [scala-execution-context-global-11] WARN  HelperUtils.Parameters$ - Kz*:AV/iA:QCv:hW>]F"kI3:K!|~B/?zuer><M(V&0M+sTy}U.yR*v
03:37:54.040 [scala-execution-context-global-11] INFO  HelperUtils.Parameters$ - N0my(sEC{URVnaYf(,uSESD(6a=zGzv=ce2KB0JEic/Cf$?I
03:37:54.935 [scala-execution-context-global-11] DEBUG HelperUtils.Parameters$ - UD-;mG*!{D}E
03:37:55.368 [scala-execution-context-global-11] INFO  HelperUtils.Parameters$ - RhoCDXb6AU"qu';-AZ2QFyGcf1A8iG9kR7sM8h_"=U?fHX=FTNcaYwJ-.Y@cF
03:37:56.317 [scala-execution-context-global-11] INFO  HelperUtils.Parameters$ - b!kz+`d=h.^V2kWJR=HLNx0AzS.q0ls9)F>Ule||mw+.@S?&|URz}pk1X\
03:37:56.663 [scala-execution-context-global-11] INFO  HelperUtils.Parameters$ - B`\z3>,Op;5a<2
03:37:56.802 [scala-execution-context-global-11] INFO  HelperUtils.Parameters$ - ><:RjR(uIIZr"q20=,
03:37:57.577 [scala-execution-context-global-11] WARN  HelperUtils.Parameters$ - 1OsFd-6a^rsiA|pZOYb]v?~:?@-<mT_\ybNO'E;CY>>B?&
03:37:58.134 [scala-execution-context-global-11] INFO  HelperUtils.Parameters$ - WaDaCJ!LX&,:h!y62$N2g`HV2vKx_dQ:h5[=
03:37:58.261 [scala-execution-context-global-11] INFO  HelperUtils.Parameters$ - JP&VLlN=v_asPwfF@U\2be0bf0U9ice0R6l.sI9mje*Q-0|M-+@v,1-
03:37:58.600 [scala-execution-context-global-11] WARN  HelperUtils.Parameters$ - SZ(P:a@&%2bL1H,"_e`)#]A[IGr5<MUGM\
03:37:59.593 [scala-execution-context-global-11] ERROR HelperUtils.Parameters$ - -;JSlNw)8wQ:uZR$f_\fA4`}t#_V.T}A6{@C|K
03:38:00.268 [scala-execution-context-global-11] WARN  HelperUtils.Parameters$ - 64pi;NG;6n[GI"90RC`ek(W^EV!n
03:38:01.010 [scala-execution-context-global-11] WARN  HelperUtils.Parameters$ - pA_mN1&/:I%[skV!e&HV&?x0pzxn
03:38:01.293 [scala-execution-context-global-11] INFO  HelperUtils.Parameters$ - >NTCVM]{mV,<oL-nOI<a(WWeo+~Anpd;rsWW8B|8EQ(BtAZ$s.6GMc&sw9
03:38:01.689 [scala-execution-context-global-11] INFO  HelperUtils.Parameters$ - k"CU[ZLz1"1XUfBBawk:-|qv-~-xI'W(+t
03:38:01.726 [scala-execution-context-global-11] INFO  HelperUtils.Parameters$ - ?</cskKlC:ZX@66vtAVc2++AHFw%R,7W`s;6NaSCM'_n(XZj
03:38:02.372 [scala-execution-context-global-11] WARN  HelperUtils.Parameters$ - Hw8Vy|3@cT\,c8#aGL:xnl@r'v+5(N"!hjaA)#^OnEDWN#KOzgeM,fkA
03:38:03.064 [scala-execution-context-global-11] WARN  HelperUtils.Parameters$ - Y`,VtEsez4pUbt08Nh[e]Rt26h*ON~e26Sbb6t
03:38:03.142 [scala-execution-context-global-11] DEBUG HelperUtils.Parameters$ - `Dy+<NQv2]gM26EFgWy2j{;B9K'9(SmWB;\,gf[Z%b5d
03:38:03.724 [scala-execution-context-global-11] INFO  HelperUtils.Parameters$ - G/l^DQSyi.I,\(fZp~U9vXo9|tli
03:38:04.401 [scala-execution-context-global-11] WARN  HelperUtils.Parameters$ - 3YF,oq0B&`%4\U8`Xdy`NbGM4G:[Wi"]XBiAyP
03:38:05.221 [scala-execution-context-global-11] INFO  HelperUtils.Parameters$ - }$ozF_F6"=yOl^L4$0${-f=_($ZzzKn>705bq/rUD~LX);XS*ac?gy
03:38:06.101 [scala-execution-context-global-11] INFO  HelperUtils.Parameters$ - Ce-X)J*ipg2./<gUZtyT&"RBE^OaxrR3
03:38:06.142 [scala-execution-context-global-11] INFO  HelperUtils.Parameters$ - w<tjY*]@9w]&UwjiGd{>YIO/<,p-sbBXPcZ_"|jW0aOhl2}:A:
03:38:06.221 [scala-execution-context-global-11] DEBUG HelperUtils.Parameters$ - entX%vFQfW-fB8j9yQ
03:38:06.684 [scala-execution-context-global-11] WARN  HelperUtils.Parameters$ - S}os}pYSNNDS+ZIss=
03:38:06.853 [scala-execution-context-global-11] INFO  HelperUtils.Parameters$ - o8cehQ|TF,X2K`@s9|`suo9.xQg>2(l"x/l{wlo)&'L{
03:38:07.288 [scala-execution-context-global-11] INFO  HelperUtils.Parameters$ - 5?YM4XGgku7yg|[+oj\3y6{CVNa{k<do`If0OHBa;Klp8LBUXeR\
03:38:07.985 [scala-execution-context-global-11] INFO  HelperUtils.Parameters$ - U8L8Cf]boaEm
03:38:08.380 [scala-execution-context-global-11] INFO  HelperUtils.Parameters$ - *1Xoo5I.xr~$6<\d{rZs$rwhW'9h~o_?f1NC=\L3
03:38:08.957 [scala-execution-context-global-11] INFO  HelperUtils.Parameters$ - [(l4hEoV{Gb]s}B$ZkJVCr\Ze{M/Bpey/!7pV*p!ZP'x&yp8.|
03:38:09.305 [scala-execution-context-global-11] INFO  HelperUtils.Parameters$ - ihkmr|4#JluiPwy|.OwjmAJEpH}7
03:38:10.059 [scala-execution-context-global-11] INFO  HelperUtils.Parameters$ - 2v(S|pYfX%<N"52&Sy6,E"8P
03:38:10.629 [scala-execution-context-global-11] INFO  HelperUtils.Parameters$ - 47o^ITlxQ!4jX-TN;F|e]eq_ywjgOi*w
03:38:11.170 [scala-execution-context-global-11] WARN  HelperUtils.Parameters$ - hEjZP)GbUr[oVkD<0&hp%V|_
03:38:11.977 [scala-execution-context-global-11] WARN  HelperUtils.Parameters$ - e'(H%'A3!?[HL_sAV&hI4%`HTKx)1X08q#_C&k(5l*Jc3VpnVhbp
03:38:12.634 [scala-execution-context-global-11] INFO  HelperUtils.Parameters$ - qOf8Cxr^N|[#%7!w&eEy}7b^C'Q!D8|Q=2F6}k~7sbp|,"VK
03:38:12.724 [scala-execution-context-global-11] INFO  HelperUtils.Parameters$ - Z+c@uM>FH+wJOeKi]uuQ
03:38:12.889 [scala-execution-context-global-11] WARN  HelperUtils.Parameters$ - !.FvEI~%|;Plg15ApD
03:38:13.484 [scala-execution-context-global-11] WARN  HelperUtils.Parameters$ - <GVl{=YI-}fk$3a&h?relga`qyz"9j
03:38:13.773 [scala-execution-context-global-11] INFO  HelperUtils.Parameters$ - acJ7<Fj{HK-PfnE{/JwLQgb|*JUNe)FQ%LB[\ERy&"r&yd7HL6<nw<CL|#
03:38:14.564 [scala-execution-context-global-11] INFO  HelperUtils.Parameters$ - :pZy+ktvE~durqrGWyrPI_({K<0=I-`,&yX'SG
03:38:14.836 [scala-execution-context-global-11] INFO  HelperUtils.Parameters$ - Du9(C9DGyj-wnSOQz@zXHLkFb0(D#l8FL{C_]0
03:38:15.747 [scala-execution-context-global-11] DEBUG HelperUtils.Parameters$ - H:)Zr83bK?b4ZOLsq)1ZoiIU6$:90'0CIvcpd9_X;d
03:38:15.789 [scala-execution-context-global-11] INFO  HelperUtils.Parameters$ - \slMCLZK]Zun7f+P?HpODX|{]=fjN.L%*mauQ1x'\u]hWQeC;D*es)(Eh}aB
03:38:15.974 [scala-execution-context-global-11] INFO  HelperUtils.Parameters$ - y`{$S^|8P4Sh
03:38:16.283 [scala-execution-context-global-11] INFO  HelperUtils.Parameters$ - y}AhxBXtsXai*-t[WK8}
03:38:16.386 [scala-execution-context-global-11] INFO  HelperUtils.Parameters$ - 2qd:[v@D-+%ub'YI@R^ew?d@`bC/I@Cr/={V18]#
03:38:17.249 [scala-execution-context-global-11] INFO  HelperUtils.Parameters$ - qV6H=4Ulm"],]nX}SlrubEGyAN"0~WpBIjM]?exfx(
03:38:18.252 [scala-execution-context-global-11] INFO  HelperUtils.Parameters$ - 9pRb''N,-"ZpxzG*|V}s@Tw2pBU/`W\bPj&9iyB7X,OD
03:38:18.525 [scala-execution-context-global-11] WARN  HelperUtils.Parameters$ - Gz08zqd)u:j}"P*uHBpjy3
03:38:19.366 [scala-execution-context-global-11] INFO  HelperUtils.Parameters$ - AG]^#M}DC4E!3U5_O9`AHbj_mu{ap3:44%^_F7Bzr0YBV/'/>5
03:38:19.994 [scala-execution-context-global-11] WARN  HelperUtils.Parameters$ - >+AM05.X/0tz_Y2#.3;W]Wclyo0dFX$<
03:38:20.475 [scala-execution-context-global-11] INFO  HelperUtils.Parameters$ - Tkv[#gwM_w"t\~(`[3Ox!ItjFf-\kynDRkUD+QqUm\Wq]j
03:38:20.897 [scala-execution-context-global-11] INFO  HelperUtils.Parameters$ - en$FaHFWrw+Qy#wRgXC[HTPV9o4b31IaOPct^y1qhRz'
03:38:21.549 [scala-execution-context-global-11] INFO  HelperUtils.Parameters$ - 0f>QziS]qr<C7q
03:38:21.987 [scala-execution-context-global-11] INFO  HelperUtils.Parameters$ - OyFIibG=+FnpzZNNA:h.sc'owmE&4&DmAal/"&z+jEz}'yS/;&Iv$8ZZbe(s
03:38:22.546 [scala-execution-context-global-11] WARN  HelperUtils.Parameters$ - J}'lbLg28P6Wx5vL>f[x--`@&W{K("%:
03:38:22.778 [scala-execution-context-global-11] INFO  HelperUtils.Parameters$ - 69vLK6K<CERFH3;3%6=vDkD8,n
03:38:23.347 [scala-execution-context-global-11] INFO  HelperUtils.Parameters$ - }7uy/VgF2u!G]}[ED6L}=b9CQ5[X%[|8-nGqdeo7x~dGNH"drVDxla
03:38:23.480 [scala-execution-context-global-11] INFO  HelperUtils.Parameters$ - MFl4|yfyR;|g=Lo'xBZ{eTLo_z
03:38:24.138 [scala-execution-context-global-11] INFO  HelperUtils.Parameters$ - qHf0g?2.882|)9[1oI("RxqwzR2rG(hb\LaI
03:38:24.792 [scala-execution-context-global-11] WARN  HelperUtils.Parameters$ - X,n?YN}q#Iu/RKiv\Rg1})?"SaSE)3#5s{*"
03:38:25.329 [scala-execution-context-global-11] INFO  HelperUtils.Parameters$ - d2/Vw9x^B$6qjb$Z.Yp)8ku2tg{:0`}a1OjX;2I*nwV~?r
03:38:26.016 [scala-execution-context-global-11] WARN  HelperUtils.Parameters$ - \/%d6,;w1>9][m>K\iw?7%Kw/oNP)wt[!XX%i.
03:38:26.361 [scala-execution-context-global-11] WARN  HelperUtils.Parameters$ - VUdoCr0vESP8&uk^yQp0tJM<0'xPVIy,doLh-6l3i8%tPA
03:38:27.177 [scala-execution-context-global-11] INFO  HelperUtils.Parameters$ - F3rZO)jCrMvD_?=Z
03:38:27.474 [scala-execution-context-global-11] INFO  HelperUtils.Parameters$ - j*-J})(_B`L+Spz=&SJMa]q|atb*?:j"c8Fm{ZS|k)
03:38:28.379 [scala-execution-context-global-11] INFO  HelperUtils.Parameters$ - 9`+|;tYyk~NrMau6[9mQ{~{;+Z
03:38:29.069 [scala-execution-context-global-11] INFO  HelperUtils.Parameters$ - X5.8v;z=?K%$
03:38:29.946 [scala-execution-context-global-11] INFO  HelperUtils.Parameters$ - j*EAj?!LQyL(un'}#O^<u~'wYJ89yT"4b)qzq?cgktF+.7d1
03:38:30.171 [scala-execution-context-global-11] INFO  HelperUtils.Parameters$ - yL]BZ0%ANN($*^eN(4(_CZ9gbg3ce1D5tcg3ag3q.{s#|$l}jXSy}q:Rb4EA
03:38:31.149 [scala-execution-context-global-11] INFO  HelperUtils.Parameters$ - +sRm)%r+m}@zr!v:T^y0w9xD#?ilH_tBA:@}<pjiz*\Q
03:38:32.043 [scala-execution-context-global-11] INFO  HelperUtils.Parameters$ - NV[7!o"W?<.uj?Ky[V2OV(n8pch\?XrWKub.M6$Iz+b*g*1c-x
03:38:32.717 [scala-execution-context-global-11] WARN  HelperUtils.Parameters$ - \/P~-\Xv1qR6kbe3B6vV5uaf22NVhS#R.Qu
03:38:33.098 [scala-execution-context-global-11] WARN  HelperUtils.Parameters$ - (hVwYO].E|s6cM+Pb!AW
03:38:33.515 [scala-execution-context-global-11] INFO  HelperUtils.Parameters$ - ZIEZBA##3Kgt~jKHt\uECJODh&R`*Vgh.$_Wj9|;y"cak>
03:38:33.760 [scala-execution-context-global-11] INFO  HelperUtils.Parameters$ - -!?lq%7,CfWP2<3$fQ|jJ4LxH{ce3cg0ae1be1Z7wuSE@9"Obf-@v1x@m}x_=>yI_B<
03:38:34.490 [scala-execution-context-global-11] DEBUG HelperUtils.Parameters$ - /P+wo|~QyET([.`<-G)(Jcn/HDL<G7EJAK
03:38:34.984 [scala-execution-context-global-11] INFO  HelperUtils.Parameters$ - 'G_V1me2%xhG)a/Hl%C_R|E2C=
03:38:34.984 [main] INFO  GenerateLogData$ - Log data generation has completed after generating 100 records.
