03:33:34.640 [main] INFO  GenerateLogData$ - Log data generator started...
03:33:34.836 [main] WARN  HelperUtils.Parameters$ - Max count 100 is used to create records instead of timeouts
03:33:35.220 [scala-execution-context-global-11] WARN  HelperUtils.Parameters$ - s%]s,+2k|D}K7b/XCwG&@7HDPR8z
03:33:35.607 [scala-execution-context-global-11] INFO  HelperUtils.Parameters$ - ;kNI&V%v<c#eSDK@lPY(
03:33:35.974 [scala-execution-context-global-11] INFO  HelperUtils.Parameters$ - l9]|92!uHUQ/IVcz~(;.Uz%K*5jTUd08
03:33:36.793 [scala-execution-context-global-11] INFO  HelperUtils.Parameters$ - G3sw7^U<^q^Cl!aMTDbNz<:$;?e<.0JD_'
03:33:37.069 [scala-execution-context-global-11] WARN  HelperUtils.Parameters$ - A><YFqpg+~"E1T
03:33:37.737 [scala-execution-context-global-11] DEBUG HelperUtils.Parameters$ - JrQB;P0"&+6;&Dk-
03:33:38.558 [scala-execution-context-global-11] INFO  HelperUtils.Parameters$ - OsI1`qAeU5H;\+
03:33:39.514 [scala-execution-context-global-11] INFO  HelperUtils.Parameters$ - [h!Q9PEY>L(NpKLBO"Gjo:=4kRXQ_tZ!
03:33:39.612 [scala-execution-context-global-11] INFO  HelperUtils.Parameters$ - B?y&C"C5rsb:2037;f&|vM#x?z|Ny|&<44Z8B&rF1#&M
03:33:39.839 [scala-execution-context-global-11] WARN  HelperUtils.Parameters$ - x2oBSI0/\%CdfV2%ChSsnZ7vJo=2qJqZ%."kbc!0ne`y&m
03:33:40.331 [scala-execution-context-global-11] ERROR HelperUtils.Parameters$ - ihu}!A2]*07}|,lc
03:33:41.169 [scala-execution-context-global-11] INFO  HelperUtils.Parameters$ - CC]>~R#,^#0JWyESarZdETDcvk)Yk'I?
03:33:41.645 [scala-execution-context-global-11] WARN  HelperUtils.Parameters$ - Swq;g+6M:?820=Gmd#.p)sFaqoKc^mm](.A8Z-4-].tp|cfR\~rc(m^{
03:33:42.527 [scala-execution-context-global-11] INFO  HelperUtils.Parameters$ - zXK=Fze%-6Iv-^q{zhG|EUzvd);tOj-:
03:33:42.867 [scala-execution-context-global-11] INFO  HelperUtils.Parameters$ - ^<A>61@{3[KEk@M/Xh-q%sco3Dkwq~
03:33:43.734 [scala-execution-context-global-11] WARN  HelperUtils.Parameters$ - Bv^B8Re'$VG)[P".g*?f<G\l5n.18B|i<E&rgPQZ;wBeA{4O/fy+Pp
03:33:44.256 [scala-execution-context-global-11] WARN  HelperUtils.Parameters$ - k1H+R#/%d0>Q>N:6\enT]U
03:33:44.834 [scala-execution-context-global-11] INFO  HelperUtils.Parameters$ - 8G;,3m_T`G#H]&Yh:Ei1%fp''5`B9uM6tbf3af2F9taf3ag2M9fA9v%<Bqz8fMm#{JWqMdoc_2N/|wf8]
03:33:44.870 [scala-execution-context-global-11] DEBUG HelperUtils.Parameters$ - @tE|}B.W9ZMl4a:O^RUnK?35m4^>J~KD`~K6d*b)<)4]
03:33:45.368 [scala-execution-context-global-11] WARN  HelperUtils.Parameters$ - dn<ReQZw_54Asp'T7!Bv
03:33:46.028 [scala-execution-context-global-11] INFO  HelperUtils.Parameters$ - ;9HU=|7.%xUvyuLH3rg`g2?mq)0yrx)Qh6z{OR(IUu)=pS?71T&sGi
03:33:46.561 [scala-execution-context-global-11] DEBUG HelperUtils.Parameters$ - IzW`U[b$Kj;K{7].QU>O]/VEL9\0N#o@|y$7z>Rj5z*i9m~?L5\#-r+@&"
03:33:46.657 [scala-execution-context-global-11] INFO  HelperUtils.Parameters$ - H7,$y{)/D9x9b6p:~7On3o'L5FXn86bn:oW2
03:33:46.772 [scala-execution-context-global-11] INFO  HelperUtils.Parameters$ - ^7v0AT(i1h@4mg~1B^V>F7~2&1c&ik-jE|?l
03:33:47.418 [scala-execution-context-global-11] INFO  HelperUtils.Parameters$ - f0PysKJ:=bUk.==H>*a+~BE}_&*]BMM/hHY^HOR#">
03:33:47.590 [scala-execution-context-global-11] INFO  HelperUtils.Parameters$ - Xchs;/bY7/7MQ(Fy$,H0,?Dt_:P.+4,=Ve
03:33:47.892 [scala-execution-context-global-11] WARN  HelperUtils.Parameters$ - q|%*|KIor%h]pD0N|v
03:33:48.327 [scala-execution-context-global-11] INFO  HelperUtils.Parameters$ - WPOVdWxGAnthgp~Y(+ii{E%gzk}|pP1~L#82Iow`
03:33:49.000 [scala-execution-context-global-11] INFO  HelperUtils.Parameters$ - gsEFA$N&5zMT9c7?!yRMB2X!jqD'<rXB
03:33:49.466 [scala-execution-context-global-11] WARN  HelperUtils.Parameters$ - (QtQ=&.2CSvwti{DlI`Yd($H034^!BuS~k}o
03:33:49.480 [scala-execution-context-global-11] ERROR HelperUtils.Parameters$ - "(awpkcTM~/]^,W9YgC(xb,N2S%aQ`#CxK_?/.%,
03:33:50.375 [scala-execution-context-global-11] WARN  HelperUtils.Parameters$ - Yb'LAFWuEh}_W25PHB=H\!
03:33:50.767 [scala-execution-context-global-11] WARN  HelperUtils.Parameters$ - [}JAy*aI>;S+r;Ryl?RRZ7_)qVwT!eMl$l9jf[Pq,b
03:33:51.055 [scala-execution-context-global-11] INFO  HelperUtils.Parameters$ - }f";BkCKr-1vGzoK9y!~@0%p
03:33:52.006 [scala-execution-context-global-11] INFO  HelperUtils.Parameters$ - E8]?f;gx}MuUAs|'H&iuJ{:z@kEDt*vE$eR(R|
03:33:52.644 [scala-execution-context-global-11] INFO  HelperUtils.Parameters$ - J7ZFaR.|ChD1+hpj
03:33:53.630 [scala-execution-context-global-11] WARN  HelperUtils.Parameters$ - U:}F5A1S<n`2!Ez`LU;#__eF
03:33:54.297 [scala-execution-context-global-11] WARN  HelperUtils.Parameters$ - csL.#.W+XiUW
03:33:55.251 [scala-execution-context-global-11] DEBUG HelperUtils.Parameters$ - RuOR(pyFAcfz)~y4t`1O`(<8KJpG7KdR.uSp?oM^'jN#6;wX=3
03:33:56.159 [scala-execution-context-global-11] INFO  HelperUtils.Parameters$ - 5uhN2C{~N0}x]CpD_,
03:33:56.171 [scala-execution-context-global-11] WARN  HelperUtils.Parameters$ - ^.0h@%F"{Ii6z'~$U;%),dfb;8CdTHqZ]aARc44ho,vv+e]W#fR+.9$JZ_
03:33:56.969 [scala-execution-context-global-11] INFO  HelperUtils.Parameters$ - OTu/fWpD^b6~dK
03:33:57.656 [scala-execution-context-global-11] INFO  HelperUtils.Parameters$ - &_K|[}|=R{P<?^&.L!a_OEKHq7/>+K/U}yux>!_97HYs%h\:E8(Bjc
03:33:58.094 [scala-execution-context-global-11] INFO  HelperUtils.Parameters$ - 7'prUR(K'#h=^NiPC}J4(PqUX9X"u`<(5w)0\(OCL*/@J4@0$^aT
03:33:58.750 [scala-execution-context-global-11] DEBUG HelperUtils.Parameters$ - `\DC|LsgW-B__ojZ+OC_/??u
03:33:59.263 [scala-execution-context-global-11] WARN  HelperUtils.Parameters$ - ANWvE.}3>)*zEUXwwLb*0i4T
03:33:59.721 [scala-execution-context-global-11] INFO  HelperUtils.Parameters$ - Yv6:'[N{5b@8Q7kJ6paf3bf3O5fbe0O7s^+:76s*o)q03
03:34:00.166 [scala-execution-context-global-11] INFO  HelperUtils.Parameters$ - JT#$X}rup8loV,8S?c!Ms?'G[5gXSl-aBZSpmqxjHD>6:E-r
03:34:01.022 [scala-execution-context-global-11] INFO  HelperUtils.Parameters$ - _9o*?tnz#+>LHGO!}W?3Pv:yg(j+
03:34:01.168 [scala-execution-context-global-11] INFO  HelperUtils.Parameters$ - 7XB>J)YJ-L5:>qG_'l\R{*YDd%aX;kFxmQdVV8^)
03:34:01.690 [scala-execution-context-global-11] INFO  HelperUtils.Parameters$ - ??6++KnZ$)/Dqqq$PaBbu:!fdoOklhScKy0zdA
03:34:02.328 [scala-execution-context-global-11] INFO  HelperUtils.Parameters$ - ET|&wG@2e'9ufSDZ7`p>wQm!vPjiv'voQsa/.7L8~dxl_BYT
03:34:02.849 [scala-execution-context-global-11] INFO  HelperUtils.Parameters$ - pGaUl-*3Hk6A2D*y7^C8gCEZB}dLhH?*>#FG&t1[W:
03:34:03.553 [scala-execution-context-global-11] INFO  HelperUtils.Parameters$ - OIqRei}Y;6eKtX6q6K],Xc.<Z&`\@+%kqb*:Ub`'!>n"AYiPAQ
03:34:04.295 [scala-execution-context-global-11] WARN  HelperUtils.Parameters$ - E7P6&5}@#r4muqn|pz+*0S3#F8lV
03:34:05.205 [scala-execution-context-global-11] WARN  HelperUtils.Parameters$ - 'r&N$)e'Ib}&:vGn:Q>(Y]B*'9"e>rD0
03:34:05.647 [scala-execution-context-global-11] INFO  HelperUtils.Parameters$ - .wbQ>qAvEk-z
03:34:05.811 [scala-execution-context-global-11] INFO  HelperUtils.Parameters$ - N2IhSik~-sZtb|J5Cw\hC[y8c.qfe)<:=|Oo$HUTcb@(i>
03:34:06.502 [scala-execution-context-global-11] WARN  HelperUtils.Parameters$ - L/Y3W}8c>$|E"s2V]#%]od[Sa@-97xVg+0w`u>8mMZ
03:34:06.718 [scala-execution-context-global-11] WARN  HelperUtils.Parameters$ - 0ok#|5;U'3+"wa)kr,lCX+0NhWWl&;0AA-*C+tY&eTZ~5?GLA:36((?ZT9
03:34:07.553 [scala-execution-context-global-11] INFO  HelperUtils.Parameters$ - $5)i1GF`AcG>j&rGK.="xSlr^cgp4GaEYb
03:34:07.926 [scala-execution-context-global-11] INFO  HelperUtils.Parameters$ - Rv[px03]T6JqGy:0LS5yo#=${k4/:YP$Oj%%Y~ykqL{[ov
03:34:08.429 [scala-execution-context-global-11] INFO  HelperUtils.Parameters$ - zuRqa(*4fv@*>_|e`}
03:34:08.766 [scala-execution-context-global-11] DEBUG HelperUtils.Parameters$ - i/_zi#H>GIxcj}W&$s=kxB&6VSwY{,bjEyZ/}e+^=8Gg'Hn55Z
03:34:09.703 [scala-execution-context-global-11] INFO  HelperUtils.Parameters$ - L1RGC,*i{+rG1N
03:34:09.838 [scala-execution-context-global-11] INFO  HelperUtils.Parameters$ - <~Zme!_sR#t!*FP6Y6?84aRI(bl:$Sl|}"o|4#/^n,IauZ?JRrH`1r!x
03:34:10.125 [scala-execution-context-global-11] INFO  HelperUtils.Parameters$ - LxU[U3hEx)f#|a6lcc^a$1,b&:z'UX^@JU-AWf7}&K->n=(?"Lri-c>~:y@9
03:34:10.486 [scala-execution-context-global-11] INFO  HelperUtils.Parameters$ - !'.|z~N#i={}\g&*QfM`~}zf:FvcXPK}Gl"0
03:34:10.810 [scala-execution-context-global-11] INFO  HelperUtils.Parameters$ - #q}C>aTPWa?,G^fFmSNBc"A!659{(s]KbnyEJ5mz&lArrddA
03:34:11.488 [scala-execution-context-global-11] INFO  HelperUtils.Parameters$ - ^WdK8ST|vMI,H+@@0w9Nbo0LFuLCPg?KU~JH}?imt3%Dv+xZx>hO/i
03:34:11.661 [scala-execution-context-global-11] WARN  HelperUtils.Parameters$ - >HEe"k-2G)x8
03:34:12.428 [scala-execution-context-global-11] INFO  HelperUtils.Parameters$ - k|28py6&[Y],v/^}m.xArtH`+JS;}AUn^;&&*F
03:34:12.480 [scala-execution-context-global-11] WARN  HelperUtils.Parameters$ - i##(3l,#~.rQTfB/U]W&F-s2E5rbe2be3B7iS6laf3cg1J7uL8fcg0K9q[p#"?a$MIq;8~@;P#oUUbFfo
03:34:12.506 [scala-execution-context-global-11] INFO  HelperUtils.Parameters$ - t7@cP,#Dtp|1uhGQ`|gR4}4`\nr\>HE$=82!!4
03:34:13.272 [scala-execution-context-global-11] INFO  HelperUtils.Parameters$ - t\M~C0z=vr6_Xs6AKL&I>43t"Hb-/"
03:34:13.346 [scala-execution-context-global-11] INFO  HelperUtils.Parameters$ - Dy8|nMUf`b&ya+<.JQ^{)E]*#uNpptz+Gj,emFR@/g*arG:fO_
03:34:14.201 [scala-execution-context-global-11] INFO  HelperUtils.Parameters$ - ,oRw4N0dN,B"B$G(Xu#>2+_d#qVCcO(/#.m[tg\c#PNgsU6:M8`nv",?
03:34:14.727 [scala-execution-context-global-11] WARN  HelperUtils.Parameters$ - \Vf[uXa{=+Y1rrt_eaak064t]q>T{o5#jj`[E0^lmXU\(]
03:34:15.622 [scala-execution-context-global-11] INFO  HelperUtils.Parameters$ - d'L+,IWkFB`c9t>^y;Ls"_B#%Bw7dH`I>QJ]K(#f7S4=
03:34:15.952 [scala-execution-context-global-11] INFO  HelperUtils.Parameters$ - ?3K6@%Ko:b]u}LDFNo5&F\Vp3xl"r%@r0<<C0*xi--cP$8>w09
03:34:16.183 [scala-execution-context-global-11] INFO  HelperUtils.Parameters$ - 'X{Io7uSF.h"3JjAx.n{QRVS
03:34:17.133 [scala-execution-context-global-11] INFO  HelperUtils.Parameters$ - RX2k~4oyQsr%EdBO3(q.'q?gx+
03:34:17.766 [scala-execution-context-global-11] WARN  HelperUtils.Parameters$ - #rmgToG&L7gag3ag0N8mce0C7gI9pbe3[1gApgE%
03:34:18.300 [scala-execution-context-global-11] INFO  HelperUtils.Parameters$ - v4dX:(5!i!}|;?{bsZ0xuf<'IT,;U#rfw}u&#Ra/ec6"`02ii}
03:34:19.279 [scala-execution-context-global-11] WARN  HelperUtils.Parameters$ - \G-QI*ToA-&6Y23l<fMHqF$F-@Ke+^.S+<?!@UOjU,
03:34:20.259 [scala-execution-context-global-11] WARN  HelperUtils.Parameters$ - fz=xUsn|U2?wN}=J`~,cssYKoSa*0OI@mB=b88fpuN|CD3~M<oCcm"~l
03:34:21.138 [scala-execution-context-global-11] INFO  HelperUtils.Parameters$ - &HoXSDW]QSVE8zYKUc'6Q4G3o/]+A&A&
03:34:22.111 [scala-execution-context-global-11] INFO  HelperUtils.Parameters$ - h0VE/,6?%(mCcaZ<8(,M]pyp4ag3ag0ag3L9oJ6rM5tH9f$,\qUz5jw-o9_q]N\Ad4:],NE
03:34:22.999 [scala-execution-context-global-11] INFO  HelperUtils.Parameters$ - ";[-^CG{x.b9'M,[A|;46cWblaPq!|+?bEEI@,}s2Rg92%@V2\{.G+o];q$3
03:34:23.887 [scala-execution-context-global-11] INFO  HelperUtils.Parameters$ - GgV{rBZG6=kthGG^5(ku6<*V"`v4)I@uL4kp6SCo9,FX"/5yz]8J5h=5[y
03:34:24.883 [scala-execution-context-global-11] INFO  HelperUtils.Parameters$ - J#Jfl?L_&jtJt=+@n16\Kwgx
03:34:25.628 [scala-execution-context-global-11] INFO  HelperUtils.Parameters$ - lD#-G)<>AdsAb=w`GICw3]PUslK,V9m"LI46~[b6
03:34:25.723 [scala-execution-context-global-11] INFO  HelperUtils.Parameters$ - +\KDki!&pmGhgg&N0pO)
03:34:26.286 [scala-execution-context-global-11] INFO  HelperUtils.Parameters$ - lv>mv{4.fs*$uT
03:34:26.549 [scala-execution-context-global-11] WARN  HelperUtils.Parameters$ - xW`7B9P~\tpq98[5>of8!k^C$PsZJNor?lr9D<Rb&XvO"H/9",aL#@i[
03:34:26.912 [scala-execution-context-global-11] WARN  HelperUtils.Parameters$ - E7;[pLuGXg)5(A@`bU`jmo-,1pGA"Nq.h?hMWrjA0xSca*IeaC0.>e.>r]
03:34:27.661 [scala-execution-context-global-11] INFO  HelperUtils.Parameters$ - LkZK%D_4!G2IFb^0!"}*TUswCkY:x8@5p3,Vr^PH$GinHjg].JN*@i6dm.
03:34:28.219 [scala-execution-context-global-11] INFO  HelperUtils.Parameters$ - E1MLkA[m&~w^g&LNH3
03:34:28.302 [scala-execution-context-global-11] DEBUG HelperUtils.Parameters$ - Iev%C`J{:cI~o-96:R%"LHLV6N\KJP43c^-b?<wIx/f0iQH'
03:34:29.239 [scala-execution-context-global-11] INFO  HelperUtils.Parameters$ - M?xk#U~"!2OX2|c#=2"\/B055CjQ?sA5z+E(5~@QW(Ty
03:34:29.240 [main] INFO  GenerateLogData$ - Log data generation has completed after generating 100 records.
