03:30:29.983 [main] INFO  GenerateLogData$ - Log data generator started...
03:30:30.180 [main] WARN  HelperUtils.Parameters$ - Max count 100 is used to create records instead of timeouts
03:30:31.104 [scala-execution-context-global-11] WARN  HelperUtils.Parameters$ - s%]s,+2k|D}K7b/XCwG&@7HDPR8z
03:30:31.921 [scala-execution-context-global-11] INFO  HelperUtils.Parameters$ - ;kNI&V%v<c#eSDK@lPY(
03:30:32.163 [scala-execution-context-global-11] INFO  HelperUtils.Parameters$ - l9]|92!uHUQ/IVcz~(;.Uz%K*5jTUd08
03:30:32.652 [scala-execution-context-global-11] INFO  HelperUtils.Parameters$ - G3sw7^U<^q^Cl!aMTDbNz<:$;?e<.0JD_'
03:30:33.125 [scala-execution-context-global-11] WARN  HelperUtils.Parameters$ - A><YFqpg+~"E1T
03:30:33.690 [scala-execution-context-global-11] DEBUG HelperUtils.Parameters$ - JrQB;P0"&+6;&Dk-
03:30:34.076 [scala-execution-context-global-11] INFO  HelperUtils.Parameters$ - OsI1`qAeU5H;\+
03:30:34.268 [scala-execution-context-global-11] INFO  HelperUtils.Parameters$ - [h!Q9PEY>L(NpKLBO"Gjo:=4kRXQ_tZ!
03:30:34.878 [scala-execution-context-global-11] INFO  HelperUtils.Parameters$ - B?y&C"C5rsb:2037;f&|vM#x?z|Ny|&<44Z8B&rF1#&M
03:30:35.006 [scala-execution-context-global-11] WARN  HelperUtils.Parameters$ - x2oBSI0/\%CdfV2%ChSsnZ7vJo=2qJqZ%."kbc!0ne`y&m
03:30:35.508 [scala-execution-context-global-11] ERROR HelperUtils.Parameters$ - ihu}!A2]*07}|,lc
03:30:35.710 [scala-execution-context-global-11] INFO  HelperUtils.Parameters$ - CC]>~R#,^#0JWyESarZdETDcvk)Yk'I?
03:30:35.821 [scala-execution-context-global-11] WARN  HelperUtils.Parameters$ - Swq;g+6M:?820=Gmd#.p)sFaqoKc^mm](.A8Z-4-].tp|cfR\~rc(m^{
03:30:36.071 [scala-execution-context-global-11] INFO  HelperUtils.Parameters$ - zXK=Fze%-6Iv-^q{zhG|EUzvd);tOj-:
03:30:36.798 [scala-execution-context-global-11] INFO  HelperUtils.Parameters$ - ^<A>61@{3[KEk@M/Xh-q%sco3Dkwq~
03:30:36.946 [scala-execution-context-global-11] WARN  HelperUtils.Parameters$ - Bv^B8Re'$VG)[P".g*?f<G\l5n.18B|i<E&rgPQZ;wBeA{4O/fy+Pp
03:30:37.054 [scala-execution-context-global-11] WARN  HelperUtils.Parameters$ - k1H+R#/%d0>Q>N:6\enT]U
03:30:37.876 [scala-execution-context-global-11] INFO  HelperUtils.Parameters$ - 8G;,3m_T`G#H]&Yh:Ei1%fp''5`P5iZ7rbg2cf3ce3S5q%<Bqz8fMm#{JWqMdoc_2N/|wf8]
03:30:37.977 [scala-execution-context-global-11] DEBUG HelperUtils.Parameters$ - hDQ*V6uaT-*A[r}nG&l=U7,{6].dUgqs-akvBwft
03:30:38.951 [scala-execution-context-global-11] WARN  HelperUtils.Parameters$ - UexWMGIu>F1%a3m)9Sq#]\JCrb3qvF6=d/Y^o=
03:30:39.106 [scala-execution-context-global-11] INFO  HelperUtils.Parameters$ - {irpC##pEaQz`E^wGX(~`YC7HdfkV_axGazJRA<ACatf
03:30:39.172 [scala-execution-context-global-11] DEBUG HelperUtils.Parameters$ - ((zb!aLN(UDOlYucFHlUGh_/c56'oojMOEqyVIk{t#A)n?Yw=AY@xG
03:30:40.167 [scala-execution-context-global-11] INFO  HelperUtils.Parameters$ - OG?ieV232J1!Z=RIr.L{@o5``suKHifR0krp
03:30:40.616 [scala-execution-context-global-11] INFO  HelperUtils.Parameters$ - dA!2Yjmls>gCv$W!&.PPm'Y"
03:30:41.416 [scala-execution-context-global-11] INFO  HelperUtils.Parameters$ - TbsyEmMctv;W7"+8khGs|H_po[@3^v\F'*P81FtzYO'O
03:30:42.074 [scala-execution-context-global-11] INFO  HelperUtils.Parameters$ - +lI?;*'S;#^AM3K.9p{.,4$V3wE7wJ7sbe1be0A9i'^B19[6"PFt^N!-OWzn|qT(Ek|
03:30:42.743 [scala-execution-context-global-11] WARN  HelperUtils.Parameters$ - 8o2E>g:1]mX4G~_})T^~&SoD-QF^
03:30:43.089 [scala-execution-context-global-11] INFO  HelperUtils.Parameters$ - |Z7Ui\1vEWiIfT2#h%!q}v.8,8
03:30:43.504 [scala-execution-context-global-11] INFO  HelperUtils.Parameters$ - ({O:kT`VFqX6ssHw
03:30:43.645 [scala-execution-context-global-11] WARN  HelperUtils.Parameters$ - yFeWS)*aCo{,ST
03:30:43.965 [scala-execution-context-global-11] ERROR HelperUtils.Parameters$ - M}DHj>@Qq|0:*y5@tD_F-.
03:30:44.023 [scala-execution-context-global-11] WARN  HelperUtils.Parameters$ - N42Qa[:=$fo9WTL[Wp?)
03:30:44.303 [scala-execution-context-global-11] WARN  HelperUtils.Parameters$ - 6Ki$Yu@qGb-Qdr`]v,?k&,xS1Ai-mWM:c$8`dh&]YDK+
03:30:44.492 [scala-execution-context-global-11] INFO  HelperUtils.Parameters$ - J:[YudPNsvA7lcg0Z6fZ5ocf1S7oF8tbg1cg2M8r|RHS$^v^v~
03:30:44.771 [scala-execution-context-global-11] INFO  HelperUtils.Parameters$ - tXpj/tehJ620aMqQ5XLNX_w$uQzaqW3sat-z9vxA
03:30:45.700 [scala-execution-context-global-11] INFO  HelperUtils.Parameters$ - t]gi9[eq>;:!:g?epJA\5K`Dzh^jGv=bHn%u!iG,@#h^Rs'dM;zhigU]
03:30:46.416 [scala-execution-context-global-11] WARN  HelperUtils.Parameters$ - k\vQG9}@fET0UB35Vfd"eMEZ'fk'a',UNVl-
03:30:46.466 [scala-execution-context-global-11] WARN  HelperUtils.Parameters$ - ]O(7?9f7<|Gm7>FfATM|?waJTU4Dd<2@Cc[Lu"
03:30:47.330 [scala-execution-context-global-11] DEBUG HelperUtils.Parameters$ - .=5Y-Nc]{$0!<?4RGe
03:30:47.940 [scala-execution-context-global-11] INFO  HelperUtils.Parameters$ - $O],l,Htde-'m[1_9KXW7ZfGWIyC&>}Gnxr#/E
03:30:47.994 [scala-execution-context-global-11] WARN  HelperUtils.Parameters$ - q4Cgo{GPIZ\D0i+Wapw^?9&|\Of~!g)[X8$4mI2^iGo^BW
03:30:48.875 [scala-execution-context-global-11] INFO  HelperUtils.Parameters$ - hz|*~$o@~`$ngzT*{WAMEQ5#/~3;JcV5\|x&pUyX#5'8pPo&koaL9gW"m<
03:30:49.267 [scala-execution-context-global-11] INFO  HelperUtils.Parameters$ - b?O5Ot3jTQ'AtS&dqO1e7J%,wF
03:30:49.792 [scala-execution-context-global-11] INFO  HelperUtils.Parameters$ - 7k#%Lo;1&=3}[v'MyWveDJANu6}'}2IT"55/s<qTw1
03:30:49.809 [scala-execution-context-global-11] DEBUG HelperUtils.Parameters$ - 5OWrKVprmUgi=5b{G>bE1`c}C`
03:30:49.906 [scala-execution-context-global-11] WARN  HelperUtils.Parameters$ - FaK<8\:|W.y\\f|V<,,0SLFW'K8.ux.$Tsr$rT
03:30:50.019 [scala-execution-context-global-11] INFO  HelperUtils.Parameters$ - LR_;w6gB:Qyu\_HX.S5wA5gbg1U6fS8jcAc.b~E%'9'.;E\+~
03:30:50.230 [scala-execution-context-global-11] INFO  HelperUtils.Parameters$ - {Q-p/bO2)rDP"OU}vNx|aV=s7jW}/21[:b}3M;O;.w'(!+s;aO<&
03:30:50.496 [scala-execution-context-global-11] INFO  HelperUtils.Parameters$ - F@9j2s9jy<N4"obvep.SLOPUfq,dP+
03:30:50.685 [scala-execution-context-global-11] INFO  HelperUtils.Parameters$ - 0<sj|:b+>p>m
03:30:51.403 [scala-execution-context-global-11] INFO  HelperUtils.Parameters$ - <_PWM%<[<Q$'f&+\DA1=}\M{Pl$hH/y6>'ttQ9Vm%W?9q@(B4m
03:30:51.934 [scala-execution-context-global-11] INFO  HelperUtils.Parameters$ - {F?w:c!0u''.Jd
03:30:52.348 [scala-execution-context-global-11] INFO  HelperUtils.Parameters$ - wYJQ6V34>qhq1]Om$%`v=wwHSD@W?>{(|$5@
03:30:52.470 [scala-execution-context-global-11] INFO  HelperUtils.Parameters$ - H`7j[D,(cUc(99UWGmDRR~?E2f8f~iG}IzVn*MY_0u,#;H7fLWMCcaPKQ"99
03:30:52.949 [scala-execution-context-global-11] WARN  HelperUtils.Parameters$ - GKE5:Fcg1bf1cg2bg1cg0pcUUlS
03:30:53.363 [scala-execution-context-global-11] WARN  HelperUtils.Parameters$ - RsljCoq4{)II!(>Oqjo+s;^7by
03:30:53.865 [scala-execution-context-global-11] INFO  HelperUtils.Parameters$ - ?7qWF&=R"W8nxJlBp.
03:30:54.369 [scala-execution-context-global-11] INFO  HelperUtils.Parameters$ - l%uN_=wo|lcR`=Rv"=<M>_8t@Z6mI07uDl`>SwzH3{+HH6SqFC
03:30:55.243 [scala-execution-context-global-11] WARN  HelperUtils.Parameters$ - vI.r8G\U{vOvA4/8Urzj
03:30:55.689 [scala-execution-context-global-11] WARN  HelperUtils.Parameters$ - [$6fBvmiH^IpOW-]D0+*HRV};v[wQ$?$#|'3BM4=fdtm~m
03:30:55.941 [scala-execution-context-global-11] INFO  HelperUtils.Parameters$ - 7)#$0H'dC);g=1jGr4^*$#hN6J!bN>YL{!=Yw_&p
03:30:56.116 [scala-execution-context-global-11] INFO  HelperUtils.Parameters$ - =l,2BRu!Dv%bFU$YmI<3o!i,U5iaf1I9hce1F8oH6jM5gbe1ae1B7jcg2T1%)XZSCd'hCG%#Xd73aES0s
03:30:56.938 [scala-execution-context-global-11] INFO  HelperUtils.Parameters$ - ki}uMKlW,I3_.a*\G>
03:30:57.849 [scala-execution-context-global-11] DEBUG HelperUtils.Parameters$ - l3w{^X`.o6sv@N9>q|ifJ:0A?JP{c>zF)7
03:30:58.233 [scala-execution-context-global-11] INFO  HelperUtils.Parameters$ - RuJ9iM8u/3U7fcV}BDN;n&\Js0"+
03:30:58.676 [scala-execution-context-global-11] INFO  HelperUtils.Parameters$ - |'YGBzZX`^aK_:pTC@f~
03:30:59.015 [scala-execution-context-global-11] INFO  HelperUtils.Parameters$ - @@VRE_wY'z[Q3MD0atummF;k/^+kYQrCCP,>$/"geWl$PZ
03:30:59.466 [scala-execution-context-global-11] INFO  HelperUtils.Parameters$ - j9ql2*fU)\eM"^SaGxoeB4"-W"o";x!fjWavc%~kNjGu
03:31:00.061 [scala-execution-context-global-11] INFO  HelperUtils.Parameters$ - [h=9v+mdQ@ZL6<WU=<WDnzCSk8{)Vwjfh%dCYL!r(_){Ev&Lc[
03:31:01.006 [scala-execution-context-global-11] INFO  HelperUtils.Parameters$ - T_h7[?kJf`,}N]e[\#@&29V)8q(a~T)sxU/6]C75M4R??P4TGu(o9/xs
03:31:01.739 [scala-execution-context-global-11] WARN  HelperUtils.Parameters$ - wh!WRmeKo<s"^NXY{+^Z:AZHfG}KMm]`oO
03:31:02.624 [scala-execution-context-global-11] INFO  HelperUtils.Parameters$ - LvnIU}R:\y>tDTK`
03:31:03.112 [scala-execution-context-global-11] WARN  HelperUtils.Parameters$ - dcO.6|vIY5L3Kw!5\KEL{,N'uD@^Y+,z7]ptj%132!Id7TwP"&\al'
03:31:03.169 [scala-execution-context-global-11] INFO  HelperUtils.Parameters$ - x!DZiJ!;,*Idh9M"t7?"SE@I"`95@Q#Wt"7P^l%dvM>Twac'9>QP+B1\j)
03:31:04.102 [scala-execution-context-global-11] INFO  HelperUtils.Parameters$ - n.;\=:IgAUx6YUiDe[<PaxnK!L+aKSVbbh"N
03:31:04.377 [scala-execution-context-global-11] INFO  HelperUtils.Parameters$ - NG]+`w~taE_Qrj'zJ%9(dnx|pIss1HQ4kolJSIIU[9lxpy%H27
03:31:05.039 [scala-execution-context-global-11] INFO  HelperUtils.Parameters$ - .Wp|[t+(9W/o,'
03:31:05.556 [scala-execution-context-global-11] WARN  HelperUtils.Parameters$ - *y-m\?=N;}=n2GM!O.DbU3ag1P7rG7pO6fA5lRD:u\L(iRNbg?VO%uQ16"a
03:31:05.942 [scala-execution-context-global-11] INFO  HelperUtils.Parameters$ - ~"Q.c.VTcZpb%{Cw1e[!HRL{&5d:mCZS5!h/tXG"!d}I
03:31:06.826 [scala-execution-context-global-11] INFO  HelperUtils.Parameters$ - =&dLQWE^m\UufdB%->?W=Q83a=
03:31:07.763 [scala-execution-context-global-11] INFO  HelperUtils.Parameters$ - [alTUiCj$xo'DPd~*DQD&GN4e^oeGF-zId>N/0
03:31:08.627 [scala-execution-context-global-11] INFO  HelperUtils.Parameters$ - fD4=V)':bu02@!flAY}IB%*PdZC(S3Gx>Xb:ASEX
03:31:09.592 [scala-execution-context-global-11] WARN  HelperUtils.Parameters$ - q]Lu<\,1uaydPyae2I8fP5tae1S9uK8p=_D![A6cJE$iM@
03:31:10.389 [scala-execution-context-global-11] INFO  HelperUtils.Parameters$ - {P5+-Aq+fbCxumBSR%+U^d4Y:\o?Og81*kha&ZL"@NPdVo9GGg
03:31:10.821 [scala-execution-context-global-11] WARN  HelperUtils.Parameters$ - =~)5%o?LDmnEGjz;E9v`Y+<GB)|HMu)6E)1LPo-mzItI7"sR{oN}E[za8YgM
03:31:10.994 [scala-execution-context-global-11] WARN  HelperUtils.Parameters$ - 2f1097>)Tzz;'F-09cE\v%g-q2:gz+~'F_Oj/ULFnD0I
03:31:11.740 [scala-execution-context-global-11] INFO  HelperUtils.Parameters$ - sK(B2_@-)mLg=5K2Sc"/o*0rJ0=DDK>x<|)!Yx$YJd7;fA
03:31:11.941 [scala-execution-context-global-11] INFO  HelperUtils.Parameters$ - :u.-jx=L=.m_f22{t!eS?@d.b\
03:31:12.562 [scala-execution-context-global-11] INFO  HelperUtils.Parameters$ - )cTKd)a0px9z%$
03:31:13.215 [scala-execution-context-global-11] INFO  HelperUtils.Parameters$ - f'*O$ogwrV/he7'k+E5,xk{iKNP[hvrx8n
03:31:13.908 [scala-execution-context-global-11] INFO  HelperUtils.Parameters$ - |WTh6^s.zKuBs{=CCvb\U>U=^6RXDL/sJ4tf!iC&vLiHSAzi
03:31:14.715 [scala-execution-context-global-11] INFO  HelperUtils.Parameters$ - ${ecylg"hpV6lS6gD8kcf2ce1=oakPohZ4L
03:31:15.405 [scala-execution-context-global-11] INFO  HelperUtils.Parameters$ - t?|pV'm1c9J~&4qWkwQ2xz|nrs2r<aD7Y<<bkA
03:31:15.778 [scala-execution-context-global-11] INFO  HelperUtils.Parameters$ - J=n4+U[a-Yp]qe3r/JC!|}Q'(`>=%cZ^2.[,W)
03:31:16.646 [scala-execution-context-global-11] WARN  HelperUtils.Parameters$ - 0nf;]#_~$YM]#czGEyUDk*#ZKX#[a[|~e"
03:31:17.318 [scala-execution-context-global-11] WARN  HelperUtils.Parameters$ - Ld>xoyV@6&7(
03:31:17.791 [scala-execution-context-global-11] INFO  HelperUtils.Parameters$ - f8jz!x#9!w"(x8@CM<1%rr{Z*LGgZ0GA-2uUNDV"z$zFAR
03:31:18.232 [scala-execution-context-global-11] INFO  HelperUtils.Parameters$ - !JE5kNoll_D'5'PI:X`Dd`/Io#i6
03:31:18.336 [scala-execution-context-global-11] DEBUG HelperUtils.Parameters$ - B*&O)7_3?tq=.-rG8w@218k&R%;.oyXi;\+.gpSQsx`|vT{T{d
03:31:18.622 [scala-execution-context-global-11] INFO  HelperUtils.Parameters$ - @:#QA;i~%<Os}F@NL3}]+$0n3lbn<RAL\!MH
03:31:18.623 [main] INFO  GenerateLogData$ - Log data generation has completed after generating 100 records.
