03:36:35.988 [main] INFO  GenerateLogData$ - Log data generator started...
03:36:36.179 [main] WARN  HelperUtils.Parameters$ - Max count 100 is used to create records instead of timeouts
03:36:36.622 [scala-execution-context-global-11] WARN  HelperUtils.Parameters$ - s%]s,+2k|D}K7b/XCwG&@7HDPR8z
03:36:37.147 [scala-execution-context-global-11] INFO  HelperUtils.Parameters$ - ;kNI&V%v<c#eSDK@lPY(
03:36:38.045 [scala-execution-context-global-11] INFO  HelperUtils.Parameters$ - l9]|92!uHUQ/IVcz~(;.Uz%K*5jTUd08
03:36:38.075 [scala-execution-context-global-11] INFO  HelperUtils.Parameters$ - G3sw7^U<^q^Cl!aMTDbNz<:$;?e<.0JD_'
03:36:38.496 [scala-execution-context-global-11] WARN  HelperUtils.Parameters$ - A><YFqpg+~"E1T
03:36:38.989 [scala-execution-context-global-11] DEBUG HelperUtils.Parameters$ - JrQB;P0"&+6;&Dk-
03:36:39.426 [scala-execution-context-global-11] INFO  HelperUtils.Parameters$ - OsI1`qAeU5H;\+
03:36:39.455 [scala-execution-context-global-11] INFO  HelperUtils.Parameters$ - [h!Q9PEY>L(NpKLBO"Gjo:=4kRXQ_tZ!
03:36:39.950 [scala-execution-context-global-11] INFO  HelperUtils.Parameters$ - B?y&C"C5rsb:2037;f&|vM#x?z|Ny|&<44Z8B&rF1#&M
03:36:40.013 [scala-execution-context-global-11] WARN  HelperUtils.Parameters$ - x2oBSI0/\%CdfV2%ChSsnZ7vJo=2qJqZ%."kbc!0ne`y&m
03:36:40.380 [scala-execution-context-global-11] ERROR HelperUtils.Parameters$ - ihu}!A2]*07}|,lc
03:36:41.377 [scala-execution-context-global-11] INFO  HelperUtils.Parameters$ - CC]>~R#,^#0JWyESarZdETDcvk)Yk'I?
03:36:41.873 [scala-execution-context-global-11] WARN  HelperUtils.Parameters$ - Swq;g+6M:?820=Gmd#.p)sFaqoKc^mm](.A8Z-4-].tp|cfR\~rc(m^{
03:36:42.455 [scala-execution-context-global-11] INFO  HelperUtils.Parameters$ - zXK=Fze%-6Iv-^q{zhG|EUzvd);tOj-:
03:36:42.688 [scala-execution-context-global-11] INFO  HelperUtils.Parameters$ - ^<A>61@{3[KEk@M/Xh-q%sco3Dkwq~
03:36:42.774 [scala-execution-context-global-11] WARN  HelperUtils.Parameters$ - Bv^B8Re'$VG)[P".g*?f<G\l5n.18B|i<E&rgPQZ;wBeA{4O/fy+Pp
03:36:43.147 [scala-execution-context-global-11] WARN  HelperUtils.Parameters$ - k1H+R#/%d0>Q>N:6\enT]U
03:36:43.249 [scala-execution-context-global-11] INFO  HelperUtils.Parameters$ - 8G;,3m_T`G#H]&Yh:Ei1%fp''5`N7lbf0I8mcf1cf1C9kJ9j%<Bqz8fMm#{JWqMdoc_2N/|wf8]
03:36:43.935 [scala-execution-context-global-11] DEBUG HelperUtils.Parameters$ - ']qGE%^*g<5KVHwi}%ZVl1Q9LZSqq73>QW+q7|=H]nyj
03:36:44.866 [scala-execution-context-global-11] WARN  HelperUtils.Parameters$ - `Y!s*I(>zW2?oT
03:36:45.051 [scala-execution-context-global-11] INFO  HelperUtils.Parameters$ - dMYeqeqW'ld(]spJO2lem>0IG|%MghQgg0=0p"xt'Gq'6H>6}&
03:36:45.505 [scala-execution-context-global-11] DEBUG HelperUtils.Parameters$ - |Nfx$!qgI$1)S}.[$@pSKd=+;yl=PQ-w^5+6q4hB='b'~FROe_.T
03:36:46.156 [scala-execution-context-global-11] INFO  HelperUtils.Parameters$ - +ziBvJjX`0xG
03:36:46.927 [scala-execution-context-global-11] INFO  HelperUtils.Parameters$ - -$4j:L?plrY3){3CfxE"zW>X{L<6?!.Xow
03:36:47.795 [scala-execution-context-global-11] INFO  HelperUtils.Parameters$ - _P+eh^`&3lQ#_:-z`!x~NF']'!H`[L'J`OOB@zArgXB;,Z6"e]mi
03:36:48.048 [scala-execution-context-global-11] INFO  HelperUtils.Parameters$ - o38xBX:@BRk}P$j04L[32jB-"uZ7T&rX2fdU0Wy`wudEI-2UbdvBW}
03:36:48.778 [scala-execution-context-global-11] WARN  HelperUtils.Parameters$ - n8Z8rDyZ+BzIW7%Ec0i!C"rqCwnT`C{`c|zOGT~j;#CJINUwUxiX_M
03:36:49.606 [scala-execution-context-global-11] INFO  HelperUtils.Parameters$ - $gO@Ii6hiE<"w#P^
03:36:50.186 [scala-execution-context-global-11] INFO  HelperUtils.Parameters$ - B>Q.{zab~NcrXWZ,6|!2hs.g1NG_
03:36:50.478 [scala-execution-context-global-11] WARN  HelperUtils.Parameters$ - =<q]hobHI-|lk/]B`a[zcGD&bM
03:36:51.049 [scala-execution-context-global-11] ERROR HelperUtils.Parameters$ - ydp$prG7XJn[k+s.
03:36:51.534 [scala-execution-context-global-11] WARN  HelperUtils.Parameters$ - g1nB7EpAcE$mGj%1-0ff%6%P2mt2SW
03:36:51.926 [scala-execution-context-global-11] WARN  HelperUtils.Parameters$ - H.)cp$eE;{A7r8U=-NP:A3Vz&%Jw=3c,sh$V;.pngox1"H\Cf5UcxSv[
03:36:52.340 [scala-execution-context-global-11] INFO  HelperUtils.Parameters$ - mLG?Yi#JSPGh%9qP!DGJwBYa:<]56jFk4q6vt6Nyu&d`tQU7dwabVl-5K6eS
03:36:52.748 [scala-execution-context-global-11] INFO  HelperUtils.Parameters$ - <e#B|oGl/.a#j@wIeh?e_f5eJ{Tn]h;V^uB*hTjobho%1>(c5YH%c9t>eF
03:36:52.850 [scala-execution-context-global-11] INFO  HelperUtils.Parameters$ - US0Kf=TLY<dx*0_p<bf1ae1P9oF7qae0R5sKIkYK7J*DY#/bp~ku
03:36:53.674 [scala-execution-context-global-11] WARN  HelperUtils.Parameters$ - aMTm,Ahzo20v(Zj}n62.mCMI{2
03:36:53.714 [scala-execution-context-global-11] WARN  HelperUtils.Parameters$ - ;c_Ooa^KAur<'2S7aCa|UUUSNa8K~[4G9V`C&Ma}fB!_PZyW##iOKi/t
03:36:54.168 [scala-execution-context-global-11] DEBUG HelperUtils.Parameters$ - vg@[Yr.>!T@{/co(i[b/(_K!!4`Dd;'=y6$xaVYP
03:36:54.993 [scala-execution-context-global-11] INFO  HelperUtils.Parameters$ - 7`iQR|jRZT1vbb1n}-Uo3+
03:36:55.802 [scala-execution-context-global-11] WARN  HelperUtils.Parameters$ - BIatXF%h1-LUd9O=flQ`z!>Xhg,`2"436Iz??)u0TSn+
03:36:56.440 [scala-execution-context-global-11] INFO  HelperUtils.Parameters$ - 6rh;"`V@Z0>[Nzt8l%=Y3IcH?0ptv2lE/qPa$v/D;M_I,j
03:36:57.350 [scala-execution-context-global-11] INFO  HelperUtils.Parameters$ - P':ds'F,A9nW5sbe1G9qU8ve4Csxhms
03:36:57.388 [scala-execution-context-global-11] INFO  HelperUtils.Parameters$ - NE;xr@Pc.Urkc_QWo8qa%zQd7m)kmx
03:36:58.376 [scala-execution-context-global-11] DEBUG HelperUtils.Parameters$ - i'.{px{|pfyz~QtKaTIY,f8PTeq<rgU)324sSfX4de\=
03:36:58.943 [scala-execution-context-global-11] WARN  HelperUtils.Parameters$ - }VlQ0\_0`(0y=Fvp1R2KcSdIz_q$q?s&=eJurgBsE+F*
03:36:59.575 [scala-execution-context-global-11] INFO  HelperUtils.Parameters$ - c""cw:`CLWY>pdgzt{9D-V[!d\F&je,0
03:37:00.290 [scala-execution-context-global-11] INFO  HelperUtils.Parameters$ - A<Ie;UVvAw;L#{Sem`6wl#KXlH/[,a{<
03:37:01.065 [scala-execution-context-global-11] INFO  HelperUtils.Parameters$ - `L|Htx89"ptz;ngv&[5OZkqBmM
03:37:01.228 [scala-execution-context-global-11] INFO  HelperUtils.Parameters$ - O=v9Y>ipg\!$x/j1:8MEe@W33ax()4\#\2k>G1n|M'ru+eIKhB
03:37:01.613 [scala-execution-context-global-11] INFO  HelperUtils.Parameters$ - pkW'IhQbqt\\(bmUQ6"a0.0#?&x$Sr}*{sCjwI]v:#f8DBCzH<C=[f;T@$
03:37:02.418 [scala-execution-context-global-11] INFO  HelperUtils.Parameters$ - /_vJp!4RB};6bg0O5wcg0bf3cg3D9ceBPt]_ih3
03:37:03.199 [scala-execution-context-global-11] INFO  HelperUtils.Parameters$ - )_:X0bAdgeBCpzmM+7Tgk|qqG9|'q0/7,+TmFFxY0%f4V.
03:37:04.054 [scala-execution-context-global-11] INFO  HelperUtils.Parameters$ - `{'0KSF[zT016,0vc.QvS8eY`g_aj_lC}HjF?6
03:37:04.863 [scala-execution-context-global-11] WARN  HelperUtils.Parameters$ - L{[5ts[B(}hd.!YY+4tC0|^DX!ULu$JMv#2-ji!<bt0-H{D<)MO-->~c
03:37:05.048 [scala-execution-context-global-11] WARN  HelperUtils.Parameters$ - *59a'=su^1fbi?G@ErCw"X9gyL2-pey($1].wCGR
03:37:05.208 [scala-execution-context-global-11] INFO  HelperUtils.Parameters$ - \R"yx4Ntts/d/zd:m^<gQW9yUL(X&M,FNYi'hVro&.o4Eox~sc^w
03:37:05.879 [scala-execution-context-global-11] INFO  HelperUtils.Parameters$ - iz"qY=:i:3`a'O]5[_zQ}:y{rY}%Oz!OC/5J(0{FzL]Un%(xy@Ui~;f%Zc
03:37:06.257 [scala-execution-context-global-11] WARN  HelperUtils.Parameters$ - 2%rCKPK&-G~\'='tBci3ti~h9J<@9)
03:37:06.415 [scala-execution-context-global-11] WARN  HelperUtils.Parameters$ - uZ<$ogBl=;Ke$;9c9XSEj2GaD>K*pHQ/|np+0_.9{>Z&A^nC*BSN
03:37:06.868 [scala-execution-context-global-11] INFO  HelperUtils.Parameters$ - dLc0xZ9^7\sz6nwBj5To29zXj)%kJzm*%>
03:37:07.783 [scala-execution-context-global-11] INFO  HelperUtils.Parameters$ - +[_gA#]o<9$*R>oeEHQn`#X4
03:37:08.434 [scala-execution-context-global-11] INFO  HelperUtils.Parameters$ - )>=M~Xcn-R(hkNj[V[[qE{P=#~4:vWxK+hd76n[\/N-5AB1Nvsk8g(
03:37:08.856 [scala-execution-context-global-11] DEBUG HelperUtils.Parameters$ - e5$)*5!.x`QYn!ru
03:37:08.955 [scala-execution-context-global-11] INFO  HelperUtils.Parameters$ - F`hQFKTK&!qzr5_E;J0n
03:37:09.176 [scala-execution-context-global-11] INFO  HelperUtils.Parameters$ - (?b7S+3Cr8jC+WLRxvm7XErvb7b@IN6bIr]Z~FdhE`_O}w+f,^
03:37:09.479 [scala-execution-context-global-11] INFO  HelperUtils.Parameters$ - %$4mTNBDZ[pN<l~B7`/IQ@M.+H&Egs|z)zYE_kYb(8#BI0k3s-Sqxr
03:37:10.119 [scala-execution-context-global-11] INFO  HelperUtils.Parameters$ - kZs,`kT6yYXjN-
03:37:10.925 [scala-execution-context-global-11] INFO  HelperUtils.Parameters$ - M|NfHfxwc{\N9kMV3fXf
03:37:11.509 [scala-execution-context-global-11] INFO  HelperUtils.Parameters$ - ]$a4?ki\siZi)=Ea9Q$G$H,e^+{u&UO|U'(BuF<)Jn,7Uk39=L:8
03:37:11.887 [scala-execution-context-global-11] WARN  HelperUtils.Parameters$ - IK14X4CEne@RVK.a?(A'PQMv~/}9F/nLV.
03:37:12.538 [scala-execution-context-global-11] INFO  HelperUtils.Parameters$ - }0l!G(PB%9.szzIj/%L-v>5N3\gC'csir!mN4#~N,xUDp)szKA?QM"T\ol
03:37:13.098 [scala-execution-context-global-11] WARN  HelperUtils.Parameters$ - _ma@%GoUQt!k{#YRilZ|?1B#8B^BSJ
03:37:14.046 [scala-execution-context-global-11] INFO  HelperUtils.Parameters$ - ]v'cu3AA?{kd$y{`,&TDN@o_+nq/%pXgP>'WwJV_!%1~mnY)
03:37:14.243 [scala-execution-context-global-11] INFO  HelperUtils.Parameters$ - D|[KjRv:|ddIo[?aXE+/U&tPsYuV$t{MkY
03:37:14.871 [scala-execution-context-global-11] INFO  HelperUtils.Parameters$ - aXo})fw!zG>uOp
03:37:14.996 [scala-execution-context-global-11] INFO  HelperUtils.Parameters$ - JaYwg,yw3a,XZ,t!aQ})D6`VA^=VtJ0*
03:37:15.012 [scala-execution-context-global-11] WARN  HelperUtils.Parameters$ - )S6mTY{L'LD2#3G(|9US+~+w8t28P8oYEHLntO,WqAa.)iqsZHMhlDx:
03:37:15.943 [scala-execution-context-global-11] INFO  HelperUtils.Parameters$ - TzHP{L}yiDNd$H%ag0cf3cg3af1U7mW6vD9gChAq\F.e@@[8x(I
03:37:16.309 [scala-execution-context-global-11] INFO  HelperUtils.Parameters$ - J,Oiv)5>J*SN>*AC+l12
03:37:17.072 [scala-execution-context-global-11] INFO  HelperUtils.Parameters$ - MPwQFGgZKV1)Fdkk6=Y#*_7Ro6~Y;TG89rokM`='
03:37:17.333 [scala-execution-context-global-11] INFO  HelperUtils.Parameters$ - Q\1>+kB8nlE!L7{J-J^`~d<T:OLk{o$/
03:37:17.996 [scala-execution-context-global-11] WARN  HelperUtils.Parameters$ - Y{^z[@iU,V&WsAF+G`>)1qlL!\iA%Tan5>JBX.&^><EzvkwF
03:37:18.741 [scala-execution-context-global-11] INFO  HelperUtils.Parameters$ - ,OhC`d-~T]n;?G
03:37:19.135 [scala-execution-context-global-11] WARN  HelperUtils.Parameters$ - nx[{nfJi5q<=$*~lD]wTh|)[="Y4V@~]]>?f
03:37:19.383 [scala-execution-context-global-11] WARN  HelperUtils.Parameters$ - c}8&SkA_tJJMm<X4y@*V#9'ghK;#CY<;BI*m
03:37:20.358 [scala-execution-context-global-11] INFO  HelperUtils.Parameters$ - WMf!>qYp#%hO
03:37:21.118 [scala-execution-context-global-11] INFO  HelperUtils.Parameters$ - <li!<D?r.7bfy)O{NuQ@}-oQEu:DO;\ug|2?a)!qq.R[1FM[tGQd3,agU-
03:37:21.211 [scala-execution-context-global-11] INFO  HelperUtils.Parameters$ - lPIRW'nuN%I4[n@ST(@lYOFOFK%xO+IVAZ"Zy#H5=rTjEk
03:37:21.624 [scala-execution-context-global-11] INFO  HelperUtils.Parameters$ - AZA?dI+ya%cf2P6gA5ncg0T6nbg3X7rN7ncg3O9qbe1cf2B5saf33$Cn<,ckd3
03:37:22.099 [scala-execution-context-global-11] INFO  HelperUtils.Parameters$ - jn#5Y8(qpdvbj.2mmP#h3M8%m+!!NOOr\^
03:37:22.226 [scala-execution-context-global-11] INFO  HelperUtils.Parameters$ - '7rUKd_]>'b-r,*6j`Fk+roY~X,qk{(#$5Pu9_13\z
03:37:22.571 [scala-execution-context-global-11] INFO  HelperUtils.Parameters$ - p;3&Uc$lO2S!GCl7n\(0+\uA1Y[1O5vudcb\D4hj
03:37:22.953 [scala-execution-context-global-11] INFO  HelperUtils.Parameters$ - G$5n[S%+|b7$mbx%APA[:@6yN!r6i`#M^/sNShAbo6y}E'
03:37:23.078 [scala-execution-context-global-11] WARN  HelperUtils.Parameters$ - ucc-@&sw]R-_gf=K^53}5}Z|
03:37:23.912 [scala-execution-context-global-11] WARN  HelperUtils.Parameters$ - BkV70n{Ui?-NLK:8<N1Ifd~g0<K'E|_6
03:37:24.398 [scala-execution-context-global-11] INFO  HelperUtils.Parameters$ - ^K^\O*HEa.<Or8X]9*zluz1ja{``$eq*p6=8wm
03:37:25.221 [scala-execution-context-global-11] INFO  HelperUtils.Parameters$ - %k:9G)<lmZ\mz+;>v.oi]F=B5fcg0K6tae1cg3ae1U8pK6oaf0V7fV5vF9pZ7nB8uYd>u$Z|Q&/GH^er/vxM?t7Q
03:37:25.354 [scala-execution-context-global-11] DEBUG HelperUtils.Parameters$ - #<kYD`rmyyWrMD.Un*[<Dtt[lY
03:37:26.221 [scala-execution-context-global-11] INFO  HelperUtils.Parameters$ - .'sk[K$"CX~#16Ve~bj2D7{cf2Z6uA8iH6mcf3ag0af0M8tH[Kqm+ZJNm1[j\Iru(C!+|`
03:37:26.223 [main] INFO  GenerateLogData$ - Log data generation has completed after generating 100 records.
