03:31:29.249 [main] INFO  GenerateLogData$ - Log data generator started...
03:31:29.442 [main] WARN  HelperUtils.Parameters$ - Max count 100 is used to create records instead of timeouts
03:31:29.926 [scala-execution-context-global-11] WARN  HelperUtils.Parameters$ - s%]s,+2k|D}K7b/XCwG&@7HDPR8z
03:31:30.929 [scala-execution-context-global-11] INFO  HelperUtils.Parameters$ - ;kNI&V%v<c#eSDK@lPY(
03:31:31.370 [scala-execution-context-global-11] INFO  HelperUtils.Parameters$ - l9]|92!uHUQ/IVcz~(;.Uz%K*5jTUd08
03:31:31.578 [scala-execution-context-global-11] INFO  HelperUtils.Parameters$ - G3sw7^U<^q^Cl!aMTDbNz<:$;?e<.0JD_'
03:31:32.095 [scala-execution-context-global-11] WARN  HelperUtils.Parameters$ - A><YFqpg+~"E1T
03:31:32.286 [scala-execution-context-global-11] DEBUG HelperUtils.Parameters$ - JrQB;P0"&+6;&Dk-
03:31:32.418 [scala-execution-context-global-11] INFO  HelperUtils.Parameters$ - OsI1`qAeU5H;\+
03:31:32.686 [scala-execution-context-global-11] INFO  HelperUtils.Parameters$ - [h!Q9PEY>L(NpKLBO"Gjo:=4kRXQ_tZ!
03:31:33.309 [scala-execution-context-global-11] INFO  HelperUtils.Parameters$ - B?y&C"C5rsb:2037;f&|vM#x?z|Ny|&<44Z8B&rF1#&M
03:31:33.372 [scala-execution-context-global-11] WARN  HelperUtils.Parameters$ - x2oBSI0/\%CdfV2%ChSsnZ7vJo=2qJqZ%."kbc!0ne`y&m
03:31:34.255 [scala-execution-context-global-11] ERROR HelperUtils.Parameters$ - ihu}!A2]*07}|,lc
03:31:35.176 [scala-execution-context-global-11] INFO  HelperUtils.Parameters$ - CC]>~R#,^#0JWyESarZdETDcvk)Yk'I?
03:31:35.715 [scala-execution-context-global-11] WARN  HelperUtils.Parameters$ - Swq;g+6M:?820=Gmd#.p)sFaqoKc^mm](.A8Z-4-].tp|cfR\~rc(m^{
03:31:35.804 [scala-execution-context-global-11] INFO  HelperUtils.Parameters$ - zXK=Fze%-6Iv-^q{zhG|EUzvd);tOj-:
03:31:36.046 [scala-execution-context-global-11] INFO  HelperUtils.Parameters$ - ^<A>61@{3[KEk@M/Xh-q%sco3Dkwq~
03:31:36.914 [scala-execution-context-global-11] WARN  HelperUtils.Parameters$ - Bv^B8Re'$VG)[P".g*?f<G\l5n.18B|i<E&rgPQZ;wBeA{4O/fy+Pp
03:31:37.918 [scala-execution-context-global-11] WARN  HelperUtils.Parameters$ - k1H+R#/%d0>Q>N:6\enT]U
03:31:37.941 [scala-execution-context-global-11] INFO  HelperUtils.Parameters$ - 8G;,3m_T`G#H]&Yh:Ei1%fp''5`ag3cg1ae3af1bg3af2%<Bqz8fMm#{JWqMdoc_2N/|wf8]
03:31:38.092 [scala-execution-context-global-11] DEBUG HelperUtils.Parameters$ - c)g$K&?,\#m!#>DEo=lmKn+o>c\K?$P?>d;:1jTuM"XYz5;>E8L/&urg
03:31:39.029 [scala-execution-context-global-11] WARN  HelperUtils.Parameters$ - ;713CrdEG2'gw@
03:31:39.663 [scala-execution-context-global-11] INFO  HelperUtils.Parameters$ - +8J&MIw*O7!5QQ\B>0_4ukZoX>@v!)kK\rh`(po.i#=f&+jd~]B?`_
03:31:40.339 [scala-execution-context-global-11] DEBUG HelperUtils.Parameters$ - 3ed4h_D,bu]}A>9z1SdKj_ie7yc6%bC6{7V4ETxYuJw#92?nz`
03:31:41.085 [scala-execution-context-global-11] INFO  HelperUtils.Parameters$ - pA/}N:>-='EM)jWX]xuTh1HK@FV.`,t1
03:31:41.281 [scala-execution-context-global-11] INFO  HelperUtils.Parameters$ - bjO_O'B|1H16KP
03:31:42.008 [scala-execution-context-global-11] INFO  HelperUtils.Parameters$ - O$@yKL_.7a+[7|OMxAnW*70\:Y:bf2P5wbe3K8gag27IErOGdQYw1xf1'_0*wH{h<`%Z&
03:31:42.060 [scala-execution-context-global-11] INFO  HelperUtils.Parameters$ - D]u*,l)/IdTSuw]H4Cc;I'd.c5OT}Q$!jq--}K1"SOs=s>@l
03:31:42.768 [scala-execution-context-global-11] WARN  HelperUtils.Parameters$ - C`E'[]"&8rlN;3q5x(cH6PR#
03:31:43.612 [scala-execution-context-global-11] INFO  HelperUtils.Parameters$ - wWkc%J*;32xIR(
03:31:43.688 [scala-execution-context-global-11] INFO  HelperUtils.Parameters$ - x?XD)~K?EF=d%Whg[#5B[E[v!5PXUe^F
03:31:43.972 [scala-execution-context-global-11] WARN  HelperUtils.Parameters$ - KOtTl%^2F9lbe0U5jcf0B6f$T-M%k%E
03:31:44.093 [scala-execution-context-global-11] ERROR HelperUtils.Parameters$ - Ko3JW6zEYeweo6.B=K'ALeTT^mCn
03:31:44.580 [scala-execution-context-global-11] WARN  HelperUtils.Parameters$ - rScd?'Zi?ics7]&!sZ?A'}LD
03:31:45.413 [scala-execution-context-global-11] WARN  HelperUtils.Parameters$ - BKv(qGy"@3#$j,@@!nW:c:U%UE;ILx>>N`Di42
03:31:45.760 [scala-execution-context-global-11] INFO  HelperUtils.Parameters$ - #eSVd}vou%a5<+};1?|U7f86~~Vdj0EsM!7e
03:31:45.819 [scala-execution-context-global-11] INFO  HelperUtils.Parameters$ - )\2_v/$|.O0<RKSGaG;5s`^+x-XcZR1H![#F+(0u<oh=W}-loO1hdJcsFO4@
03:31:46.539 [scala-execution-context-global-11] INFO  HelperUtils.Parameters$ - [M'E8u$Hou_%pys#nFxX<:Xb?R}/`<!l3hd0$MU_yB
03:31:47.507 [scala-execution-context-global-11] WARN  HelperUtils.Parameters$ - @tH.Z;o!c-#BXeBWLFm@
03:31:48.187 [scala-execution-context-global-11] WARN  HelperUtils.Parameters$ - 55#~d%pkQ2D4<R&Oq$(q
03:31:48.292 [scala-execution-context-global-11] DEBUG HelperUtils.Parameters$ - Jup.!{\+YB)@/*F3*17hXeGg-~m^!e
03:31:48.651 [scala-execution-context-global-11] INFO  HelperUtils.Parameters$ - ].k.U9?#x9eF
03:31:49.525 [scala-execution-context-global-11] WARN  HelperUtils.Parameters$ - #{*2/pX':2W5MLA$i]`#ox#NVb"@i%3Nh"Ujf*5=b5;?K2dLt)E:6%3om#
03:31:50.510 [scala-execution-context-global-11] INFO  HelperUtils.Parameters$ - .EkQl6Z%yl)QhPdH42k/i#(s&?aXDh}8\W.y#v<LKPIhnw
03:31:51.360 [scala-execution-context-global-11] INFO  HelperUtils.Parameters$ - QhYS5BVSTw:A|L4='/
03:31:52.319 [scala-execution-context-global-11] INFO  HelperUtils.Parameters$ - }tYN@1H_Um`]J}S%y.e*>#ygtJ2JzIt"fvD9:o<~9>BM-DTjm<l0mK
03:31:52.555 [scala-execution-context-global-11] DEBUG HelperUtils.Parameters$ - Gy2QmN]U8>JxgB'd
03:31:53.057 [scala-execution-context-global-11] WARN  HelperUtils.Parameters$ - )W#3(9y-x*#M3W5Cq=_d:4N"Uc%JH=+U6!;,L<0w5'`tOE1(+'h>zT=+
03:31:53.322 [scala-execution-context-global-11] INFO  HelperUtils.Parameters$ - \hLNlwU(tmVM&,aKeZWn
03:31:54.029 [scala-execution-context-global-11] INFO  HelperUtils.Parameters$ - xOY#Y$2t%,:W'7
03:31:54.933 [scala-execution-context-global-11] INFO  HelperUtils.Parameters$ - 6DFxa}oM41N&A$i-DT#:z_igHgL\El
03:31:55.420 [scala-execution-context-global-11] INFO  HelperUtils.Parameters$ - ]VG|`QHfT1t!lrye:(oJ,wSz/?G;`tqPhIB,,)Fr,a<QysOR30of
03:31:55.686 [scala-execution-context-global-11] INFO  HelperUtils.Parameters$ - `yU#0~~C~*r6mVOrp\v:3pJQiu/\+D.`
03:31:56.625 [scala-execution-context-global-11] INFO  HelperUtils.Parameters$ - kT8sIlgF"8`!z'Ij6Qc;%\
03:31:57.428 [scala-execution-context-global-11] INFO  HelperUtils.Parameters$ - oY.g%ofx)+DboY6.KziGL'M>/LxyruJ2AJF][f3><~,+/A
03:31:57.904 [scala-execution-context-global-11] INFO  HelperUtils.Parameters$ - _Pm(Oay$_9y!c1
03:31:58.540 [scala-execution-context-global-11] WARN  HelperUtils.Parameters$ - q(=gyRt#.vuHlg(y~x^M6lbf1K6laf0X5qR7oae2ae2F7pbe1ae0cf1kZ[;1Pm1\]bA$ijyOUC
03:31:58.946 [scala-execution-context-global-11] WARN  HelperUtils.Parameters$ - ;u{[Ia_C;5l-!KdesQ96+QrAy/3}>"/X^ZQjAE
03:31:59.775 [scala-execution-context-global-11] INFO  HelperUtils.Parameters$ - 'GvD=jyYX#w(LqV^0XYR3V$0wY8k.w
03:32:00.100 [scala-execution-context-global-11] INFO  HelperUtils.Parameters$ - <.[7e4=KhCS*KpM{chd7r[`9Tx?'Jhs,eSLG<"3<e^
03:32:00.263 [scala-execution-context-global-11] WARN  HelperUtils.Parameters$ - mdE|V{pfjmTzpOz,8(\P9mae0L8gJ5gN5jcf1%f*EHOuW=w)`j*@@}%Z
03:32:01.251 [scala-execution-context-global-11] WARN  HelperUtils.Parameters$ - _*y,xdk_M`%wT?9i.Agb.kZ1gnD!!18D
03:32:01.761 [scala-execution-context-global-11] INFO  HelperUtils.Parameters$ - #N_a]cYi%rYo.8(eud
03:32:02.354 [scala-execution-context-global-11] INFO  HelperUtils.Parameters$ - (|@,x\]dmY<81t]1!`/qzm}W@`cNPd2f
03:32:02.662 [scala-execution-context-global-11] INFO  HelperUtils.Parameters$ - 7eSC"0Z*S-$dd9fPT]1l7`o=.CHR->s^hp{hzE
03:32:03.519 [scala-execution-context-global-11] DEBUG HelperUtils.Parameters$ - Mg5*@P4Kcl$/R/G!,&[mq`y2o"$w/K3h".@1~D-Bf8i(g0P\b}K'7i5%
03:32:04.149 [scala-execution-context-global-11] INFO  HelperUtils.Parameters$ - Bph\_|U#=4z?0yR8K9UpwyNsw#|y6/%d14>UCTC"RU
03:32:04.234 [scala-execution-context-global-11] INFO  HelperUtils.Parameters$ - >}q<m<K})1py<\yJeZMCb!SpPlN~TlEB|mcv}$Yk`-U>cN]/RIeHm8
03:32:04.623 [scala-execution-context-global-11] INFO  HelperUtils.Parameters$ - 8jL\{6!@*H1w8|{OS1RxYft,z^n!qwB<visj-~\v0h[_wF
03:32:05.250 [scala-execution-context-global-11] INFO  HelperUtils.Parameters$ - h8O:ZyT~/6;dwVwx
03:32:06.240 [scala-execution-context-global-11] INFO  HelperUtils.Parameters$ - gc}%@\/-V7|CuGLN*W]Kebo^4Zse)Zf0
03:32:06.786 [scala-execution-context-global-11] INFO  HelperUtils.Parameters$ - /`S5f0a~-?uay-YjyFqcc3BPkw?.{jN|SD-b9okb.->{_]'Ue'[^>GS|
03:32:07.375 [scala-execution-context-global-11] WARN  HelperUtils.Parameters$ - G7;@y];H[5l)4";[Fr+0?72M1uUb:a
03:32:08.114 [scala-execution-context-global-11] INFO  HelperUtils.Parameters$ - {bRv|+Eg)G"b
03:32:09.006 [scala-execution-context-global-11] WARN  HelperUtils.Parameters$ - "7`~25x78B2J;5dp%w
03:32:09.961 [scala-execution-context-global-11] INFO  HelperUtils.Parameters$ - s|rie?7DbtW];e\O
03:32:10.242 [scala-execution-context-global-11] INFO  HelperUtils.Parameters$ - 0giy@@0"+aW)EakPxQ+#75D$f%m_=Ys,k[yXSxL4NlHVruhAjcYX2Y
03:32:11.127 [scala-execution-context-global-11] INFO  HelperUtils.Parameters$ - 8Hgv^(pvP-|(U.Eiqq/8HLeF_HG6Zd$etO8po2Re_Tf~)lq(:,]|+L5v#2
03:32:11.228 [scala-execution-context-global-11] INFO  HelperUtils.Parameters$ - LFy@~,/P3i95lX
03:32:11.577 [scala-execution-context-global-11] WARN  HelperUtils.Parameters$ - L^v>=zm8nn{7-!F4Q;!.L>X"CruF]Y9B[?Cv;g%"@B
03:32:12.574 [scala-execution-context-global-11] INFO  HelperUtils.Parameters$ - bjy?um]+q&>-0ohR/hPVOo;.j*xEy\Eg*cC_
03:32:13.100 [scala-execution-context-global-11] INFO  HelperUtils.Parameters$ - FZ5we(_G9G!.|]B3],J@FS
03:32:13.693 [scala-execution-context-global-11] INFO  HelperUtils.Parameters$ - wS^KzDTn0](#LX*_
03:32:14.184 [scala-execution-context-global-11] INFO  HelperUtils.Parameters$ - ?Wkh'jJ`-(gqbxpf}Y*>f<5wKEf5#T$N_\k:Mqt}-z
03:32:15.067 [scala-execution-context-global-11] WARN  HelperUtils.Parameters$ - :ke6]DN%S*L~i<FR
03:32:16.069 [scala-execution-context-global-11] INFO  HelperUtils.Parameters$ - "Qm0U|mz2IQ?-=
03:32:16.555 [scala-execution-context-global-11] WARN  HelperUtils.Parameters$ - 4*fnd1746bGUFmuVPdi|4)E>~a=-nB",7:N[Ye+PGFYAlK9/=V.1Jw
03:32:17.161 [scala-execution-context-global-11] WARN  HelperUtils.Parameters$ - <8jMw|pNm#fVsz|^vWD7<m|P@\c`8Kd3[1l7l(|kH^-.Ef4`=y.{
03:32:17.614 [scala-execution-context-global-11] INFO  HelperUtils.Parameters$ - o!LUNm`+^ut<{/J&;y,93"-v!X3xI9LnHs_-"h46?QaL9??I2}|x*dl;
03:32:17.861 [scala-execution-context-global-11] INFO  HelperUtils.Parameters$ - QQTH#zzq#+n^yZ%-n_zKm_Qme{dJvG
03:32:18.270 [scala-execution-context-global-11] INFO  HelperUtils.Parameters$ - @393*n|-OR0g\;#%\_l}AG8["GnoSv=sBl'Vr9rSpI
03:32:18.862 [scala-execution-context-global-11] INFO  HelperUtils.Parameters$ - 4o$*kz7;rCH850MEnh/F%~#/"YTohA~APq:4C,vbjU:`=4jJVFD0
03:32:19.701 [scala-execution-context-global-11] INFO  HelperUtils.Parameters$ - 4S6ZY'[@3hC-oHQ!K`w1_<t?PbB\=q
03:32:20.149 [scala-execution-context-global-11] INFO  HelperUtils.Parameters$ - #qx$3.$hC$Z<g>d.MO5o"0;&"!#@KD*"8o--e~
03:32:20.767 [scala-execution-context-global-11] INFO  HelperUtils.Parameters$ - 8'6[Rb(4jc$>I&}zjOH%_\8\=)\]VR
03:32:20.792 [scala-execution-context-global-11] INFO  HelperUtils.Parameters$ - _cM{$06VS9St!-O|,ABUen=P
03:32:21.439 [scala-execution-context-global-11] WARN  HelperUtils.Parameters$ - GI]48R=C/F,[~qoC!n
03:32:22.341 [scala-execution-context-global-11] WARN  HelperUtils.Parameters$ - G7YD8tROBs'*YY"WnF.M@HuIGP6vcf2bf0ce1V6rm)xKWLkZ5/D.QX9?cXQA/9@?H
03:32:22.357 [scala-execution-context-global-11] INFO  HelperUtils.Parameters$ - _]~BW5@u;:IkuDkDP<b@xUD+HZYzLeqSn7H]kK
03:32:23.153 [scala-execution-context-global-11] INFO  HelperUtils.Parameters$ - =UEyVr|HWwFd((}q
03:32:23.471 [scala-execution-context-global-11] DEBUG HelperUtils.Parameters$ - DTgM8{V|G/;IH47yH"=@]%f{@)
03:32:24.119 [scala-execution-context-global-11] INFO  HelperUtils.Parameters$ - 3vC]FQ[=\f4bVO6cXbPHR*tS6??"_G2k)X7E~K8Zrky,
03:32:24.120 [main] INFO  GenerateLogData$ - Log data generation has completed after generating 100 records.
