03:35:40.712 [main] INFO  GenerateLogData$ - Log data generator started...
03:35:40.906 [scala-execution-context-global-11] WARN  HelperUtils.Parameters$ - Max count 100 is used to create records instead of timeouts
03:35:41.839 [scala-execution-context-global-11] WARN  HelperUtils.Parameters$ - s%]s,+2k|D}K7b/XCwG&@7HDPR8z
03:35:41.999 [scala-execution-context-global-11] INFO  HelperUtils.Parameters$ - ;kNI&V%v<c#eSDK@lPY(
03:35:42.270 [scala-execution-context-global-11] INFO  HelperUtils.Parameters$ - l9]|92!uHUQ/IVcz~(;.Uz%K*5jTUd08
03:35:43.162 [scala-execution-context-global-11] INFO  HelperUtils.Parameters$ - G3sw7^U<^q^Cl!aMTDbNz<:$;?e<.0JD_'
03:35:44.057 [scala-execution-context-global-11] WARN  HelperUtils.Parameters$ - A><YFqpg+~"E1T
03:35:44.500 [scala-execution-context-global-11] DEBUG HelperUtils.Parameters$ - JrQB;P0"&+6;&Dk-
03:35:45.149 [scala-execution-context-global-11] INFO  HelperUtils.Parameters$ - OsI1`qAeU5H;\+
03:35:45.191 [scala-execution-context-global-11] INFO  HelperUtils.Parameters$ - [h!Q9PEY>L(NpKLBO"Gjo:=4kRXQ_tZ!
03:35:45.726 [scala-execution-context-global-11] INFO  HelperUtils.Parameters$ - B?y&C"C5rsb:2037;f&|vM#x?z|Ny|&<44Z8B&rF1#&M
03:35:46.708 [scala-execution-context-global-11] WARN  HelperUtils.Parameters$ - x2oBSI0/\%CdfV2%ChSsnZ7vJo=2qJqZ%."kbc!0ne`y&m
03:35:47.510 [scala-execution-context-global-11] ERROR HelperUtils.Parameters$ - ihu}!A2]*07}|,lc
03:35:47.597 [scala-execution-context-global-11] INFO  HelperUtils.Parameters$ - CC]>~R#,^#0JWyESarZdETDcvk)Yk'I?
03:35:48.568 [scala-execution-context-global-11] WARN  HelperUtils.Parameters$ - Swq;g+6M:?820=Gmd#.p)sFaqoKc^mm](.A8Z-4-].tp|cfR\~rc(m^{
03:35:48.641 [scala-execution-context-global-11] INFO  HelperUtils.Parameters$ - zXK=Fze%-6Iv-^q{zhG|EUzvd);tOj-:
03:35:49.258 [scala-execution-context-global-11] INFO  HelperUtils.Parameters$ - ^<A>61@{3[KEk@M/Xh-q%sco3Dkwq~
03:35:49.511 [scala-execution-context-global-11] WARN  HelperUtils.Parameters$ - Bv^B8Re'$VG)[P".g*?f<G\l5n.18B|i<E&rgPQZ;wBeA{4O/fy+Pp
03:35:50.310 [scala-execution-context-global-11] WARN  HelperUtils.Parameters$ - k1H+R#/%d0>Q>N:6\enT]U
03:35:51.166 [scala-execution-context-global-11] INFO  HelperUtils.Parameters$ - 8G;,3m_T`G#H]&Yh:Ei1%fp''5`bg3ag1Z8rT9lB7m%<Bqz8fMm#{JWqMdoc_2N/|wf8]
03:35:51.236 [scala-execution-context-global-11] DEBUG HelperUtils.Parameters$ - %<?p/QfX{*HXu&02*~Z!
03:35:51.588 [scala-execution-context-global-11] WARN  HelperUtils.Parameters$ - pt~t=<qtrkM#ox'Wqxp*uNJwihTtH9><a_\xrYUQbjEN{|)6O-
03:35:52.329 [scala-execution-context-global-11] INFO  HelperUtils.Parameters$ - yS&+`&>wJ:^#E"Wb^*{R'W`OzKtt`#mCjh,r=z%gmf
03:35:52.380 [scala-execution-context-global-11] DEBUG HelperUtils.Parameters$ - p5err!DleV(?.gyP#sfN[:
03:35:52.828 [scala-execution-context-global-11] INFO  HelperUtils.Parameters$ - XGHsdEWp&">\)S`QV9l.;`C5uwC;dQ}M
03:35:53.426 [scala-execution-context-global-11] INFO  HelperUtils.Parameters$ - %QhjBJ8+7h6"GUNoxg^Ge9GdkY5|Leup
03:35:54.161 [scala-execution-context-global-11] INFO  HelperUtils.Parameters$ - C|Bnt-NHlWA$OcPRX@9s+GgC-FdC0FoC'ZF5(S
03:35:54.618 [scala-execution-context-global-11] INFO  HelperUtils.Parameters$ - ^2EBBgZcD`DSwX}an7rgOB,I7GpbY(w'^5~u4#)]lYv/5:eu6Q
03:35:55.574 [scala-execution-context-global-11] WARN  HelperUtils.Parameters$ - RxY/`J(D,_w.Z2^G{#dgsX$7@WU&;+1|!&zl1Y_w%;^~0G|l@w}p54oE
03:35:55.850 [scala-execution-context-global-11] INFO  HelperUtils.Parameters$ - .(Zrf*K)w9Ep/w=<H/k9i=O_!)ZPs~D_O2%,%l*MnY
03:35:56.237 [scala-execution-context-global-11] INFO  HelperUtils.Parameters$ - AV>o306%I?gG{=_QUz[APhpg7%G_hI*mO:@ueDtm
03:35:57.010 [scala-execution-context-global-11] WARN  HelperUtils.Parameters$ - :Gh?v"M\cBfO~@K>aKqA;CG?Q+U1%U,YPz%YyE]U9.Pvjf}l
03:35:57.250 [scala-execution-context-global-11] ERROR HelperUtils.Parameters$ - zl2O9RcrAt#4z{u$]K@GcDR:KF:;P,:RhWAF:PNVlR+?N;i4:-&]wqv>
03:35:58.005 [scala-execution-context-global-11] WARN  HelperUtils.Parameters$ - dY>@5+0;2%PaaLPSUnrsfq
03:35:58.599 [scala-execution-context-global-11] WARN  HelperUtils.Parameters$ - Ph~lQt<kx1:vXh<SJx.rQaro<BS-!OXL}}Jc~R!|3g^t{$I]ymyX,mkE
03:35:59.432 [scala-execution-context-global-11] INFO  HelperUtils.Parameters$ - 1P18^Z&}+,D\?U\?s$y=_6MYfk_O58w__)GSiw;m[R'$e8xvBY%m0c51
03:35:59.869 [scala-execution-context-global-11] INFO  HelperUtils.Parameters$ - Vw'eiQS0Y~T2}{,FFf20zl+Uo{Vg!&eDW!a,v2kw_6'"y|G.f{fD>]_k>U
03:36:00.653 [scala-execution-context-global-11] INFO  HelperUtils.Parameters$ - fzJ8,ema5~R=j+g5xD^7dfEuM:3B7nag1bf2H6sbg2nunjkm$J0$Vx$&e"]PrpTW9Q"RF
03:36:00.786 [scala-execution-context-global-11] WARN  HelperUtils.Parameters$ - MnO/-;@b&HRI:Ez.vA^Jw'rD4e%D>gbx.vYhWc/a"P*A'0EN@r
03:36:01.749 [scala-execution-context-global-11] WARN  HelperUtils.Parameters$ - b`}-?gf0<"NMy>j?~ThKE$Bejcx$BV'2KR?QyLf{[oc#.@2:uptl'>N%&{`i
03:36:02.660 [scala-execution-context-global-11] DEBUG HelperUtils.Parameters$ - |vYg3Jc3d~KNU(#U}>?=M^9qV]02~E5YQbzI{$Q*
03:36:03.089 [scala-execution-context-global-11] INFO  HelperUtils.Parameters$ - *~Dha`Y`e2L8M4A!VcZ'
03:36:03.182 [scala-execution-context-global-11] WARN  HelperUtils.Parameters$ - Pvcmmcj;.M*VH/!cJU[}lc<b1"p7k-[WIq(ckeK3Q3JJ
03:36:03.748 [scala-execution-context-global-11] INFO  HelperUtils.Parameters$ - 1lfO3<Dj)2n5an%\fm
03:36:03.880 [scala-execution-context-global-11] INFO  HelperUtils.Parameters$ - zt{(u=)o[$.TtW}v{/Z~.3KKS@AYuY'qqb
03:36:04.480 [scala-execution-context-global-11] INFO  HelperUtils.Parameters$ - 1lc2d%z%ETIC4'dEls&K$U
03:36:05.289 [scala-execution-context-global-11] DEBUG HelperUtils.Parameters$ - H;~TbxO"|J!hTvyl5-Z/Yz3T}zG[yaX3~Q9|xiu"mT
03:36:05.332 [scala-execution-context-global-11] WARN  HelperUtils.Parameters$ - IF0U)J?%/Fw=(`0d_^,E9O
03:36:05.403 [scala-execution-context-global-11] INFO  HelperUtils.Parameters$ - 3zO7EfaG$Ra6-0?1AD,Tbo>WjS/7L/o`d!_v.iy<[epp,;E0b3Z#31LBZp
03:36:05.748 [scala-execution-context-global-11] INFO  HelperUtils.Parameters$ - `B4`%'~fETg<qiD7fbg0ag0ag3af1ce1D6pO6vcg2cg2cg1cg0@M]EcLt/iTxVDT
03:36:06.569 [scala-execution-context-global-11] INFO  HelperUtils.Parameters$ - Vu26\g:z%pX3+RkA|H.l]upe6^i7Bgy+Ul."{|||sp'/~.%%1'
03:36:07.216 [scala-execution-context-global-11] INFO  HelperUtils.Parameters$ - m_~[!Y2$T&KUX=
03:36:07.539 [scala-execution-context-global-11] INFO  HelperUtils.Parameters$ - oAdm3v%xMPW,PyEjx.YS)vT:Jci6_]'U.]&hF0r_*!e{qN;G5-Zv
03:36:08.423 [scala-execution-context-global-11] INFO  HelperUtils.Parameters$ - +r%-v\ZihMr#9FiTMjI:GJ|IgwrZ9^c#|&C\M9Wc
03:36:09.234 [scala-execution-context-global-11] INFO  HelperUtils.Parameters$ - o2\MMftK3)D"+Cm9[wmDifP-
03:36:09.358 [scala-execution-context-global-11] INFO  HelperUtils.Parameters$ - qir3u4aR+$mC^\[P.~x^)E81hNj]TIYu@NZ:@QQ?bmMchPHFJPYqf+2`
03:36:09.693 [scala-execution-context-global-11] WARN  HelperUtils.Parameters$ - $>@8qf\`Eouoh+;G\E&F(JuewDf/qS(~"n[e:;BrZog)
03:36:10.231 [scala-execution-context-global-11] WARN  HelperUtils.Parameters$ - t$,m50i)"k9+*[)wUp)1[Bs6"(CV/W>O_!jkuT
03:36:10.364 [scala-execution-context-global-11] INFO  HelperUtils.Parameters$ - CJO4z[2|7Xi{i`g8{<-t+`n]y_'}0Ad[(o
03:36:11.069 [scala-execution-context-global-11] INFO  HelperUtils.Parameters$ - 7&+Sl|rB~>$.;J-EXwxMv>?sAy+[++ov:.q-QcA.
03:36:11.357 [scala-execution-context-global-11] WARN  HelperUtils.Parameters$ - w|bIz&YZ6tJ5lcf0bf3Y8pt~'u{Fa
03:36:12.048 [scala-execution-context-global-11] WARN  HelperUtils.Parameters$ - An[Dfbx:{P!2g8
03:36:12.264 [scala-execution-context-global-11] INFO  HelperUtils.Parameters$ - +uJHMT=WFh<0u>?s]K\{R4(%ZL:tk'
03:36:12.836 [scala-execution-context-global-11] INFO  HelperUtils.Parameters$ - ;G\qo%|;G{-9*VPC:K'6pD%7~)X;Pn4:N:
03:36:13.682 [scala-execution-context-global-11] INFO  HelperUtils.Parameters$ - D;"Q6HU?o4<qWg,\?D[v\&Y'
03:36:14.537 [scala-execution-context-global-11] DEBUG HelperUtils.Parameters$ - Al&l+O'1VEnBtOF^.,iU`.ktDRgcJBeepXfsx`{Wb^cD
03:36:14.925 [scala-execution-context-global-11] INFO  HelperUtils.Parameters$ - >'tPRg7bD~I5Pg]@y{fz$v??&k[/w<i/V<Iv
03:36:15.404 [scala-execution-context-global-11] INFO  HelperUtils.Parameters$ - GRq1$Wu^"pY(y+:+;DPb'lD8wae1cf0K9ncf3ce2S9hZ6tH6pW5p"H+AaX3zXQ@|w11Hrvnn=Y
03:36:15.468 [scala-execution-context-global-11] INFO  HelperUtils.Parameters$ - R+b#+%KLh<E@,b{(ks'.z25~w{CCJ)ZI
03:36:15.541 [scala-execution-context-global-11] INFO  HelperUtils.Parameters$ - q]G^["0]ls3v*=[F~Wk[@-l/'Hr=y1twI4}+~h-#
03:36:15.869 [scala-execution-context-global-11] INFO  HelperUtils.Parameters$ - "O#jmv#,_LJ2&kB~dU&N_lyH+H/.:`.]1J
03:36:16.098 [scala-execution-context-global-11] INFO  HelperUtils.Parameters$ - dQTY.pv37{x$_2+1V+eNZ\~-'}fkR8vcf1G8raf0ae3T8j^*o7;)2MNu`'PHSZM,U{_Wd2S57#
03:36:16.145 [scala-execution-context-global-11] WARN  HelperUtils.Parameters$ - XFq(]~6AOqwG*IURpo0a7-4V
03:36:16.359 [scala-execution-context-global-11] INFO  HelperUtils.Parameters$ - #+EOelVB2C`!zf9@(.Y2PGXryjf?n(=Qc-O8K(
03:36:17.353 [scala-execution-context-global-11] WARN  HelperUtils.Parameters$ - k}O5(C:K8.Tcc&j6>nEBg"^xi)Oq(R
03:36:17.515 [scala-execution-context-global-11] INFO  HelperUtils.Parameters$ - 6<-<Ad[xc_z5.}[l(afDbYr'MXI3low(
03:36:17.920 [scala-execution-context-global-11] INFO  HelperUtils.Parameters$ - 1;"qQ`>Qa/AY>n9W3L<J]$1aAg&VOB>N*JOb;mE=~U;8sdj<Fh
03:36:17.950 [scala-execution-context-global-11] INFO  HelperUtils.Parameters$ - :*U7!zUg\2Xa'&n_*hii5d
03:36:18.218 [scala-execution-context-global-11] INFO  HelperUtils.Parameters$ - _pTkiRz4~ecY!|fDWQay6cZ|DociR{6i.mNZJ;O#'a3a&hA_[R
03:36:18.389 [scala-execution-context-global-11] WARN  HelperUtils.Parameters$ - {mzi?kE6(>w1`T!K%Zt)Gi
03:36:18.474 [scala-execution-context-global-11] INFO  HelperUtils.Parameters$ - Fgs;KZ6]AVZ[(aZt?nUD0?Uz]+a,NF99
03:36:18.759 [scala-execution-context-global-11] INFO  HelperUtils.Parameters$ - #=|{,O]ZU)PX4INf$@`lDoeI[-V,u0>o$<bfE*
03:36:19.047 [scala-execution-context-global-11] INFO  HelperUtils.Parameters$ - (1AHmr:6{{Et]|H`SM}[QoMu78hJWsk@S>1MiO<MBlNEpE
03:36:19.106 [scala-execution-context-global-11] INFO  HelperUtils.Parameters$ - $e,"u"aJ0^Eah(G>RTG^%&4Dp9o\\Fa@|0M=oJyra2fI
03:36:19.297 [scala-execution-context-global-11] WARN  HelperUtils.Parameters$ - 35fI0;rt$<m4J9n{^#E1N}/"c%bT>:>)7[N`@j1Ff(\^M/Cj
03:36:19.634 [scala-execution-context-global-11] INFO  HelperUtils.Parameters$ - A}z=l@,su*2mhzb!ouF#)i+r|b,TF3*JB:|QGq/\n`'=<CI9sv"D1X.D2p
03:36:20.210 [scala-execution-context-global-11] WARN  HelperUtils.Parameters$ - dGbxoZ%RV*2/t/}j?HfQ]3z0,uZk=7/%Y%(bNVeI<(|u>hb*zwIhkV^(
03:36:20.449 [scala-execution-context-global-11] WARN  HelperUtils.Parameters$ - s%J/=`??xD3@We-?8r$**6i~kUo#/_=CZ?
03:36:21.432 [scala-execution-context-global-11] INFO  HelperUtils.Parameters$ - K#^d6V)zD|m[t!;YAZsqyyG:Sy-`Im!MQc.{
03:36:22.186 [scala-execution-context-global-11] INFO  HelperUtils.Parameters$ - y#=]6qG/lx/[;A7#B<-j;\h6QiPC*GOD
03:36:22.638 [scala-execution-context-global-11] INFO  HelperUtils.Parameters$ - u[Rpkh^~k2/D$4}gmk[)C\V}ptsuygq&V3OAV9%YEZp$Re>?m2B`Lv>![w0U
03:36:22.815 [scala-execution-context-global-11] INFO  HelperUtils.Parameters$ - ?}K__e-~[`Bn9)U:Mq/ing~mV-1!s$/&v&`W6#!O{4OUQ$s=b:=GLdz8wsRr
03:36:23.373 [scala-execution-context-global-11] INFO  HelperUtils.Parameters$ - ^14{`$m0~m&%VO'@X3\F(tT#{j,}9^_H-Qp$BBZ!u[
03:36:24.312 [scala-execution-context-global-11] INFO  HelperUtils.Parameters$ - l.F\LHt3v'oMdfi8wg[5>^r%Xfr@q,B%)uy%S(7;pi}d
03:36:24.431 [scala-execution-context-global-11] INFO  HelperUtils.Parameters$ - p@U3C0CNJ:~Rnp!P(o5i|N
03:36:24.563 [scala-execution-context-global-11] INFO  HelperUtils.Parameters$ - ky_fH`KZb>hQ0%5~9+3L_!
03:36:25.496 [scala-execution-context-global-11] WARN  HelperUtils.Parameters$ - m&.$YGjDy(w#>b`-20U04H_d
03:36:26.357 [scala-execution-context-global-11] WARN  HelperUtils.Parameters$ - L9HvKjjxB/"Gqu%@utf4QqGR=-\*>w5,Wq]pjzR\D!6G%%CLZ9
03:36:26.651 [scala-execution-context-global-11] INFO  HelperUtils.Parameters$ - r^C%*C|*Aymc]5>EFQ;pg^X:S?\q$!Eg"KKd{4ZM2_*y{fAM:ga83baTM"
03:36:27.635 [scala-execution-context-global-11] INFO  HelperUtils.Parameters$ - (b>L%Leh[*{u,~bw:L0W"i
03:36:28.521 [scala-execution-context-global-11] DEBUG HelperUtils.Parameters$ - +5lecHVsXv6l_,1s))<xO"|n@^,s|!6`M!Gkr1H`v!Uqx=[p}v
03:36:29.375 [scala-execution-context-global-11] INFO  HelperUtils.Parameters$ - ,stLx(nX!+Y8jK5qbg0be1bf3:4zjKD6XFb
03:36:29.375 [main] INFO  GenerateLogData$ - Log data generation has completed after generating 100 records.
